
  .   ____          _            __ _ _
 /\\ / ___'_ __ _ _(_)_ __  __ _ \ \ \ \
( ( )\___ | '_ | '_| | '_ \/ _` | \ \ \ \
 \\/  ___)| |_)| | | | | || (_| |  ) ) ) )
  '  |____| .__|_| |_|_| |_\__, | / / / /
 =========|_|==============|___/=/_/_/_/

 :: Spring Boot ::                (v3.4.1)

2026-04-20T01:31:23.485+08:00  INFO 11257 --- [config-server] [           main] e.c.c.ConfigServerApplication            : Starting ConfigServerApplication v0.0.1-SNAPSHOT using Java 25.0.1 with PID 11257 (/Users/fanjinchen/工程实践/Movies/Movies/config-server/target/config-server-0.0.1-SNAPSHOT.jar started by fanjinchen in /Users/fanjinchen/工程实践/Movies)
2026-04-20T01:31:23.486+08:00  INFO 11257 --- [config-server] [           main] e.c.c.ConfigServerApplication            : The following 1 profile is active: "native"
2026-04-20T01:31:23.925+08:00  INFO 11257 --- [config-server] [           main] o.s.cloud.context.scope.GenericScope     : BeanFactory id=5777d249-56fe-3dc9-91b8-c071ca004bbe
WARNING: A restricted method in java.lang.System has been called
WARNING: java.lang.System::load has been called by org.apache.tomcat.jni.Library in an unnamed module (jar:nested:/Users/fanjinchen/工程实践/Movies/Movies/config-server/target/config-server-0.0.1-SNAPSHOT.jar/!BOOT-INF/lib/tomcat-embed-core-10.1.34.jar!/)
WARNING: Use --enable-native-access=ALL-UNNAMED to avoid a warning for callers in this module
WARNING: Restricted methods will be blocked in a future release unless native access is enabled

2026-04-20T01:31:24.057+08:00  INFO 11257 --- [config-server] [           main] o.s.b.w.embedded.tomcat.TomcatWebServer  : Tomcat initialized with port 8888 (http)
2026-04-20T01:31:24.066+08:00  INFO 11257 --- [config-server] [           main] o.apache.catalina.core.StandardService   : Starting service [Tomcat]
2026-04-20T01:31:24.067+08:00  INFO 11257 --- [config-server] [           main] o.apache.catalina.core.StandardEngine    : Starting Servlet engine: [Apache Tomcat/10.1.34]
2026-04-20T01:31:24.079+08:00  INFO 11257 --- [config-server] [           main] o.a.c.c.C.[Tomcat].[localhost].[/]       : Initializing Spring embedded WebApplicationContext
2026-04-20T01:31:24.079+08:00  INFO 11257 --- [config-server] [           main] w.s.c.ServletWebServerApplicationContext : Root WebApplicationContext: initialization completed in 577 ms
2026-04-20T01:31:24.482+08:00  INFO 11257 --- [config-server] [           main] o.s.b.a.e.web.EndpointLinksResolver      : Exposing 16 endpoints beneath base path '/actuator'
2026-04-20T01:31:24.513+08:00  INFO 11257 --- [config-server] [           main] o.s.b.w.embedded.tomcat.TomcatWebServer  : Tomcat started on port 8888 (http) with context path '/'
2026-04-20T01:31:24.528+08:00  INFO 11257 --- [config-server] [           main] e.c.c.ConfigServerApplication            : Started ConfigServerApplication in 1.25 seconds (process running for 1.503)
2026-04-20T01:31:26.019+08:00  INFO 11257 --- [config-server] [nio-8888-exec-1] o.a.c.c.C.[Tomcat].[localhost].[/]       : Initializing Spring DispatcherServlet 'dispatcherServlet'
2026-04-20T01:31:26.019+08:00  INFO 11257 --- [config-server] [nio-8888-exec-1] o.s.web.servlet.DispatcherServlet        : Initializing Servlet 'dispatcherServlet'
2026-04-20T01:31:26.020+08:00  INFO 11257 --- [config-server] [nio-8888-exec-1] o.s.web.servlet.DispatcherServlet        : Completed initialization in 1 ms
2026-04-20T02:23:17.569+08:00  INFO 11257 --- [config-server] [ionShutdownHook] o.s.b.w.e.tomcat.GracefulShutdown        : Commencing graceful shutdown. Waiting for active requests to complete
2026-04-20T02:23:17.575+08:00  INFO 11257 --- [config-server] [tomcat-shutdown] o.s.b.w.e.tomcat.GracefulShutdown        : Graceful shutdown complete
