Standard Commons Logging discovery in action with spring-jcl: please remove commons-logging.jar from classpath in order to avoid potential conflicts

  .   ____          _            __ _ _
 /\\ / ___'_ __ _ _(_)_ __  __ _ \ \ \ \
( ( )\___ | '_ | '_| | '_ \/ _` | \ \ \ \
 \\/  ___)| |_)| | | | | || (_| |  ) ) ) )
  '  |____| .__|_| |_|_| |_\__, | / / / /
 =========|_|==============|___/=/_/_/_/

 :: Spring Boot ::                (v3.4.1)

2026-04-23T14:36:05.574+08:00  INFO 34289 --- [eureka-server] [           main] e.c.e.EurekaServerApplication            : Starting EurekaServerApplication v0.0.1-SNAPSHOT using Java 25.0.1 with PID 34289 (/Users/fanjinchen/工程实践/Movies/eureka-server/target/eureka-server-0.0.1-SNAPSHOT.jar started by fanjinchen in /Users/fanjinchen/工程实践/Movies)
2026-04-23T14:36:05.575+08:00  INFO 34289 --- [eureka-server] [           main] e.c.e.EurekaServerApplication            : No active profile set, falling back to 1 default profile: "default"
2026-04-23T14:36:06.024+08:00  INFO 34289 --- [eureka-server] [           main] o.s.cloud.context.scope.GenericScope     : BeanFactory id=6686b3d2-de92-38fe-8a3e-732c656658f0
WARNING: A restricted method in java.lang.System has been called
WARNING: java.lang.System::load has been called by org.apache.tomcat.jni.Library in an unnamed module (jar:nested:/Users/fanjinchen/工程实践/Movies/eureka-server/target/eureka-server-0.0.1-SNAPSHOT.jar/!BOOT-INF/lib/tomcat-embed-core-10.1.34.jar!/)
WARNING: Use --enable-native-access=ALL-UNNAMED to avoid a warning for callers in this module
WARNING: Restricted methods will be blocked in a future release unless native access is enabled

2026-04-23T14:36:06.178+08:00  INFO 34289 --- [eureka-server] [           main] o.s.b.w.embedded.tomcat.TomcatWebServer  : Tomcat initialized with port 8761 (http)
2026-04-23T14:36:06.186+08:00  INFO 34289 --- [eureka-server] [           main] o.apache.catalina.core.StandardService   : Starting service [Tomcat]
2026-04-23T14:36:06.186+08:00  INFO 34289 --- [eureka-server] [           main] o.apache.catalina.core.StandardEngine    : Starting Servlet engine: [Apache Tomcat/10.1.34]
2026-04-23T14:36:06.205+08:00  INFO 34289 --- [eureka-server] [           main] o.a.c.c.C.[Tomcat].[localhost].[/]       : Initializing Spring embedded WebApplicationContext
2026-04-23T14:36:06.205+08:00  INFO 34289 --- [eureka-server] [           main] w.s.c.ServletWebServerApplicationContext : Root WebApplicationContext: initialization completed in 604 ms
Standard Commons Logging discovery in action with spring-jcl: please remove commons-logging.jar from classpath in order to avoid potential conflicts
2026-04-23T14:36:06.631+08:00  INFO 34289 --- [eureka-server] [           main] c.n.d.provider.DiscoveryJerseyProvider   : Using JSON encoding codec LegacyJacksonJson
2026-04-23T14:36:06.632+08:00  INFO 34289 --- [eureka-server] [           main] c.n.d.provider.DiscoveryJerseyProvider   : Using JSON decoding codec LegacyJacksonJson
WARNING: A terminally deprecated method in sun.misc.Unsafe has been called
WARNING: sun.misc.Unsafe::objectFieldOffset has been called by com.thoughtworks.xstream.converters.reflection.SunUnsafeReflectionProvider (jar:nested:/Users/fanjinchen/工程实践/Movies/eureka-server/target/eureka-server-0.0.1-SNAPSHOT.jar/!BOOT-INF/lib/xstream-1.4.20.jar!/)
WARNING: Please consider reporting this to the maintainers of class com.thoughtworks.xstream.converters.reflection.SunUnsafeReflectionProvider
WARNING: sun.misc.Unsafe::objectFieldOffset will be removed in a future release
2026-04-23T14:36:06.748+08:00  INFO 34289 --- [eureka-server] [           main] c.n.d.provider.DiscoveryJerseyProvider   : Using XML encoding codec XStreamXml
2026-04-23T14:36:06.748+08:00  INFO 34289 --- [eureka-server] [           main] c.n.d.provider.DiscoveryJerseyProvider   : Using XML decoding codec XStreamXml
2026-04-23T14:36:06.831+08:00  INFO 34289 --- [eureka-server] [           main] o.s.v.b.OptionalValidatorFactoryBean     : Failed to set up a Bean Validation provider: jakarta.validation.NoProviderFoundException: Unable to create a Configuration, because no Jakarta Bean Validation provider could be found. Add a provider like Hibernate Validator (RI) to your classpath.
2026-04-23T14:36:07.120+08:00  WARN 34289 --- [eureka-server] [           main] iguration$LoadBalancerCaffeineWarnLogger : Spring Cloud LoadBalancer is currently working with the default cache. While this cache implementation is useful for development and tests, it's recommended to use Caffeine cache in production.You can switch to using Caffeine cache, by adding it and org.springframework.cache.caffeine.CaffeineCacheManager to the classpath.
2026-04-23T14:36:07.130+08:00  INFO 34289 --- [eureka-server] [           main] o.s.c.n.eureka.InstanceInfoFactory       : Setting initial instance status as: STARTING
2026-04-23T14:36:07.140+08:00  INFO 34289 --- [eureka-server] [           main] com.netflix.discovery.DiscoveryClient    : Initializing Eureka in region us-east-1
2026-04-23T14:36:07.140+08:00  INFO 34289 --- [eureka-server] [           main] com.netflix.discovery.DiscoveryClient    : Client configured to neither register nor query for data.
2026-04-23T14:36:07.141+08:00  INFO 34289 --- [eureka-server] [           main] com.netflix.discovery.DiscoveryClient    : Discovery Client initialized at timestamp 1776926167141 with initial instances count: 0
2026-04-23T14:36:07.157+08:00  INFO 34289 --- [eureka-server] [           main] c.n.eureka.DefaultEurekaServerContext    : Initializing ...
2026-04-23T14:36:07.158+08:00  INFO 34289 --- [eureka-server] [           main] c.n.eureka.cluster.PeerEurekaNodes       : Adding new peer nodes [http://localhost:8761/eureka/]
2026-04-23T14:36:07.216+08:00  INFO 34289 --- [eureka-server] [           main] c.n.d.provider.DiscoveryJerseyProvider   : Using JSON encoding codec LegacyJacksonJson
2026-04-23T14:36:07.216+08:00  INFO 34289 --- [eureka-server] [           main] c.n.d.provider.DiscoveryJerseyProvider   : Using JSON decoding codec LegacyJacksonJson
2026-04-23T14:36:07.216+08:00  INFO 34289 --- [eureka-server] [           main] c.n.d.provider.DiscoveryJerseyProvider   : Using XML encoding codec XStreamXml
2026-04-23T14:36:07.216+08:00  INFO 34289 --- [eureka-server] [           main] c.n.d.provider.DiscoveryJerseyProvider   : Using XML decoding codec XStreamXml
2026-04-23T14:36:07.235+08:00  INFO 34289 --- [eureka-server] [           main] c.n.eureka.cluster.PeerEurekaNodes       : Replica node URL:  http://localhost:8761/eureka/
2026-04-23T14:36:07.239+08:00  INFO 34289 --- [eureka-server] [           main] c.n.e.registry.AbstractInstanceRegistry  : Finished initializing remote region registries. All known remote regions: []
2026-04-23T14:36:07.239+08:00  INFO 34289 --- [eureka-server] [           main] c.n.eureka.DefaultEurekaServerContext    : Initialized
2026-04-23T14:36:07.244+08:00  INFO 34289 --- [eureka-server] [           main] o.s.b.a.e.web.EndpointLinksResolver      : Exposing 1 endpoint beneath base path '/actuator'
2026-04-23T14:36:07.264+08:00  INFO 34289 --- [eureka-server] [           main] o.s.c.n.e.s.EurekaServiceRegistry        : Registering application EUREKA-SERVER with eureka with status UP
2026-04-23T14:36:07.269+08:00  INFO 34289 --- [eureka-server] [       Thread-9] o.s.c.n.e.server.EurekaServerBootstrap   : isAws returned false
2026-04-23T14:36:07.270+08:00  INFO 34289 --- [eureka-server] [       Thread-9] o.s.c.n.e.server.EurekaServerBootstrap   : Initialized server context
2026-04-23T14:36:07.270+08:00  INFO 34289 --- [eureka-server] [       Thread-9] c.n.e.r.PeerAwareInstanceRegistryImpl    : Got 1 instances from neighboring DS node
2026-04-23T14:36:07.270+08:00  INFO 34289 --- [eureka-server] [       Thread-9] c.n.e.r.PeerAwareInstanceRegistryImpl    : Renew threshold is: 1
2026-04-23T14:36:07.270+08:00  INFO 34289 --- [eureka-server] [       Thread-9] c.n.e.r.PeerAwareInstanceRegistryImpl    : Changing status to UP
2026-04-23T14:36:07.270+08:00  INFO 34289 --- [eureka-server] [       Thread-9] e.s.EurekaServerInitializerConfiguration : Started Eureka Server
2026-04-23T14:36:07.277+08:00  INFO 34289 --- [eureka-server] [           main] o.s.b.w.embedded.tomcat.TomcatWebServer  : Tomcat started on port 8761 (http) with context path '/'
2026-04-23T14:36:07.277+08:00  INFO 34289 --- [eureka-server] [           main] .s.c.n.e.s.EurekaAutoServiceRegistration : Updating port to 8761
2026-04-23T14:36:07.289+08:00  INFO 34289 --- [eureka-server] [           main] e.c.e.EurekaServerApplication            : Started EurekaServerApplication in 1.949 seconds (process running for 2.218)
2026-04-23T14:36:16.992+08:00  INFO 34289 --- [eureka-server] [nio-8761-exec-1] o.a.c.c.C.[Tomcat].[localhost].[/]       : Initializing Spring DispatcherServlet 'dispatcherServlet'
2026-04-23T14:36:16.992+08:00  INFO 34289 --- [eureka-server] [nio-8761-exec-1] o.s.web.servlet.DispatcherServlet        : Initializing Servlet 'dispatcherServlet'
2026-04-23T14:36:16.993+08:00  INFO 34289 --- [eureka-server] [nio-8761-exec-1] o.s.web.servlet.DispatcherServlet        : Completed initialization in 1 ms
2026-04-23T14:36:17.100+08:00  INFO 34289 --- [eureka-server] [nio-8761-exec-2] c.n.e.registry.AbstractInstanceRegistry  : Registered instance MOVIES-SERVICE/10.27.6.29:movies-service:8081 with status UP (replication=false)
2026-04-23T14:36:17.653+08:00  INFO 34289 --- [eureka-server] [nio-8761-exec-3] c.n.e.registry.AbstractInstanceRegistry  : Registered instance MOVIES-SERVICE/10.27.6.29:movies-service:8081 with status UP (replication=true)
2026-04-23T14:36:21.123+08:00  INFO 34289 --- [eureka-server] [nio-8761-exec-5] c.n.e.registry.AbstractInstanceRegistry  : Registered instance USER-PORTAL-SERVICE/10.27.6.29:user-portal-service:8082 with status UP (replication=false)
2026-04-23T14:36:21.638+08:00  INFO 34289 --- [eureka-server] [nio-8761-exec-6] c.n.e.registry.AbstractInstanceRegistry  : Registered instance USER-PORTAL-SERVICE/10.27.6.29:user-portal-service:8082 with status UP (replication=true)
2026-04-23T14:36:25.771+08:00  INFO 34289 --- [eureka-server] [nio-8761-exec-8] c.n.e.registry.AbstractInstanceRegistry  : Registered instance RECOMMENDATION-SERVICE/10.27.6.29:recommendation-service:8083 with status UP (replication=false)
2026-04-23T14:36:26.277+08:00  INFO 34289 --- [eureka-server] [nio-8761-exec-9] c.n.e.registry.AbstractInstanceRegistry  : Registered instance RECOMMENDATION-SERVICE/10.27.6.29:recommendation-service:8083 with status UP (replication=true)
2026-04-23T14:36:29.637+08:00  INFO 34289 --- [eureka-server] [nio-8761-exec-1] c.n.e.registry.AbstractInstanceRegistry  : Registered instance GATEWAY-SERVICE/10.27.6.29:gateway-service:8080 with status UP (replication=false)
2026-04-23T14:36:30.147+08:00  INFO 34289 --- [eureka-server] [nio-8761-exec-2] c.n.e.registry.AbstractInstanceRegistry  : Registered instance GATEWAY-SERVICE/10.27.6.29:gateway-service:8080 with status UP (replication=true)
2026-04-23T14:37:07.274+08:00  INFO 34289 --- [eureka-server] [a-EvictionTimer] c.n.e.registry.AbstractInstanceRegistry  : Running the evict task with compensationTime 0ms
2026-04-23T14:38:07.277+08:00  INFO 34289 --- [eureka-server] [a-EvictionTimer] c.n.e.registry.AbstractInstanceRegistry  : Running the evict task with compensationTime 1ms
2026-04-23T14:39:07.280+08:00  INFO 34289 --- [eureka-server] [a-EvictionTimer] c.n.e.registry.AbstractInstanceRegistry  : Running the evict task with compensationTime 2ms
2026-04-23T14:40:07.286+08:00  INFO 34289 --- [eureka-server] [a-EvictionTimer] c.n.e.registry.AbstractInstanceRegistry  : Running the evict task with compensationTime 4ms
2026-04-23T14:41:07.291+08:00  INFO 34289 --- [eureka-server] [a-EvictionTimer] c.n.e.registry.AbstractInstanceRegistry  : Running the evict task with compensationTime 4ms
2026-04-23T14:42:07.297+08:00  INFO 34289 --- [eureka-server] [a-EvictionTimer] c.n.e.registry.AbstractInstanceRegistry  : Running the evict task with compensationTime 5ms
2026-04-23T14:43:07.299+08:00  INFO 34289 --- [eureka-server] [a-EvictionTimer] c.n.e.registry.AbstractInstanceRegistry  : Running the evict task with compensationTime 1ms
2026-04-23T14:44:07.305+08:00  INFO 34289 --- [eureka-server] [a-EvictionTimer] c.n.e.registry.AbstractInstanceRegistry  : Running the evict task with compensationTime 4ms
2026-04-23T14:45:07.311+08:00  INFO 34289 --- [eureka-server] [a-EvictionTimer] c.n.e.registry.AbstractInstanceRegistry  : Running the evict task with compensationTime 5ms
2026-04-23T14:46:07.316+08:00  INFO 34289 --- [eureka-server] [a-EvictionTimer] c.n.e.registry.AbstractInstanceRegistry  : Running the evict task with compensationTime 3ms
2026-04-23T14:47:07.323+08:00  INFO 34289 --- [eureka-server] [a-EvictionTimer] c.n.e.registry.AbstractInstanceRegistry  : Running the evict task with compensationTime 5ms
2026-04-23T14:48:07.327+08:00  INFO 34289 --- [eureka-server] [a-EvictionTimer] c.n.e.registry.AbstractInstanceRegistry  : Running the evict task with compensationTime 3ms
2026-04-23T14:49:07.333+08:00  INFO 34289 --- [eureka-server] [a-EvictionTimer] c.n.e.registry.AbstractInstanceRegistry  : Running the evict task with compensationTime 5ms
2026-04-23T14:50:07.339+08:00  INFO 34289 --- [eureka-server] [a-EvictionTimer] c.n.e.registry.AbstractInstanceRegistry  : Running the evict task with compensationTime 48ms
2026-04-23T14:51:07.240+08:00  INFO 34289 --- [eureka-server] [hresholdUpdater] c.n.e.r.PeerAwareInstanceRegistryImpl    : Current renewal threshold is : 0
2026-04-23T14:51:07.339+08:00  INFO 34289 --- [eureka-server] [a-EvictionTimer] c.n.e.registry.AbstractInstanceRegistry  : Running the evict task with compensationTime 4ms
2026-04-23T14:52:07.342+08:00  INFO 34289 --- [eureka-server] [a-EvictionTimer] c.n.e.registry.AbstractInstanceRegistry  : Running the evict task with compensationTime 2ms
2026-04-23T14:53:07.347+08:00  INFO 34289 --- [eureka-server] [a-EvictionTimer] c.n.e.registry.AbstractInstanceRegistry  : Running the evict task with compensationTime 5ms
2026-04-23T14:54:07.352+08:00  INFO 34289 --- [eureka-server] [a-EvictionTimer] c.n.e.registry.AbstractInstanceRegistry  : Running the evict task with compensationTime 4ms
2026-04-23T14:54:49.094+08:00  INFO 34289 --- [eureka-server] [nio-8761-exec-3] c.n.e.registry.AbstractInstanceRegistry  : Registered instance USER-PORTAL-SERVICE/10.27.6.29:user-portal-service:8082 with status DOWN (replication=false)
2026-04-23T14:54:49.609+08:00  INFO 34289 --- [eureka-server] [nio-8761-exec-7] c.n.e.registry.AbstractInstanceRegistry  : Registered instance USER-PORTAL-SERVICE/10.27.6.29:user-portal-service:8082 with status DOWN (replication=true)
2026-04-23T14:54:52.114+08:00  INFO 34289 --- [eureka-server] [nio-8761-exec-2] c.n.e.registry.AbstractInstanceRegistry  : Cancelled instance USER-PORTAL-SERVICE/10.27.6.29:user-portal-service:8082 (replication=false)
2026-04-23T14:54:52.630+08:00  WARN 34289 --- [eureka-server] [nio-8761-exec-5] c.n.e.registry.AbstractInstanceRegistry  : DS: Registry: cancel failed because Lease is not registered for: USER-PORTAL-SERVICE/10.27.6.29:user-portal-service:8082
2026-04-23T14:54:52.631+08:00  INFO 34289 --- [eureka-server] [nio-8761-exec-5] c.n.eureka.resources.InstanceResource    : Not Found (Cancel): USER-PORTAL-SERVICE - 10.27.6.29:user-portal-service:8082
2026-04-23T14:54:52.631+08:00  WARN 34289 --- [eureka-server] [get_localhost-4] c.n.eureka.cluster.ReplicationTask       : The replication of task USER-PORTAL-SERVICE/10.27.6.29:user-portal-service:8082:Cancel@localhost failed with response code 404
2026-04-23T14:54:52.631+08:00  WARN 34289 --- [eureka-server] [get_localhost-4] c.netflix.eureka.cluster.PeerEurekaNode  : USER-PORTAL-SERVICE/10.27.6.29:user-portal-service:8082:Cancel@localhost: missing entry.
2026-04-23T14:54:55.034+08:00  INFO 34289 --- [eureka-server] [nio-8761-exec-3] c.n.e.registry.AbstractInstanceRegistry  : Registered instance USER-PORTAL-SERVICE/localhost:user-portal-service:8082 with status UP (replication=false)
2026-04-23T14:54:55.543+08:00  INFO 34289 --- [eureka-server] [nio-8761-exec-7] c.n.e.registry.AbstractInstanceRegistry  : Registered instance USER-PORTAL-SERVICE/localhost:user-portal-service:8082 with status UP (replication=true)
2026-04-23T14:55:07.354+08:00  INFO 34289 --- [eureka-server] [a-EvictionTimer] c.n.e.registry.AbstractInstanceRegistry  : Running the evict task with compensationTime 1ms
2026-04-23T14:56:07.357+08:00  INFO 34289 --- [eureka-server] [a-EvictionTimer] c.n.e.registry.AbstractInstanceRegistry  : Running the evict task with compensationTime 3ms
2026-04-23T14:57:07.358+08:00  INFO 34289 --- [eureka-server] [a-EvictionTimer] c.n.e.registry.AbstractInstanceRegistry  : Running the evict task with compensationTime 0ms
2026-04-23T14:58:07.358+08:00  INFO 34289 --- [eureka-server] [a-EvictionTimer] c.n.e.registry.AbstractInstanceRegistry  : Running the evict task with compensationTime 0ms
2026-04-23T14:59:07.362+08:00  INFO 34289 --- [eureka-server] [a-EvictionTimer] c.n.e.registry.AbstractInstanceRegistry  : Running the evict task with compensationTime 4ms
2026-04-23T15:00:07.365+08:00  INFO 34289 --- [eureka-server] [a-EvictionTimer] c.n.e.registry.AbstractInstanceRegistry  : Running the evict task with compensationTime 2ms
2026-04-23T15:01:07.369+08:00  INFO 34289 --- [eureka-server] [a-EvictionTimer] c.n.e.registry.AbstractInstanceRegistry  : Running the evict task with compensationTime 3ms
2026-04-23T15:02:07.370+08:00  INFO 34289 --- [eureka-server] [a-EvictionTimer] c.n.e.registry.AbstractInstanceRegistry  : Running the evict task with compensationTime 0ms
2026-04-23T15:03:07.374+08:00  INFO 34289 --- [eureka-server] [a-EvictionTimer] c.n.e.registry.AbstractInstanceRegistry  : Running the evict task with compensationTime 3ms
2026-04-23T15:04:07.377+08:00  INFO 34289 --- [eureka-server] [a-EvictionTimer] c.n.e.registry.AbstractInstanceRegistry  : Running the evict task with compensationTime 3ms
2026-04-23T15:05:07.383+08:00  INFO 34289 --- [eureka-server] [a-EvictionTimer] c.n.e.registry.AbstractInstanceRegistry  : Running the evict task with compensationTime 5ms
2026-04-23T15:06:07.249+08:00  INFO 34289 --- [eureka-server] [hresholdUpdater] c.n.e.r.PeerAwareInstanceRegistryImpl    : Current renewal threshold is : 0
2026-04-23T15:06:07.385+08:00  INFO 34289 --- [eureka-server] [a-EvictionTimer] c.n.e.registry.AbstractInstanceRegistry  : Running the evict task with compensationTime 2ms
2026-04-23T15:07:07.390+08:00  INFO 34289 --- [eureka-server] [a-EvictionTimer] c.n.e.registry.AbstractInstanceRegistry  : Running the evict task with compensationTime 5ms
2026-04-23T15:08:07.393+08:00  INFO 34289 --- [eureka-server] [a-EvictionTimer] c.n.e.registry.AbstractInstanceRegistry  : Running the evict task with compensationTime 1ms
2026-04-23T15:09:07.397+08:00  INFO 34289 --- [eureka-server] [a-EvictionTimer] c.n.e.registry.AbstractInstanceRegistry  : Running the evict task with compensationTime 4ms
2026-04-23T15:10:07.400+08:00  INFO 34289 --- [eureka-server] [a-EvictionTimer] c.n.e.registry.AbstractInstanceRegistry  : Running the evict task with compensationTime 2ms
2026-04-23T15:11:07.402+08:00  INFO 34289 --- [eureka-server] [a-EvictionTimer] c.n.e.registry.AbstractInstanceRegistry  : Running the evict task with compensationTime 2ms
2026-04-23T15:12:07.405+08:00  INFO 34289 --- [eureka-server] [a-EvictionTimer] c.n.e.registry.AbstractInstanceRegistry  : Running the evict task with compensationTime 2ms
2026-04-23T15:13:07.406+08:00  INFO 34289 --- [eureka-server] [a-EvictionTimer] c.n.e.registry.AbstractInstanceRegistry  : Running the evict task with compensationTime 0ms
2026-04-23T15:14:07.417+08:00  INFO 34289 --- [eureka-server] [a-EvictionTimer] c.n.e.registry.AbstractInstanceRegistry  : Running the evict task with compensationTime 10ms
2026-04-23T15:15:07.419+08:00  INFO 34289 --- [eureka-server] [a-EvictionTimer] c.n.e.registry.AbstractInstanceRegistry  : Running the evict task with compensationTime 2ms
2026-04-23T15:16:07.425+08:00  INFO 34289 --- [eureka-server] [a-EvictionTimer] c.n.e.registry.AbstractInstanceRegistry  : Running the evict task with compensationTime 5ms
2026-04-23T15:17:07.429+08:00  INFO 34289 --- [eureka-server] [a-EvictionTimer] c.n.e.registry.AbstractInstanceRegistry  : Running the evict task with compensationTime 3ms
2026-04-23T15:18:07.429+08:00  INFO 34289 --- [eureka-server] [a-EvictionTimer] c.n.e.registry.AbstractInstanceRegistry  : Running the evict task with compensationTime 0ms
2026-04-23T15:19:07.435+08:00  INFO 34289 --- [eureka-server] [a-EvictionTimer] c.n.e.registry.AbstractInstanceRegistry  : Running the evict task with compensationTime 4ms
2026-04-23T15:20:07.439+08:00  INFO 34289 --- [eureka-server] [a-EvictionTimer] c.n.e.registry.AbstractInstanceRegistry  : Running the evict task with compensationTime 4ms
2026-04-23T15:21:07.256+08:00  INFO 34289 --- [eureka-server] [hresholdUpdater] c.n.e.r.PeerAwareInstanceRegistryImpl    : Current renewal threshold is : 0
2026-04-23T15:21:07.444+08:00  INFO 34289 --- [eureka-server] [a-EvictionTimer] c.n.e.registry.AbstractInstanceRegistry  : Running the evict task with compensationTime 4ms
2026-04-23T15:22:07.449+08:00  INFO 34289 --- [eureka-server] [a-EvictionTimer] c.n.e.registry.AbstractInstanceRegistry  : Running the evict task with compensationTime 4ms
2026-04-23T15:23:07.453+08:00  INFO 34289 --- [eureka-server] [a-EvictionTimer] c.n.e.registry.AbstractInstanceRegistry  : Running the evict task with compensationTime 4ms
2026-04-23T15:24:07.455+08:00  INFO 34289 --- [eureka-server] [a-EvictionTimer] c.n.e.registry.AbstractInstanceRegistry  : Running the evict task with compensationTime 1ms
2026-04-23T15:25:07.460+08:00  INFO 34289 --- [eureka-server] [a-EvictionTimer] c.n.e.registry.AbstractInstanceRegistry  : Running the evict task with compensationTime 4ms
2026-04-23T15:26:07.463+08:00  INFO 34289 --- [eureka-server] [a-EvictionTimer] c.n.e.registry.AbstractInstanceRegistry  : Running the evict task with compensationTime 3ms
2026-04-23T15:27:07.468+08:00  INFO 34289 --- [eureka-server] [a-EvictionTimer] c.n.e.registry.AbstractInstanceRegistry  : Running the evict task with compensationTime 4ms
2026-04-23T15:28:07.469+08:00  INFO 34289 --- [eureka-server] [a-EvictionTimer] c.n.e.registry.AbstractInstanceRegistry  : Running the evict task with compensationTime 0ms
2026-04-23T15:29:07.475+08:00  INFO 34289 --- [eureka-server] [a-EvictionTimer] c.n.e.registry.AbstractInstanceRegistry  : Running the evict task with compensationTime 5ms
2026-04-23T15:30:07.475+08:00  INFO 34289 --- [eureka-server] [a-EvictionTimer] c.n.e.registry.AbstractInstanceRegistry  : Running the evict task with compensationTime 0ms
2026-04-23T15:31:07.476+08:00  INFO 34289 --- [eureka-server] [a-EvictionTimer] c.n.e.registry.AbstractInstanceRegistry  : Running the evict task with compensationTime 0ms
2026-04-23T15:32:07.482+08:00  INFO 34289 --- [eureka-server] [a-EvictionTimer] c.n.e.registry.AbstractInstanceRegistry  : Running the evict task with compensationTime 4ms
2026-04-23T15:33:07.485+08:00  INFO 34289 --- [eureka-server] [a-EvictionTimer] c.n.e.registry.AbstractInstanceRegistry  : Running the evict task with compensationTime 3ms
2026-04-23T15:34:07.486+08:00  INFO 34289 --- [eureka-server] [a-EvictionTimer] c.n.e.registry.AbstractInstanceRegistry  : Running the evict task with compensationTime 0ms
2026-04-23T15:34:23.072+08:00  INFO 34289 --- [eureka-server] [nio-8761-exec-2] c.n.e.registry.AbstractInstanceRegistry  : Registered instance GATEWAY-SERVICE/10.27.6.29:gateway-service:8080 with status DOWN (replication=false)
2026-04-23T15:34:23.119+08:00  INFO 34289 --- [eureka-server] [nio-8761-exec-5] c.n.e.registry.AbstractInstanceRegistry  : Registered instance RECOMMENDATION-SERVICE/10.27.6.29:recommendation-service:8083 with status DOWN (replication=false)
2026-04-23T15:34:23.201+08:00  INFO 34289 --- [eureka-server] [nio-8761-exec-1] c.n.e.registry.AbstractInstanceRegistry  : Registered instance USER-PORTAL-SERVICE/localhost:user-portal-service:8082 with status DOWN (replication=false)
2026-04-23T15:34:23.273+08:00  INFO 34289 --- [eureka-server] [nio-8761-exec-8] c.n.e.registry.AbstractInstanceRegistry  : Registered instance MOVIES-SERVICE/10.27.6.29:movies-service:8081 with status DOWN (replication=false)
2026-04-23T15:34:23.580+08:00  INFO 34289 --- [eureka-server] [nio-8761-exec-7] c.n.e.registry.AbstractInstanceRegistry  : Registered instance GATEWAY-SERVICE/10.27.6.29:gateway-service:8080 with status DOWN (replication=true)
2026-04-23T15:34:23.581+08:00  INFO 34289 --- [eureka-server] [nio-8761-exec-7] c.n.e.registry.AbstractInstanceRegistry  : Registered instance RECOMMENDATION-SERVICE/10.27.6.29:recommendation-service:8083 with status DOWN (replication=true)
2026-04-23T15:34:23.581+08:00  INFO 34289 --- [eureka-server] [nio-8761-exec-7] c.n.e.registry.AbstractInstanceRegistry  : Registered instance USER-PORTAL-SERVICE/localhost:user-portal-service:8082 with status DOWN (replication=true)
2026-04-23T15:34:23.581+08:00  INFO 34289 --- [eureka-server] [nio-8761-exec-7] c.n.e.registry.AbstractInstanceRegistry  : Registered instance MOVIES-SERVICE/10.27.6.29:movies-service:8081 with status DOWN (replication=true)
2026-04-23T15:34:24.431+08:00  INFO 34289 --- [eureka-server] [ionShutdownHook] o.s.c.n.e.s.EurekaServiceRegistry        : Unregistering application EUREKA-SERVER with eureka with status DOWN
2026-04-23T15:34:24.435+08:00  INFO 34289 --- [eureka-server] [ionShutdownHook] o.s.b.w.e.tomcat.GracefulShutdown        : Commencing graceful shutdown. Waiting for active requests to complete
2026-04-23T15:34:24.437+08:00  INFO 34289 --- [eureka-server] [tomcat-shutdown] o.s.b.w.e.tomcat.GracefulShutdown        : Graceful shutdown complete
2026-04-23T15:34:24.439+08:00  INFO 34289 --- [eureka-server] [ionShutdownHook] o.s.c.n.e.server.EurekaServerBootstrap   : Shutting down Eureka Server..
2026-04-23T15:34:24.439+08:00  INFO 34289 --- [eureka-server] [ionShutdownHook] c.n.eureka.DefaultEurekaServerContext    : Shutting down ...
2026-04-23T15:34:24.441+08:00  INFO 34289 --- [eureka-server] [ionShutdownHook] c.n.eureka.DefaultEurekaServerContext    : Shut down
2026-04-23T15:34:24.441+08:00  INFO 34289 --- [eureka-server] [ionShutdownHook] o.s.c.n.e.server.EurekaServerBootstrap   : Eureka Service is now shutdown...
2026-04-23T15:34:24.442+08:00  INFO 34289 --- [eureka-server] [ionShutdownHook] c.n.eureka.DefaultEurekaServerContext    : Shutting down ...
2026-04-23T15:34:24.442+08:00  INFO 34289 --- [eureka-server] [ionShutdownHook] c.n.eureka.DefaultEurekaServerContext    : Shut down
2026-04-23T15:34:24.439+08:00 ERROR 34289 --- [eureka-server] [t-Conn-Cleaner2] c.n.d.s.t.j.EurekaJersey3ClientImpl      : Cannot clean connections

java.lang.IllegalStateException: Client instance has been closed.
	at org.glassfish.jersey.internal.guava.Preconditions.checkState(Preconditions.java:169) ~[jersey-common-3.1.9.jar!/:na]
	at org.glassfish.jersey.client.JerseyClient.checkNotClosed(JerseyClient.java:248) ~[jersey-client-3.1.9.jar!/:na]
	at org.glassfish.jersey.client.JerseyClient.getConfiguration(JerseyClient.java:363) ~[jersey-client-3.1.9.jar!/:na]
	at org.glassfish.jersey.client.JerseyClient.getConfiguration(JerseyClient.java:54) ~[jersey-client-3.1.9.jar!/:na]
	at com.netflix.discovery.shared.transport.jersey3.EurekaJersey3ClientImpl$ConnectionCleanerTask.run(EurekaJersey3ClientImpl.java:338) ~[eureka-client-jersey3-2.0.4.jar!/:2.0.4]
	at java.base/java.util.concurrent.Executors$RunnableAdapter.call(Executors.java:545) ~[na:na]
	at java.base/java.util.concurrent.FutureTask.run(FutureTask.java:328) ~[na:na]
	at java.base/java.util.concurrent.ScheduledThreadPoolExecutor$ScheduledFutureTask.run(ScheduledThreadPoolExecutor.java:309) ~[na:na]
	at java.base/java.util.concurrent.ThreadPoolExecutor.runWorker(ThreadPoolExecutor.java:1090) ~[na:na]
	at java.base/java.util.concurrent.ThreadPoolExecutor$Worker.run(ThreadPoolExecutor.java:614) ~[na:na]
	at java.base/java.lang.Thread.run(Thread.java:1474) ~[na:na]

2026-04-23T15:34:24.444+08:00  INFO 34289 --- [eureka-server] [ionShutdownHook] com.netflix.discovery.DiscoveryClient    : Shutting down DiscoveryClient ...
2026-04-23T15:34:24.444+08:00  INFO 34289 --- [eureka-server] [ionShutdownHook] com.netflix.discovery.DiscoveryClient    : Completed shut down of DiscoveryClient
