
  .   ____          _            __ _ _
 /\\ / ___'_ __ _ _(_)_ __  __ _ \ \ \ \
( ( )\___ | '_ | '_| | '_ \/ _` | \ \ \ \
 \\/  ___)| |_)| | | | | || (_| |  ) ) ) )
  '  |____| .__|_| |_|_| |_\__, | / / / /
 =========|_|==============|___/=/_/_/_/

 :: Spring Boot ::                (v3.4.1)

2026-04-28T18:01:18.259+08:00  INFO 64210 --- [gateway-service] [           main] edu.cuit.gateway.GatewayApplication      : Starting GatewayApplication v0.0.1-SNAPSHOT using Java 25.0.1 with PID 64210 (/Users/fanjinchen/工程实践/Movies/gateway-service/target/gateway-service-0.0.1-SNAPSHOT.jar started by fanjinchen in /Users/fanjinchen/工程实践/Movies)
2026-04-28T18:01:18.260+08:00 DEBUG 64210 --- [gateway-service] [           main] edu.cuit.gateway.GatewayApplication      : Running with Spring Boot v3.4.1, Spring v6.2.1
2026-04-28T18:01:18.261+08:00  INFO 64210 --- [gateway-service] [           main] edu.cuit.gateway.GatewayApplication      : No active profile set, falling back to 1 default profile: "default"
2026-04-28T18:01:18.712+08:00  INFO 64210 --- [gateway-service] [           main] o.s.cloud.context.scope.GenericScope     : BeanFactory id=8891d2ed-7a38-35bc-8894-ba20cff79d5d
WARNING: A terminally deprecated method in sun.misc.Unsafe has been called
WARNING: sun.misc.Unsafe::allocateMemory has been called by io.netty.util.internal.PlatformDependent0$2 (jar:nested:/Users/fanjinchen/工程实践/Movies/gateway-service/target/gateway-service-0.0.1-SNAPSHOT.jar/!BOOT-INF/lib/netty-common-4.1.116.Final.jar!/)
WARNING: Please consider reporting this to the maintainers of class io.netty.util.internal.PlatformDependent0$2
WARNING: sun.misc.Unsafe::allocateMemory will be removed in a future release
2026-04-28T18:01:19.036+08:00  INFO 64210 --- [gateway-service] [           main] o.s.c.g.r.RouteDefinitionRouteLocator    : Loaded RoutePredicateFactory [After]
2026-04-28T18:01:19.036+08:00  INFO 64210 --- [gateway-service] [           main] o.s.c.g.r.RouteDefinitionRouteLocator    : Loaded RoutePredicateFactory [Before]
2026-04-28T18:01:19.036+08:00  INFO 64210 --- [gateway-service] [           main] o.s.c.g.r.RouteDefinitionRouteLocator    : Loaded RoutePredicateFactory [Between]
2026-04-28T18:01:19.036+08:00  INFO 64210 --- [gateway-service] [           main] o.s.c.g.r.RouteDefinitionRouteLocator    : Loaded RoutePredicateFactory [Cookie]
2026-04-28T18:01:19.036+08:00  INFO 64210 --- [gateway-service] [           main] o.s.c.g.r.RouteDefinitionRouteLocator    : Loaded RoutePredicateFactory [Header]
2026-04-28T18:01:19.036+08:00  INFO 64210 --- [gateway-service] [           main] o.s.c.g.r.RouteDefinitionRouteLocator    : Loaded RoutePredicateFactory [Host]
2026-04-28T18:01:19.036+08:00  INFO 64210 --- [gateway-service] [           main] o.s.c.g.r.RouteDefinitionRouteLocator    : Loaded RoutePredicateFactory [Method]
2026-04-28T18:01:19.036+08:00  INFO 64210 --- [gateway-service] [           main] o.s.c.g.r.RouteDefinitionRouteLocator    : Loaded RoutePredicateFactory [Path]
2026-04-28T18:01:19.036+08:00  INFO 64210 --- [gateway-service] [           main] o.s.c.g.r.RouteDefinitionRouteLocator    : Loaded RoutePredicateFactory [Query]
2026-04-28T18:01:19.036+08:00  INFO 64210 --- [gateway-service] [           main] o.s.c.g.r.RouteDefinitionRouteLocator    : Loaded RoutePredicateFactory [ReadBody]
2026-04-28T18:01:19.036+08:00  INFO 64210 --- [gateway-service] [           main] o.s.c.g.r.RouteDefinitionRouteLocator    : Loaded RoutePredicateFactory [RemoteAddr]
2026-04-28T18:01:19.036+08:00  INFO 64210 --- [gateway-service] [           main] o.s.c.g.r.RouteDefinitionRouteLocator    : Loaded RoutePredicateFactory [XForwardedRemoteAddr]
2026-04-28T18:01:19.036+08:00  INFO 64210 --- [gateway-service] [           main] o.s.c.g.r.RouteDefinitionRouteLocator    : Loaded RoutePredicateFactory [Weight]
2026-04-28T18:01:19.036+08:00  INFO 64210 --- [gateway-service] [           main] o.s.c.g.r.RouteDefinitionRouteLocator    : Loaded RoutePredicateFactory [CloudFoundryRouteService]
2026-04-28T18:01:19.137+08:00  INFO 64210 --- [gateway-service] [           main] DiscoveryClientOptionalArgsConfiguration : Eureka HTTP Client uses RestTemplate.
2026-04-28T18:01:19.147+08:00  WARN 64210 --- [gateway-service] [           main] iguration$LoadBalancerCaffeineWarnLogger : Spring Cloud LoadBalancer is currently working with the default cache. While this cache implementation is useful for development and tests, it's recommended to use Caffeine cache in production.You can switch to using Caffeine cache, by adding it and org.springframework.cache.caffeine.CaffeineCacheManager to the classpath.
2026-04-28T18:01:19.159+08:00  INFO 64210 --- [gateway-service] [           main] o.s.c.n.eureka.InstanceInfoFactory       : Setting initial instance status as: STARTING
2026-04-28T18:01:19.174+08:00  INFO 64210 --- [gateway-service] [           main] com.netflix.discovery.DiscoveryClient    : Initializing Eureka in region us-east-1
2026-04-28T18:01:19.176+08:00  INFO 64210 --- [gateway-service] [           main] c.n.d.s.r.aws.ConfigClusterResolver      : Resolving eureka endpoints via configuration
2026-04-28T18:01:19.181+08:00  INFO 64210 --- [gateway-service] [           main] com.netflix.discovery.DiscoveryClient    : Disable delta property : false
2026-04-28T18:01:19.181+08:00  INFO 64210 --- [gateway-service] [           main] com.netflix.discovery.DiscoveryClient    : Single vip registry refresh property : null
2026-04-28T18:01:19.181+08:00  INFO 64210 --- [gateway-service] [           main] com.netflix.discovery.DiscoveryClient    : Force full registry fetch : false
2026-04-28T18:01:19.181+08:00  INFO 64210 --- [gateway-service] [           main] com.netflix.discovery.DiscoveryClient    : Application is null : false
2026-04-28T18:01:19.181+08:00  INFO 64210 --- [gateway-service] [           main] com.netflix.discovery.DiscoveryClient    : Registered Applications size is zero : true
2026-04-28T18:01:19.181+08:00  INFO 64210 --- [gateway-service] [           main] com.netflix.discovery.DiscoveryClient    : Application version is -1: true
2026-04-28T18:01:19.181+08:00  INFO 64210 --- [gateway-service] [           main] com.netflix.discovery.DiscoveryClient    : Getting all instance registry info from the eureka server
2026-04-28T18:01:19.344+08:00  INFO 64210 --- [gateway-service] [           main] com.netflix.discovery.DiscoveryClient    : The response status is 200
2026-04-28T18:01:19.344+08:00  INFO 64210 --- [gateway-service] [           main] com.netflix.discovery.DiscoveryClient    : Starting heartbeat executor: renew interval is: 30
2026-04-28T18:01:19.345+08:00  INFO 64210 --- [gateway-service] [           main] c.n.discovery.InstanceInfoReplicator     : InstanceInfoReplicator onDemand update allowed rate per min is 4
2026-04-28T18:01:19.346+08:00  INFO 64210 --- [gateway-service] [           main] com.netflix.discovery.DiscoveryClient    : Discovery Client initialized at timestamp 1777370479345 with initial instances count: 6
2026-04-28T18:01:19.347+08:00  INFO 64210 --- [gateway-service] [           main] o.s.c.n.e.s.EurekaServiceRegistry        : Registering application GATEWAY-SERVICE with eureka with status UP
2026-04-28T18:01:19.347+08:00  INFO 64210 --- [gateway-service] [           main] com.netflix.discovery.DiscoveryClient    : Saw local status change event StatusChangeEvent [timestamp=1777370479347, current=UP, previous=STARTING]
2026-04-28T18:01:19.348+08:00  INFO 64210 --- [gateway-service] [foReplicator-%d] com.netflix.discovery.DiscoveryClient    : DiscoveryClient_GATEWAY-SERVICE/mac:gateway-service:8080: registering service...
2026-04-28T18:01:19.369+08:00  INFO 64210 --- [gateway-service] [foReplicator-%d] com.netflix.discovery.DiscoveryClient    : DiscoveryClient_GATEWAY-SERVICE/mac:gateway-service:8080 - registration status: 204
2026-04-28T18:01:19.426+08:00  INFO 64210 --- [gateway-service] [           main] o.s.b.web.embedded.netty.NettyWebServer  : Netty started on port 8080 (http)
2026-04-28T18:01:19.427+08:00  INFO 64210 --- [gateway-service] [           main] .s.c.n.e.s.EurekaAutoServiceRegistration : Updating port to 8080
2026-04-28T18:01:19.443+08:00  INFO 64210 --- [gateway-service] [           main] edu.cuit.gateway.GatewayApplication      : Started GatewayApplication in 1.442 seconds (process running for 1.672)
[Gateway日志] 2026-04-28 18:01:20 | 0:0:0:0:0:0:0:1 | GET /user/login
WARNING: A restricted method in java.lang.System has been called
WARNING: java.lang.System::loadLibrary has been called by io.netty.util.internal.NativeLibraryUtil in an unnamed module (jar:nested:/Users/fanjinchen/工程实践/Movies/gateway-service/target/gateway-service-0.0.1-SNAPSHOT.jar/!BOOT-INF/lib/netty-common-4.1.116.Final.jar!/)
WARNING: Use --enable-native-access=ALL-UNNAMED to avoid a warning for callers in this module
WARNING: Restricted methods will be blocked in a future release unless native access is enabled

2026-04-28T18:01:20.955+08:00 ERROR 64210 --- [gateway-service] [ctor-http-nio-2] i.n.r.d.DnsServerAddressStreamProviders  : Unable to load io.netty.resolver.dns.macos.MacOSDnsServerAddressStreamProvider, fallback to system defaults. This may result in incorrect DNS resolutions on MacOS. Check whether you have a dependency on 'io.netty:netty-resolver-dns-native-macos'. Use DEBUG level to see the full stack: java.lang.UnsatisfiedLinkError: failed to load the required native library
[Gateway日志] 响应状态: 200 | 耗时: 75ms
[Gateway日志] 2026-04-28 18:01:21 | 0:0:0:0:0:0:0:1 | GET /user/login
[Gateway日志] 响应状态: 200 | 耗时: 197ms
[Gateway日志] 2026-04-28 18:01:24 | 0:0:0:0:0:0:0:1 | POST /user/index
[Gateway日志] 响应状态: 302 | 耗时: 49ms
[Gateway日志] 2026-04-28 18:01:24 | 0:0:0:0:0:0:0:1 | GET /user/home
[Gateway日志] 响应状态: 200 | 耗时: 181ms
[Gateway日志] 2026-04-28 18:01:26 | 0:0:0:0:0:0:0:1 | GET /user/movielist
[Gateway日志] 响应状态: 200 | 耗时: 25ms
[Gateway日志] 2026-04-28 18:01:27 | 0:0:0:0:0:0:0:1 | GET /user/reviews
[Gateway日志] 响应状态: 200 | 耗时: 185ms
[Gateway日志] 2026-04-28 18:01:29 | 0:0:0:0:0:0:0:1 | GET /user/home
[Gateway日志] 响应状态: 200 | 耗时: 84ms
[Gateway日志] 2026-04-28 18:01:32 | 0:0:0:0:0:0:0:1 | POST /user/index
[Gateway日志] 响应状态: 302 | 耗时: 37ms
[Gateway日志] 2026-04-28 18:01:32 | 0:0:0:0:0:0:0:1 | GET /user/home
[Gateway日志] 响应状态: 401 | 耗时: 2ms
[Gateway日志] 2026-04-28 18:01:32 | 0:0:0:0:0:0:0:1 | GET /user/home
[Gateway日志] 响应状态: 200 | 耗时: 5ms
[Gateway日志] 2026-04-28 18:01:32 | 0:0:0:0:0:0:0:1 | GET /user/login
[Gateway日志] 响应状态: 200 | 耗时: 2ms
[Gateway日志] 2026-04-28 18:01:32 | 0:0:0:0:0:0:0:1 | GET /recommend/hot
[Gateway日志] 响应状态: 401 | 耗时: 0ms
[Gateway日志] 2026-04-28 18:01:33 | 0:0:0:0:0:0:0:1 | GET /user/
[Gateway日志] 响应状态: 200 | 耗时: 13ms
[Gateway日志] 2026-04-28 18:01:37 | 0:0:0:0:0:0:0:1 | GET /user/home
[Gateway日志] 响应状态: 200 | 耗时: 81ms
[Gateway日志] 2026-04-28 18:02:35 | 0:0:0:0:0:0:0:1 | GET /user/home
[Gateway日志] 响应状态: 401 | 耗时: 2ms
[Gateway日志] 2026-04-28 18:02:42 | 0:0:0:0:0:0:0:1 | GET /user/
[Gateway日志] 响应状态: 401 | 耗时: 1ms
[Gateway日志] 2026-04-28 18:02:46 | 0:0:0:0:0:0:0:1 | GET /
[Gateway日志] 响应状态: 302 | 耗时: 0ms
[Gateway日志] 2026-04-28 18:02:46 | 0:0:0:0:0:0:0:1 | GET /user/login
[Gateway日志] 响应状态: 200 | 耗时: 26ms
[Gateway日志] 2026-04-28 18:02:58 | 0:0:0:0:0:0:0:1 | POST /user/index
[Gateway日志] 响应状态: 302 | 耗时: 64ms
[Gateway日志] 2026-04-28 18:02:58 | 0:0:0:0:0:0:0:1 | GET /user/home
[Gateway日志] 响应状态: 200 | 耗时: 85ms
2026-04-28T18:06:19.189+08:00  INFO 64210 --- [gateway-service] [rap-executor-%d] c.n.d.s.r.aws.ConfigClusterResolver      : Resolving eureka endpoints via configuration
2026-04-28T18:11:19.198+08:00  INFO 64210 --- [gateway-service] [rap-executor-%d] c.n.d.s.r.aws.ConfigClusterResolver      : Resolving eureka endpoints via configuration
[Gateway日志] 2026-04-28 18:12:34 | 0:0:0:0:0:0:0:1 | GET /
[Gateway日志] 响应状态: 302 | 耗时: 0ms
[Gateway日志] 2026-04-28 18:12:35 | 0:0:0:0:0:0:0:1 | GET /user/login
[Gateway日志] 响应状态: 200 | 耗时: 53ms
[Gateway日志] 2026-04-28 18:12:46 | 0:0:0:0:0:0:0:1 | GET /recommend/personalized
[Gateway日志] 响应状态: 200 | 耗时: 548ms
2026-04-28T18:16:19.207+08:00  INFO 64210 --- [gateway-service] [rap-executor-%d] c.n.d.s.r.aws.ConfigClusterResolver      : Resolving eureka endpoints via configuration
2026-04-28T18:21:19.215+08:00  INFO 64210 --- [gateway-service] [rap-executor-%d] c.n.d.s.r.aws.ConfigClusterResolver      : Resolving eureka endpoints via configuration
2026-04-28T18:26:19.225+08:00  INFO 64210 --- [gateway-service] [rap-executor-%d] c.n.d.s.r.aws.ConfigClusterResolver      : Resolving eureka endpoints via configuration
2026-04-28T18:31:19.235+08:00  INFO 64210 --- [gateway-service] [rap-executor-%d] c.n.d.s.r.aws.ConfigClusterResolver      : Resolving eureka endpoints via configuration
2026-04-28T18:36:19.246+08:00  INFO 64210 --- [gateway-service] [rap-executor-%d] c.n.d.s.r.aws.ConfigClusterResolver      : Resolving eureka endpoints via configuration
2026-04-28T18:41:19.256+08:00  INFO 64210 --- [gateway-service] [rap-executor-%d] c.n.d.s.r.aws.ConfigClusterResolver      : Resolving eureka endpoints via configuration
2026-04-28T18:46:19.264+08:00  INFO 64210 --- [gateway-service] [rap-executor-%d] c.n.d.s.r.aws.ConfigClusterResolver      : Resolving eureka endpoints via configuration
2026-04-28T18:51:19.274+08:00  INFO 64210 --- [gateway-service] [rap-executor-%d] c.n.d.s.r.aws.ConfigClusterResolver      : Resolving eureka endpoints via configuration
2026-04-28T18:56:19.286+08:00  INFO 64210 --- [gateway-service] [rap-executor-%d] c.n.d.s.r.aws.ConfigClusterResolver      : Resolving eureka endpoints via configuration
2026-04-28T19:01:19.295+08:00  INFO 64210 --- [gateway-service] [rap-executor-%d] c.n.d.s.r.aws.ConfigClusterResolver      : Resolving eureka endpoints via configuration
2026-04-28T19:06:19.306+08:00  INFO 64210 --- [gateway-service] [rap-executor-%d] c.n.d.s.r.aws.ConfigClusterResolver      : Resolving eureka endpoints via configuration
2026-04-28T19:11:19.319+08:00  INFO 64210 --- [gateway-service] [rap-executor-%d] c.n.d.s.r.aws.ConfigClusterResolver      : Resolving eureka endpoints via configuration
2026-04-28T19:16:19.331+08:00  INFO 64210 --- [gateway-service] [rap-executor-%d] c.n.d.s.r.aws.ConfigClusterResolver      : Resolving eureka endpoints via configuration
2026-04-28T19:21:19.349+08:00  INFO 64210 --- [gateway-service] [rap-executor-%d] c.n.d.s.r.aws.ConfigClusterResolver      : Resolving eureka endpoints via configuration
2026-04-28T19:26:19.365+08:00  INFO 64210 --- [gateway-service] [rap-executor-%d] c.n.d.s.r.aws.ConfigClusterResolver      : Resolving eureka endpoints via configuration
2026-04-28T19:31:19.369+08:00  INFO 64210 --- [gateway-service] [rap-executor-%d] c.n.d.s.r.aws.ConfigClusterResolver      : Resolving eureka endpoints via configuration
2026-04-28T19:36:19.383+08:00  INFO 64210 --- [gateway-service] [rap-executor-%d] c.n.d.s.r.aws.ConfigClusterResolver      : Resolving eureka endpoints via configuration
2026-04-28T19:41:19.390+08:00  INFO 64210 --- [gateway-service] [rap-executor-%d] c.n.d.s.r.aws.ConfigClusterResolver      : Resolving eureka endpoints via configuration
2026-04-28T19:46:19.403+08:00  INFO 64210 --- [gateway-service] [rap-executor-%d] c.n.d.s.r.aws.ConfigClusterResolver      : Resolving eureka endpoints via configuration
2026-04-28T19:51:19.415+08:00  INFO 64210 --- [gateway-service] [rap-executor-%d] c.n.d.s.r.aws.ConfigClusterResolver      : Resolving eureka endpoints via configuration
2026-04-28T19:56:19.431+08:00  INFO 64210 --- [gateway-service] [rap-executor-%d] c.n.d.s.r.aws.ConfigClusterResolver      : Resolving eureka endpoints via configuration
2026-04-28T20:01:19.447+08:00  INFO 64210 --- [gateway-service] [rap-executor-%d] c.n.d.s.r.aws.ConfigClusterResolver      : Resolving eureka endpoints via configuration
2026-04-28T20:06:19.458+08:00  INFO 64210 --- [gateway-service] [rap-executor-%d] c.n.d.s.r.aws.ConfigClusterResolver      : Resolving eureka endpoints via configuration
2026-04-28T20:11:19.468+08:00  INFO 64210 --- [gateway-service] [rap-executor-%d] c.n.d.s.r.aws.ConfigClusterResolver      : Resolving eureka endpoints via configuration
2026-04-28T20:16:19.482+08:00  INFO 64210 --- [gateway-service] [rap-executor-%d] c.n.d.s.r.aws.ConfigClusterResolver      : Resolving eureka endpoints via configuration
2026-04-28T20:21:19.496+08:00  INFO 64210 --- [gateway-service] [rap-executor-%d] c.n.d.s.r.aws.ConfigClusterResolver      : Resolving eureka endpoints via configuration
2026-04-28T20:26:19.512+08:00  INFO 64210 --- [gateway-service] [rap-executor-%d] c.n.d.s.r.aws.ConfigClusterResolver      : Resolving eureka endpoints via configuration
2026-04-28T20:31:19.522+08:00  INFO 64210 --- [gateway-service] [rap-executor-%d] c.n.d.s.r.aws.ConfigClusterResolver      : Resolving eureka endpoints via configuration
2026-04-28T20:36:19.529+08:00  INFO 64210 --- [gateway-service] [rap-executor-%d] c.n.d.s.r.aws.ConfigClusterResolver      : Resolving eureka endpoints via configuration
2026-04-28T20:41:19.539+08:00  INFO 64210 --- [gateway-service] [rap-executor-%d] c.n.d.s.r.aws.ConfigClusterResolver      : Resolving eureka endpoints via configuration
2026-04-28T20:46:19.550+08:00  INFO 64210 --- [gateway-service] [rap-executor-%d] c.n.d.s.r.aws.ConfigClusterResolver      : Resolving eureka endpoints via configuration
2026-04-28T20:51:19.560+08:00  INFO 64210 --- [gateway-service] [rap-executor-%d] c.n.d.s.r.aws.ConfigClusterResolver      : Resolving eureka endpoints via configuration
2026-04-28T20:56:19.571+08:00  INFO 64210 --- [gateway-service] [rap-executor-%d] c.n.d.s.r.aws.ConfigClusterResolver      : Resolving eureka endpoints via configuration
2026-04-28T21:01:19.580+08:00  INFO 64210 --- [gateway-service] [rap-executor-%d] c.n.d.s.r.aws.ConfigClusterResolver      : Resolving eureka endpoints via configuration
2026-04-28T21:06:19.594+08:00  INFO 64210 --- [gateway-service] [rap-executor-%d] c.n.d.s.r.aws.ConfigClusterResolver      : Resolving eureka endpoints via configuration
2026-04-28T21:11:19.603+08:00  INFO 64210 --- [gateway-service] [rap-executor-%d] c.n.d.s.r.aws.ConfigClusterResolver      : Resolving eureka endpoints via configuration
2026-04-28T21:16:19.616+08:00  INFO 64210 --- [gateway-service] [rap-executor-%d] c.n.d.s.r.aws.ConfigClusterResolver      : Resolving eureka endpoints via configuration
2026-04-28T21:21:19.626+08:00  INFO 64210 --- [gateway-service] [rap-executor-%d] c.n.d.s.r.aws.ConfigClusterResolver      : Resolving eureka endpoints via configuration
2026-04-28T21:26:19.593+08:00  INFO 64210 --- [gateway-service] [rap-executor-%d] c.n.d.s.r.aws.ConfigClusterResolver      : Resolving eureka endpoints via configuration
2026-04-28T21:31:19.602+08:00  INFO 64210 --- [gateway-service] [rap-executor-%d] c.n.d.s.r.aws.ConfigClusterResolver      : Resolving eureka endpoints via configuration
2026-04-28T21:36:19.611+08:00  INFO 64210 --- [gateway-service] [rap-executor-%d] c.n.d.s.r.aws.ConfigClusterResolver      : Resolving eureka endpoints via configuration
2026-04-28T21:41:19.625+08:00  INFO 64210 --- [gateway-service] [rap-executor-%d] c.n.d.s.r.aws.ConfigClusterResolver      : Resolving eureka endpoints via configuration
2026-04-28T21:46:19.624+08:00  INFO 64210 --- [gateway-service] [rap-executor-%d] c.n.d.s.r.aws.ConfigClusterResolver      : Resolving eureka endpoints via configuration
2026-04-28T21:51:19.629+08:00  INFO 64210 --- [gateway-service] [rap-executor-%d] c.n.d.s.r.aws.ConfigClusterResolver      : Resolving eureka endpoints via configuration
2026-04-28T21:56:19.638+08:00  INFO 64210 --- [gateway-service] [rap-executor-%d] c.n.d.s.r.aws.ConfigClusterResolver      : Resolving eureka endpoints via configuration
2026-04-28T22:01:19.647+08:00  INFO 64210 --- [gateway-service] [rap-executor-%d] c.n.d.s.r.aws.ConfigClusterResolver      : Resolving eureka endpoints via configuration
2026-04-28T22:06:19.655+08:00  INFO 64210 --- [gateway-service] [rap-executor-%d] c.n.d.s.r.aws.ConfigClusterResolver      : Resolving eureka endpoints via configuration
2026-04-28T22:11:19.673+08:00  INFO 64210 --- [gateway-service] [rap-executor-%d] c.n.d.s.r.aws.ConfigClusterResolver      : Resolving eureka endpoints via configuration
2026-04-28T22:16:19.682+08:00  INFO 64210 --- [gateway-service] [rap-executor-%d] c.n.d.s.r.aws.ConfigClusterResolver      : Resolving eureka endpoints via configuration
2026-04-28T22:21:19.690+08:00  INFO 64210 --- [gateway-service] [rap-executor-%d] c.n.d.s.r.aws.ConfigClusterResolver      : Resolving eureka endpoints via configuration
2026-04-28T22:26:19.704+08:00  INFO 64210 --- [gateway-service] [rap-executor-%d] c.n.d.s.r.aws.ConfigClusterResolver      : Resolving eureka endpoints via configuration
2026-04-28T22:31:19.708+08:00  INFO 64210 --- [gateway-service] [rap-executor-%d] c.n.d.s.r.aws.ConfigClusterResolver      : Resolving eureka endpoints via configuration
2026-04-28T22:36:19.720+08:00  INFO 64210 --- [gateway-service] [rap-executor-%d] c.n.d.s.r.aws.ConfigClusterResolver      : Resolving eureka endpoints via configuration
2026-04-28T22:41:19.726+08:00  INFO 64210 --- [gateway-service] [rap-executor-%d] c.n.d.s.r.aws.ConfigClusterResolver      : Resolving eureka endpoints via configuration
