
  .   ____          _            __ _ _
 /\\ / ___'_ __ _ _(_)_ __  __ _ \ \ \ \
( ( )\___ | '_ | '_| | '_ \/ _` | \ \ \ \
 \\/  ___)| |_)| | | | | || (_| |  ) ) ) )
  '  |____| .__|_| |_|_| |_\__, | / / / /
 =========|_|==============|___/=/_/_/_/

 :: Spring Boot ::                (v3.4.1)

2026-04-26T12:59:55.076+08:00  INFO 67727 --- [movies-service] [           main] c.c.c.ConfigServicePropertySourceLocator : Fetching config from server at : http://localhost:8888
2026-04-26T12:59:55.217+08:00  INFO 67727 --- [movies-service] [           main] c.c.c.ConfigServicePropertySourceLocator : Located environment: name=movies-service, profiles=[dev], label=main, version=null, state=null
2026-04-26T12:59:55.218+08:00  INFO 67727 --- [movies-service] [           main] b.c.PropertySourceBootstrapConfiguration : Located property source: [BootstrapPropertySource {name='bootstrapProperties-configClient'}]
2026-04-26T12:59:55.226+08:00  INFO 67727 --- [movies-service] [           main] e.c.y.YingpingsxitongApplication         : No active profile set, falling back to 1 default profile: "default"
2026-04-26T12:59:55.668+08:00  INFO 67727 --- [movies-service] [           main] .s.d.r.c.RepositoryConfigurationDelegate : Multiple Spring Data modules found, entering strict repository configuration mode
2026-04-26T12:59:55.669+08:00  INFO 67727 --- [movies-service] [           main] .s.d.r.c.RepositoryConfigurationDelegate : Bootstrapping Spring Data Redis repositories in DEFAULT mode.
2026-04-26T12:59:55.680+08:00  INFO 67727 --- [movies-service] [           main] .s.d.r.c.RepositoryConfigurationDelegate : Finished Spring Data repository scanning in 3 ms. Found 0 Redis repository interfaces.
2026-04-26T12:59:55.799+08:00  INFO 67727 --- [movies-service] [           main] o.s.cloud.context.scope.GenericScope     : BeanFactory id=1e8f1ff3-997a-3908-8c91-f0ed70f1c4cd
WARNING: A restricted method in java.lang.System has been called
WARNING: java.lang.System::load has been called by org.apache.tomcat.jni.Library in an unnamed module (jar:nested:/Users/fanjinchen/工程实践/Movies/Movies/target/yingpingsxitong-0.0.1-SNAPSHOT.jar/!BOOT-INF/lib/tomcat-embed-core-10.1.34.jar!/)
WARNING: Use --enable-native-access=ALL-UNNAMED to avoid a warning for callers in this module
WARNING: Restricted methods will be blocked in a future release unless native access is enabled

2026-04-26T12:59:56.127+08:00  INFO 67727 --- [movies-service] [           main] o.s.b.w.embedded.tomcat.TomcatWebServer  : Tomcat initialized with port 8081 (http)
2026-04-26T12:59:56.135+08:00  INFO 67727 --- [movies-service] [           main] o.apache.catalina.core.StandardService   : Starting service [Tomcat]
2026-04-26T12:59:56.135+08:00  INFO 67727 --- [movies-service] [           main] o.apache.catalina.core.StandardEngine    : Starting Servlet engine: [Apache Tomcat/10.1.34]
2026-04-26T12:59:56.149+08:00  INFO 67727 --- [movies-service] [           main] o.a.c.c.C.[Tomcat].[localhost].[/]       : Initializing Spring embedded WebApplicationContext
2026-04-26T12:59:56.149+08:00  INFO 67727 --- [movies-service] [           main] w.s.c.ServletWebServerApplicationContext : Root WebApplicationContext: initialization completed in 909 ms
2026-04-26T12:59:56.538+08:00  INFO 67727 --- [movies-service] [           main] o.s.c.openfeign.FeignClientFactoryBean   : For 'movies-service' URL not provided. Will try picking an instance via load-balancing.
2026-04-26T12:59:56.578+08:00  INFO 67727 --- [movies-service] [           main] o.s.c.openfeign.FeignClientFactoryBean   : For 'movies-service' URL not provided. Will try picking an instance via load-balancing.
2026-04-26T12:59:56.588+08:00  INFO 67727 --- [movies-service] [           main] o.s.c.openfeign.FeignClientFactoryBean   : For 'movies-service' URL not provided. Will try picking an instance via load-balancing.
2026-04-26T12:59:56.598+08:00  INFO 67727 --- [movies-service] [           main] o.s.c.openfeign.FeignClientFactoryBean   : For 'movies-service' URL not provided. Will try picking an instance via load-balancing.
2026-04-26T12:59:56.650+08:00  WARN 67727 --- [movies-service] [           main] .s.s.UserDetailsServiceAutoConfiguration : 

Using generated security password: 91484d1b-3a46-4c0f-b7ce-c6fdde9ffd15

This generated password is for development use only. Your security configuration must be updated before running your application in production.

2026-04-26T12:59:56.654+08:00  INFO 67727 --- [movies-service] [           main] r$InitializeUserDetailsManagerConfigurer : Global AuthenticationManager configured with UserDetailsService bean with name inMemoryUserDetailsManager
WARNING: A terminally deprecated method in sun.misc.Unsafe has been called
WARNING: sun.misc.Unsafe::allocateMemory has been called by io.netty.util.internal.PlatformDependent0$2 (jar:nested:/Users/fanjinchen/工程实践/Movies/Movies/target/yingpingsxitong-0.0.1-SNAPSHOT.jar/!BOOT-INF/lib/netty-common-4.1.116.Final.jar!/)
WARNING: Please consider reporting this to the maintainers of class io.netty.util.internal.PlatformDependent0$2
WARNING: sun.misc.Unsafe::allocateMemory will be removed in a future release
2026-04-26T12:59:57.083+08:00  INFO 67727 --- [movies-service] [           main] o.s.b.a.e.web.EndpointLinksResolver      : Exposing 18 endpoints beneath base path '/actuator'
2026-04-26T12:59:57.380+08:00  INFO 67727 --- [movies-service] [           main] DiscoveryClientOptionalArgsConfiguration : Eureka HTTP Client uses RestTemplate.
2026-04-26T12:59:57.398+08:00  WARN 67727 --- [movies-service] [           main] iguration$LoadBalancerCaffeineWarnLogger : Spring Cloud LoadBalancer is currently working with the default cache. While this cache implementation is useful for development and tests, it's recommended to use Caffeine cache in production.You can switch to using Caffeine cache, by adding it and org.springframework.cache.caffeine.CaffeineCacheManager to the classpath.
2026-04-26T12:59:57.431+08:00  INFO 67727 --- [movies-service] [           main] o.s.c.n.eureka.InstanceInfoFactory       : Setting initial instance status as: STARTING
2026-04-26T12:59:57.446+08:00  INFO 67727 --- [movies-service] [           main] com.netflix.discovery.DiscoveryClient    : Initializing Eureka in region us-east-1
2026-04-26T12:59:57.449+08:00  INFO 67727 --- [movies-service] [           main] c.n.d.s.r.aws.ConfigClusterResolver      : Resolving eureka endpoints via configuration
2026-04-26T12:59:57.456+08:00  INFO 67727 --- [movies-service] [           main] com.netflix.discovery.DiscoveryClient    : Disable delta property : false
2026-04-26T12:59:57.456+08:00  INFO 67727 --- [movies-service] [           main] com.netflix.discovery.DiscoveryClient    : Single vip registry refresh property : null
2026-04-26T12:59:57.456+08:00  INFO 67727 --- [movies-service] [           main] com.netflix.discovery.DiscoveryClient    : Force full registry fetch : false
2026-04-26T12:59:57.456+08:00  INFO 67727 --- [movies-service] [           main] com.netflix.discovery.DiscoveryClient    : Application is null : false
2026-04-26T12:59:57.456+08:00  INFO 67727 --- [movies-service] [           main] com.netflix.discovery.DiscoveryClient    : Registered Applications size is zero : true
2026-04-26T12:59:57.456+08:00  INFO 67727 --- [movies-service] [           main] com.netflix.discovery.DiscoveryClient    : Application version is -1: true
2026-04-26T12:59:57.456+08:00  INFO 67727 --- [movies-service] [           main] com.netflix.discovery.DiscoveryClient    : Getting all instance registry info from the eureka server
2026-04-26T12:59:57.647+08:00  INFO 67727 --- [movies-service] [           main] com.netflix.discovery.DiscoveryClient    : The response status is 200
2026-04-26T12:59:57.648+08:00  INFO 67727 --- [movies-service] [           main] com.netflix.discovery.DiscoveryClient    : Starting heartbeat executor: renew interval is: 30
2026-04-26T12:59:57.648+08:00  INFO 67727 --- [movies-service] [           main] c.n.discovery.InstanceInfoReplicator     : InstanceInfoReplicator onDemand update allowed rate per min is 4
2026-04-26T12:59:57.649+08:00  INFO 67727 --- [movies-service] [           main] com.netflix.discovery.DiscoveryClient    : Discovery Client initialized at timestamp 1777179597649 with initial instances count: 0
2026-04-26T12:59:57.652+08:00  INFO 67727 --- [movies-service] [           main] o.s.c.n.e.s.EurekaServiceRegistry        : Registering application MOVIES-SERVICE with eureka with status UP
2026-04-26T12:59:57.652+08:00  INFO 67727 --- [movies-service] [           main] com.netflix.discovery.DiscoveryClient    : Saw local status change event StatusChangeEvent [timestamp=1777179597652, current=UP, previous=STARTING]
2026-04-26T12:59:57.654+08:00  INFO 67727 --- [movies-service] [foReplicator-%d] com.netflix.discovery.DiscoveryClient    : DiscoveryClient_MOVIES-SERVICE/mac:movies-service:8081: registering service...
2026-04-26T12:59:57.667+08:00  INFO 67727 --- [movies-service] [           main] o.s.b.w.embedded.tomcat.TomcatWebServer  : Tomcat started on port 8081 (http) with context path '/'
2026-04-26T12:59:57.668+08:00  INFO 67727 --- [movies-service] [           main] .s.c.n.e.s.EurekaAutoServiceRegistration : Updating port to 8081
2026-04-26T12:59:57.685+08:00  INFO 67727 --- [movies-service] [           main] e.c.y.YingpingsxitongApplication         : Started YingpingsxitongApplication in 3.007 seconds (process running for 3.235)
2026-04-26T12:59:57.720+08:00  INFO 67727 --- [movies-service] [foReplicator-%d] com.netflix.discovery.DiscoveryClient    : DiscoveryClient_MOVIES-SERVICE/mac:movies-service:8081 - registration status: 204
2026-04-26T13:00:27.654+08:00  INFO 67727 --- [movies-service] [reshExecutor-%d] com.netflix.discovery.DiscoveryClient    : Disable delta property : false
2026-04-26T13:00:27.656+08:00  INFO 67727 --- [movies-service] [reshExecutor-%d] com.netflix.discovery.DiscoveryClient    : Single vip registry refresh property : null
2026-04-26T13:00:27.657+08:00  INFO 67727 --- [movies-service] [reshExecutor-%d] com.netflix.discovery.DiscoveryClient    : Force full registry fetch : false
2026-04-26T13:00:27.657+08:00  INFO 67727 --- [movies-service] [reshExecutor-%d] com.netflix.discovery.DiscoveryClient    : Application is null : false
2026-04-26T13:00:27.657+08:00  INFO 67727 --- [movies-service] [reshExecutor-%d] com.netflix.discovery.DiscoveryClient    : Registered Applications size is zero : true
2026-04-26T13:00:27.657+08:00  INFO 67727 --- [movies-service] [reshExecutor-%d] com.netflix.discovery.DiscoveryClient    : Application version is -1: false
2026-04-26T13:00:27.657+08:00  INFO 67727 --- [movies-service] [reshExecutor-%d] com.netflix.discovery.DiscoveryClient    : Getting all instance registry info from the eureka server
2026-04-26T13:00:27.677+08:00  INFO 67727 --- [movies-service] [reshExecutor-%d] com.netflix.discovery.DiscoveryClient    : The response status is 200
2026-04-26T13:01:18.711+08:00  INFO 67727 --- [movies-service] [nio-8081-exec-1] o.a.c.c.C.[Tomcat].[localhost].[/]       : Initializing Spring DispatcherServlet 'dispatcherServlet'
2026-04-26T13:01:18.712+08:00  INFO 67727 --- [movies-service] [nio-8081-exec-1] o.s.web.servlet.DispatcherServlet        : Initializing Servlet 'dispatcherServlet'
2026-04-26T13:01:18.717+08:00  INFO 67727 --- [movies-service] [nio-8081-exec-1] o.s.web.servlet.DispatcherServlet        : Completed initialization in 5 ms
2026-04-26T13:01:18.750+08:00  INFO 67727 --- [movies-service] [nio-8081-exec-1] com.zaxxer.hikari.HikariDataSource       : HikariPool-1 - Starting...
2026-04-26T13:01:18.814+08:00  INFO 67727 --- [movies-service] [nio-8081-exec-1] com.zaxxer.hikari.pool.HikariPool        : HikariPool-1 - Added connection com.mysql.cj.jdbc.ConnectionImpl@2f191d73
2026-04-26T13:01:18.816+08:00  INFO 67727 --- [movies-service] [nio-8081-exec-1] com.zaxxer.hikari.HikariDataSource       : HikariPool-1 - Start completed.
2026-04-26T13:04:57.464+08:00  INFO 67727 --- [movies-service] [rap-executor-%d] c.n.d.s.r.aws.ConfigClusterResolver      : Resolving eureka endpoints via configuration
2026-04-26T13:09:57.470+08:00  INFO 67727 --- [movies-service] [rap-executor-%d] c.n.d.s.r.aws.ConfigClusterResolver      : Resolving eureka endpoints via configuration
2026-04-26T13:14:57.477+08:00  INFO 67727 --- [movies-service] [rap-executor-%d] c.n.d.s.r.aws.ConfigClusterResolver      : Resolving eureka endpoints via configuration
2026-04-26T13:19:57.498+08:00  INFO 67727 --- [movies-service] [rap-executor-%d] c.n.d.s.r.aws.ConfigClusterResolver      : Resolving eureka endpoints via configuration
2026-04-26T13:24:57.507+08:00  INFO 67727 --- [movies-service] [rap-executor-%d] c.n.d.s.r.aws.ConfigClusterResolver      : Resolving eureka endpoints via configuration
2026-04-26T13:29:57.517+08:00  INFO 67727 --- [movies-service] [rap-executor-%d] c.n.d.s.r.aws.ConfigClusterResolver      : Resolving eureka endpoints via configuration
2026-04-26T13:34:57.523+08:00  INFO 67727 --- [movies-service] [rap-executor-%d] c.n.d.s.r.aws.ConfigClusterResolver      : Resolving eureka endpoints via configuration
2026-04-26T13:39:57.536+08:00  INFO 67727 --- [movies-service] [rap-executor-%d] c.n.d.s.r.aws.ConfigClusterResolver      : Resolving eureka endpoints via configuration
2026-04-26T13:44:57.548+08:00  INFO 67727 --- [movies-service] [rap-executor-%d] c.n.d.s.r.aws.ConfigClusterResolver      : Resolving eureka endpoints via configuration
2026-04-26T13:49:57.556+08:00  INFO 67727 --- [movies-service] [rap-executor-%d] c.n.d.s.r.aws.ConfigClusterResolver      : Resolving eureka endpoints via configuration
2026-04-26T13:54:57.564+08:00  INFO 67727 --- [movies-service] [rap-executor-%d] c.n.d.s.r.aws.ConfigClusterResolver      : Resolving eureka endpoints via configuration
2026-04-26T13:59:57.572+08:00  INFO 67727 --- [movies-service] [rap-executor-%d] c.n.d.s.r.aws.ConfigClusterResolver      : Resolving eureka endpoints via configuration
2026-04-26T14:04:57.592+08:00  INFO 67727 --- [movies-service] [rap-executor-%d] c.n.d.s.r.aws.ConfigClusterResolver      : Resolving eureka endpoints via configuration
2026-04-26T14:09:57.603+08:00  INFO 67727 --- [movies-service] [rap-executor-%d] c.n.d.s.r.aws.ConfigClusterResolver      : Resolving eureka endpoints via configuration
2026-04-26T14:14:57.614+08:00  INFO 67727 --- [movies-service] [rap-executor-%d] c.n.d.s.r.aws.ConfigClusterResolver      : Resolving eureka endpoints via configuration
2026-04-26T14:19:57.633+08:00  INFO 67727 --- [movies-service] [rap-executor-%d] c.n.d.s.r.aws.ConfigClusterResolver      : Resolving eureka endpoints via configuration
2026-04-26T14:24:57.647+08:00  INFO 67727 --- [movies-service] [rap-executor-%d] c.n.d.s.r.aws.ConfigClusterResolver      : Resolving eureka endpoints via configuration
2026-04-26T14:29:57.659+08:00  INFO 67727 --- [movies-service] [rap-executor-%d] c.n.d.s.r.aws.ConfigClusterResolver      : Resolving eureka endpoints via configuration
2026-04-26T14:34:57.672+08:00  INFO 67727 --- [movies-service] [rap-executor-%d] c.n.d.s.r.aws.ConfigClusterResolver      : Resolving eureka endpoints via configuration
2026-04-26T14:39:57.684+08:00  INFO 67727 --- [movies-service] [rap-executor-%d] c.n.d.s.r.aws.ConfigClusterResolver      : Resolving eureka endpoints via configuration
2026-04-26T14:44:57.698+08:00  INFO 67727 --- [movies-service] [rap-executor-%d] c.n.d.s.r.aws.ConfigClusterResolver      : Resolving eureka endpoints via configuration
2026-04-26T14:49:57.709+08:00  INFO 67727 --- [movies-service] [rap-executor-%d] c.n.d.s.r.aws.ConfigClusterResolver      : Resolving eureka endpoints via configuration
2026-04-26T14:54:57.722+08:00  INFO 67727 --- [movies-service] [rap-executor-%d] c.n.d.s.r.aws.ConfigClusterResolver      : Resolving eureka endpoints via configuration
2026-04-26T14:59:57.728+08:00  INFO 67727 --- [movies-service] [rap-executor-%d] c.n.d.s.r.aws.ConfigClusterResolver      : Resolving eureka endpoints via configuration
2026-04-26T15:04:57.742+08:00  INFO 67727 --- [movies-service] [rap-executor-%d] c.n.d.s.r.aws.ConfigClusterResolver      : Resolving eureka endpoints via configuration
2026-04-26T15:09:57.755+08:00  INFO 67727 --- [movies-service] [rap-executor-%d] c.n.d.s.r.aws.ConfigClusterResolver      : Resolving eureka endpoints via configuration
2026-04-26T15:14:57.764+08:00  INFO 67727 --- [movies-service] [rap-executor-%d] c.n.d.s.r.aws.ConfigClusterResolver      : Resolving eureka endpoints via configuration
2026-04-26T15:19:57.770+08:00  INFO 67727 --- [movies-service] [rap-executor-%d] c.n.d.s.r.aws.ConfigClusterResolver      : Resolving eureka endpoints via configuration
2026-04-26T15:24:57.784+08:00  INFO 67727 --- [movies-service] [rap-executor-%d] c.n.d.s.r.aws.ConfigClusterResolver      : Resolving eureka endpoints via configuration
2026-04-26T15:29:57.787+08:00  INFO 67727 --- [movies-service] [rap-executor-%d] c.n.d.s.r.aws.ConfigClusterResolver      : Resolving eureka endpoints via configuration
2026-04-26T15:34:57.797+08:00  INFO 67727 --- [movies-service] [rap-executor-%d] c.n.d.s.r.aws.ConfigClusterResolver      : Resolving eureka endpoints via configuration
2026-04-26T15:39:57.808+08:00  INFO 67727 --- [movies-service] [rap-executor-%d] c.n.d.s.r.aws.ConfigClusterResolver      : Resolving eureka endpoints via configuration
2026-04-26T15:44:57.817+08:00  INFO 67727 --- [movies-service] [rap-executor-%d] c.n.d.s.r.aws.ConfigClusterResolver      : Resolving eureka endpoints via configuration
2026-04-26T15:49:57.827+08:00  INFO 67727 --- [movies-service] [rap-executor-%d] c.n.d.s.r.aws.ConfigClusterResolver      : Resolving eureka endpoints via configuration
2026-04-26T15:54:57.837+08:00  INFO 67727 --- [movies-service] [rap-executor-%d] c.n.d.s.r.aws.ConfigClusterResolver      : Resolving eureka endpoints via configuration
2026-04-26T15:59:57.812+08:00  INFO 67727 --- [movies-service] [rap-executor-%d] c.n.d.s.r.aws.ConfigClusterResolver      : Resolving eureka endpoints via configuration
2026-04-26T16:04:57.817+08:00  INFO 67727 --- [movies-service] [rap-executor-%d] c.n.d.s.r.aws.ConfigClusterResolver      : Resolving eureka endpoints via configuration
2026-04-26T16:05:21.098+08:00  INFO 67727 --- [movies-service] [ionShutdownHook] o.s.c.n.e.s.EurekaServiceRegistry        : Unregistering application MOVIES-SERVICE with eureka with status DOWN
2026-04-26T16:05:21.099+08:00  INFO 67727 --- [movies-service] [ionShutdownHook] com.netflix.discovery.DiscoveryClient    : Saw local status change event StatusChangeEvent [timestamp=1777190721099, current=DOWN, previous=UP]
2026-04-26T16:05:21.099+08:00  INFO 67727 --- [movies-service] [foReplicator-%d] com.netflix.discovery.DiscoveryClient    : DiscoveryClient_MOVIES-SERVICE/mac:movies-service:8081: registering service...
2026-04-26T16:05:21.107+08:00  INFO 67727 --- [movies-service] [ionShutdownHook] o.s.b.w.e.tomcat.GracefulShutdown        : Commencing graceful shutdown. Waiting for active requests to complete
2026-04-26T16:05:21.110+08:00  INFO 67727 --- [movies-service] [foReplicator-%d] com.netflix.discovery.DiscoveryClient    : DiscoveryClient_MOVIES-SERVICE/mac:movies-service:8081 - registration status: 204
2026-04-26T16:05:21.111+08:00  INFO 67727 --- [movies-service] [tomcat-shutdown] o.s.b.w.e.tomcat.GracefulShutdown        : Graceful shutdown complete
2026-04-26T16:05:21.144+08:00  INFO 67727 --- [movies-service] [ionShutdownHook] com.zaxxer.hikari.HikariDataSource       : HikariPool-1 - Shutdown initiated...
2026-04-26T16:05:21.148+08:00  INFO 67727 --- [movies-service] [ionShutdownHook] com.zaxxer.hikari.HikariDataSource       : HikariPool-1 - Shutdown completed.
2026-04-26T16:05:21.149+08:00  INFO 67727 --- [movies-service] [ionShutdownHook] com.netflix.discovery.DiscoveryClient    : Shutting down DiscoveryClient ...
2026-04-26T16:05:24.152+08:00  INFO 67727 --- [movies-service] [ionShutdownHook] com.netflix.discovery.DiscoveryClient    : Unregistering ...
2026-04-26T16:05:24.159+08:00  INFO 67727 --- [movies-service] [ionShutdownHook] com.netflix.discovery.DiscoveryClient    : DiscoveryClient_MOVIES-SERVICE/mac:movies-service:8081 - deregister  status: 200
2026-04-26T16:05:24.159+08:00  INFO 67727 --- [movies-service] [ionShutdownHook] com.netflix.discovery.DiscoveryClient    : Completed shut down of DiscoveryClient
