
  .   ____          _            __ _ _
 /\\ / ___'_ __ _ _(_)_ __  __ _ \ \ \ \
( ( )\___ | '_ | '_| | '_ \/ _` | \ \ \ \
 \\/  ___)| |_)| | | | | || (_| |  ) ) ) )
  '  |____| .__|_| |_|_| |_\__, | / / / /
 =========|_|==============|___/=/_/_/_/

 :: Spring Boot ::                (v3.4.1)

2026-04-23T01:57:58.975+08:00  INFO 13082 --- [movies-service] [           main] c.c.c.ConfigServicePropertySourceLocator : Fetching config from server at : http://localhost:8888
2026-04-23T01:57:59.059+08:00  INFO 13082 --- [movies-service] [           main] c.c.c.ConfigServicePropertySourceLocator : Located environment: name=movies-service, profiles=[dev], label=main, version=null, state=null
2026-04-23T01:57:59.059+08:00  INFO 13082 --- [movies-service] [           main] b.c.PropertySourceBootstrapConfiguration : Located property source: [BootstrapPropertySource {name='bootstrapProperties-configClient'}]
2026-04-23T01:57:59.062+08:00  INFO 13082 --- [movies-service] [           main] e.c.y.YingpingsxitongApplication         : No active profile set, falling back to 1 default profile: "default"
2026-04-23T01:57:59.514+08:00  INFO 13082 --- [movies-service] [           main] o.s.cloud.context.scope.GenericScope     : BeanFactory id=6eb64f47-4bf5-389e-b588-1fd05b55b916
WARNING: A restricted method in java.lang.System has been called
WARNING: java.lang.System::load has been called by org.apache.tomcat.jni.Library in an unnamed module (jar:nested:/Users/fanjinchen/工程实践/Movies/Movies/target/yingpingsxitong-0.0.1-SNAPSHOT.jar/!BOOT-INF/lib/tomcat-embed-core-10.1.34.jar!/)
WARNING: Use --enable-native-access=ALL-UNNAMED to avoid a warning for callers in this module
WARNING: Restricted methods will be blocked in a future release unless native access is enabled

2026-04-23T01:57:59.815+08:00  INFO 13082 --- [movies-service] [           main] o.s.b.w.embedded.tomcat.TomcatWebServer  : Tomcat initialized with port 8081 (http)
2026-04-23T01:57:59.822+08:00  INFO 13082 --- [movies-service] [           main] o.apache.catalina.core.StandardService   : Starting service [Tomcat]
2026-04-23T01:57:59.822+08:00  INFO 13082 --- [movies-service] [           main] o.apache.catalina.core.StandardEngine    : Starting Servlet engine: [Apache Tomcat/10.1.34]
2026-04-23T01:57:59.841+08:00  INFO 13082 --- [movies-service] [           main] o.a.c.c.C.[Tomcat].[localhost].[/]       : Initializing Spring embedded WebApplicationContext
2026-04-23T01:57:59.841+08:00  INFO 13082 --- [movies-service] [           main] w.s.c.ServletWebServerApplicationContext : Root WebApplicationContext: initialization completed in 772 ms
2026-04-23T01:58:00.197+08:00  INFO 13082 --- [movies-service] [           main] o.s.c.openfeign.FeignClientFactoryBean   : For 'movies-service' URL not provided. Will try picking an instance via load-balancing.
2026-04-23T01:58:00.236+08:00  INFO 13082 --- [movies-service] [           main] o.s.c.openfeign.FeignClientFactoryBean   : For 'movies-service' URL not provided. Will try picking an instance via load-balancing.
2026-04-23T01:58:00.246+08:00  INFO 13082 --- [movies-service] [           main] o.s.c.openfeign.FeignClientFactoryBean   : For 'movies-service' URL not provided. Will try picking an instance via load-balancing.
2026-04-23T01:58:00.255+08:00  INFO 13082 --- [movies-service] [           main] o.s.c.openfeign.FeignClientFactoryBean   : For 'movies-service' URL not provided. Will try picking an instance via load-balancing.
2026-04-23T01:58:00.296+08:00  WARN 13082 --- [movies-service] [           main] .s.s.UserDetailsServiceAutoConfiguration : 

Using generated security password: e7914521-ecdb-4908-bfaa-5d6f60e9b444

This generated password is for development use only. Your security configuration must be updated before running your application in production.

2026-04-23T01:58:00.300+08:00  INFO 13082 --- [movies-service] [           main] r$InitializeUserDetailsManagerConfigurer : Global AuthenticationManager configured with UserDetailsService bean with name inMemoryUserDetailsManager
2026-04-23T01:58:00.558+08:00  INFO 13082 --- [movies-service] [           main] o.s.b.a.e.web.EndpointLinksResolver      : Exposing 17 endpoints beneath base path '/actuator'
2026-04-23T01:58:00.776+08:00  INFO 13082 --- [movies-service] [           main] DiscoveryClientOptionalArgsConfiguration : Eureka HTTP Client uses RestTemplate.
2026-04-23T01:58:00.799+08:00  WARN 13082 --- [movies-service] [           main] iguration$LoadBalancerCaffeineWarnLogger : Spring Cloud LoadBalancer is currently working with the default cache. While this cache implementation is useful for development and tests, it's recommended to use Caffeine cache in production.You can switch to using Caffeine cache, by adding it and org.springframework.cache.caffeine.CaffeineCacheManager to the classpath.
2026-04-23T01:58:00.827+08:00  INFO 13082 --- [movies-service] [           main] o.s.c.n.eureka.InstanceInfoFactory       : Setting initial instance status as: STARTING
2026-04-23T01:58:00.837+08:00  INFO 13082 --- [movies-service] [           main] com.netflix.discovery.DiscoveryClient    : Initializing Eureka in region us-east-1
2026-04-23T01:58:00.839+08:00  INFO 13082 --- [movies-service] [           main] c.n.d.s.r.aws.ConfigClusterResolver      : Resolving eureka endpoints via configuration
2026-04-23T01:58:00.843+08:00  INFO 13082 --- [movies-service] [           main] com.netflix.discovery.DiscoveryClient    : Disable delta property : false
2026-04-23T01:58:00.843+08:00  INFO 13082 --- [movies-service] [           main] com.netflix.discovery.DiscoveryClient    : Single vip registry refresh property : null
2026-04-23T01:58:00.843+08:00  INFO 13082 --- [movies-service] [           main] com.netflix.discovery.DiscoveryClient    : Force full registry fetch : false
2026-04-23T01:58:00.843+08:00  INFO 13082 --- [movies-service] [           main] com.netflix.discovery.DiscoveryClient    : Application is null : false
2026-04-23T01:58:00.843+08:00  INFO 13082 --- [movies-service] [           main] com.netflix.discovery.DiscoveryClient    : Registered Applications size is zero : true
2026-04-23T01:58:00.843+08:00  INFO 13082 --- [movies-service] [           main] com.netflix.discovery.DiscoveryClient    : Application version is -1: true
2026-04-23T01:58:00.843+08:00  INFO 13082 --- [movies-service] [           main] com.netflix.discovery.DiscoveryClient    : Getting all instance registry info from the eureka server
2026-04-23T01:58:00.989+08:00  INFO 13082 --- [movies-service] [           main] com.netflix.discovery.DiscoveryClient    : The response status is 200
2026-04-23T01:58:00.990+08:00  INFO 13082 --- [movies-service] [           main] com.netflix.discovery.DiscoveryClient    : Starting heartbeat executor: renew interval is: 30
2026-04-23T01:58:00.991+08:00  INFO 13082 --- [movies-service] [           main] c.n.discovery.InstanceInfoReplicator     : InstanceInfoReplicator onDemand update allowed rate per min is 4
2026-04-23T01:58:00.991+08:00  INFO 13082 --- [movies-service] [           main] com.netflix.discovery.DiscoveryClient    : Discovery Client initialized at timestamp 1776880680991 with initial instances count: 4
2026-04-23T01:58:00.994+08:00  INFO 13082 --- [movies-service] [           main] o.s.c.n.e.s.EurekaServiceRegistry        : Registering application MOVIES-SERVICE with eureka with status UP
2026-04-23T01:58:00.994+08:00  INFO 13082 --- [movies-service] [           main] com.netflix.discovery.DiscoveryClient    : Saw local status change event StatusChangeEvent [timestamp=1776880680994, current=UP, previous=STARTING]
2026-04-23T01:58:00.995+08:00  INFO 13082 --- [movies-service] [foReplicator-%d] com.netflix.discovery.DiscoveryClient    : DiscoveryClient_MOVIES-SERVICE/mac:movies-service:8081: registering service...
2026-04-23T01:58:01.003+08:00  INFO 13082 --- [movies-service] [           main] o.s.b.w.embedded.tomcat.TomcatWebServer  : Tomcat started on port 8081 (http) with context path '/'
2026-04-23T01:58:01.003+08:00  INFO 13082 --- [movies-service] [           main] .s.c.n.e.s.EurekaAutoServiceRegistration : Updating port to 8081
2026-04-23T01:58:01.019+08:00  INFO 13082 --- [movies-service] [foReplicator-%d] com.netflix.discovery.DiscoveryClient    : DiscoveryClient_MOVIES-SERVICE/mac:movies-service:8081 - registration status: 204
2026-04-23T01:58:01.019+08:00  INFO 13082 --- [movies-service] [           main] e.c.y.YingpingsxitongApplication         : Started YingpingsxitongApplication in 2.424 seconds (process running for 2.621)
2026-04-23T01:58:46.030+08:00  INFO 13082 --- [movies-service] [nio-8081-exec-1] o.a.c.c.C.[Tomcat].[localhost].[/]       : Initializing Spring DispatcherServlet 'dispatcherServlet'
2026-04-23T01:58:46.030+08:00  INFO 13082 --- [movies-service] [nio-8081-exec-1] o.s.web.servlet.DispatcherServlet        : Initializing Servlet 'dispatcherServlet'
2026-04-23T01:58:46.031+08:00  INFO 13082 --- [movies-service] [nio-8081-exec-1] o.s.web.servlet.DispatcherServlet        : Completed initialization in 1 ms
2026-04-23T01:58:46.062+08:00  INFO 13082 --- [movies-service] [nio-8081-exec-1] com.zaxxer.hikari.HikariDataSource       : HikariPool-1 - Starting...
2026-04-23T01:58:46.125+08:00  INFO 13082 --- [movies-service] [nio-8081-exec-1] com.zaxxer.hikari.pool.HikariPool        : HikariPool-1 - Added connection com.mysql.cj.jdbc.ConnectionImpl@5011e903
2026-04-23T01:58:46.127+08:00  INFO 13082 --- [movies-service] [nio-8081-exec-1] com.zaxxer.hikari.HikariDataSource       : HikariPool-1 - Start completed.
2026-04-23T02:03:00.853+08:00  INFO 13082 --- [movies-service] [rap-executor-%d] c.n.d.s.r.aws.ConfigClusterResolver      : Resolving eureka endpoints via configuration
2026-04-23T02:08:00.869+08:00  INFO 13082 --- [movies-service] [rap-executor-%d] c.n.d.s.r.aws.ConfigClusterResolver      : Resolving eureka endpoints via configuration
2026-04-23T02:13:00.881+08:00  INFO 13082 --- [movies-service] [rap-executor-%d] c.n.d.s.r.aws.ConfigClusterResolver      : Resolving eureka endpoints via configuration
2026-04-23T02:18:00.899+08:00  INFO 13082 --- [movies-service] [rap-executor-%d] c.n.d.s.r.aws.ConfigClusterResolver      : Resolving eureka endpoints via configuration
2026-04-23T02:23:00.909+08:00  INFO 13082 --- [movies-service] [rap-executor-%d] c.n.d.s.r.aws.ConfigClusterResolver      : Resolving eureka endpoints via configuration
2026-04-23T02:28:00.921+08:00  INFO 13082 --- [movies-service] [rap-executor-%d] c.n.d.s.r.aws.ConfigClusterResolver      : Resolving eureka endpoints via configuration
2026-04-23T02:33:00.934+08:00  INFO 13082 --- [movies-service] [rap-executor-%d] c.n.d.s.r.aws.ConfigClusterResolver      : Resolving eureka endpoints via configuration
2026-04-23T02:38:00.946+08:00  INFO 13082 --- [movies-service] [rap-executor-%d] c.n.d.s.r.aws.ConfigClusterResolver      : Resolving eureka endpoints via configuration
2026-04-23T02:43:00.961+08:00  INFO 13082 --- [movies-service] [rap-executor-%d] c.n.d.s.r.aws.ConfigClusterResolver      : Resolving eureka endpoints via configuration
2026-04-23T02:48:00.975+08:00  INFO 13082 --- [movies-service] [rap-executor-%d] c.n.d.s.r.aws.ConfigClusterResolver      : Resolving eureka endpoints via configuration
