
  .   ____          _            __ _ _
 /\\ / ___'_ __ _ _(_)_ __  __ _ \ \ \ \
( ( )\___ | '_ | '_| | '_ \/ _` | \ \ \ \
 \\/  ___)| |_)| | | | | || (_| |  ) ) ) )
  '  |____| .__|_| |_|_| |_\__, | / / / /
 =========|_|==============|___/=/_/_/_/

 :: Spring Boot ::                (v3.4.1)

2026-04-23T01:55:57.682+08:00  INFO 12549 --- [movies-service] [           main] c.c.c.ConfigServicePropertySourceLocator : Fetching config from server at : http://localhost:8888
2026-04-23T01:55:57.767+08:00  INFO 12549 --- [movies-service] [           main] c.c.c.ConfigServicePropertySourceLocator : Located environment: name=movies-service, profiles=[dev], label=main, version=null, state=null
2026-04-23T01:55:57.767+08:00  INFO 12549 --- [movies-service] [           main] b.c.PropertySourceBootstrapConfiguration : Located property source: [BootstrapPropertySource {name='bootstrapProperties-configClient'}]
2026-04-23T01:55:57.770+08:00  INFO 12549 --- [movies-service] [           main] e.c.y.YingpingsxitongApplication         : No active profile set, falling back to 1 default profile: "default"
2026-04-23T01:55:58.168+08:00  INFO 12549 --- [movies-service] [           main] o.s.cloud.context.scope.GenericScope     : BeanFactory id=6eb64f47-4bf5-389e-b588-1fd05b55b916
WARNING: A restricted method in java.lang.System has been called
WARNING: java.lang.System::load has been called by org.apache.tomcat.jni.Library in an unnamed module (jar:nested:/Users/fanjinchen/工程实践/Movies/Movies/target/yingpingsxitong-0.0.1-SNAPSHOT.jar/!BOOT-INF/lib/tomcat-embed-core-10.1.34.jar!/)
WARNING: Use --enable-native-access=ALL-UNNAMED to avoid a warning for callers in this module
WARNING: Restricted methods will be blocked in a future release unless native access is enabled

2026-04-23T01:55:58.472+08:00  INFO 12549 --- [movies-service] [           main] o.s.b.w.embedded.tomcat.TomcatWebServer  : Tomcat initialized with port 8084 (http)
2026-04-23T01:55:58.479+08:00  INFO 12549 --- [movies-service] [           main] o.apache.catalina.core.StandardService   : Starting service [Tomcat]
2026-04-23T01:55:58.479+08:00  INFO 12549 --- [movies-service] [           main] o.apache.catalina.core.StandardEngine    : Starting Servlet engine: [Apache Tomcat/10.1.34]
2026-04-23T01:55:58.496+08:00  INFO 12549 --- [movies-service] [           main] o.a.c.c.C.[Tomcat].[localhost].[/]       : Initializing Spring embedded WebApplicationContext
2026-04-23T01:55:58.496+08:00  INFO 12549 --- [movies-service] [           main] w.s.c.ServletWebServerApplicationContext : Root WebApplicationContext: initialization completed in 720 ms
2026-04-23T01:55:58.839+08:00  INFO 12549 --- [movies-service] [           main] o.s.c.openfeign.FeignClientFactoryBean   : For 'movies-service' URL not provided. Will try picking an instance via load-balancing.
2026-04-23T01:55:58.874+08:00  INFO 12549 --- [movies-service] [           main] o.s.c.openfeign.FeignClientFactoryBean   : For 'movies-service' URL not provided. Will try picking an instance via load-balancing.
2026-04-23T01:55:58.886+08:00  INFO 12549 --- [movies-service] [           main] o.s.c.openfeign.FeignClientFactoryBean   : For 'movies-service' URL not provided. Will try picking an instance via load-balancing.
2026-04-23T01:55:58.895+08:00  INFO 12549 --- [movies-service] [           main] o.s.c.openfeign.FeignClientFactoryBean   : For 'movies-service' URL not provided. Will try picking an instance via load-balancing.
2026-04-23T01:55:58.939+08:00  WARN 12549 --- [movies-service] [           main] .s.s.UserDetailsServiceAutoConfiguration : 

Using generated security password: 900bf491-18e7-4af6-b992-cebd1417361e

This generated password is for development use only. Your security configuration must be updated before running your application in production.

2026-04-23T01:55:58.945+08:00  INFO 12549 --- [movies-service] [           main] r$InitializeUserDetailsManagerConfigurer : Global AuthenticationManager configured with UserDetailsService bean with name inMemoryUserDetailsManager
2026-04-23T01:55:59.179+08:00  INFO 12549 --- [movies-service] [           main] o.s.b.a.e.web.EndpointLinksResolver      : Exposing 17 endpoints beneath base path '/actuator'
2026-04-23T01:55:59.424+08:00  INFO 12549 --- [movies-service] [           main] DiscoveryClientOptionalArgsConfiguration : Eureka HTTP Client uses RestTemplate.
2026-04-23T01:55:59.440+08:00  WARN 12549 --- [movies-service] [           main] iguration$LoadBalancerCaffeineWarnLogger : Spring Cloud LoadBalancer is currently working with the default cache. While this cache implementation is useful for development and tests, it's recommended to use Caffeine cache in production.You can switch to using Caffeine cache, by adding it and org.springframework.cache.caffeine.CaffeineCacheManager to the classpath.
2026-04-23T01:55:59.468+08:00  INFO 12549 --- [movies-service] [           main] o.s.c.n.eureka.InstanceInfoFactory       : Setting initial instance status as: STARTING
2026-04-23T01:55:59.478+08:00  INFO 12549 --- [movies-service] [           main] com.netflix.discovery.DiscoveryClient    : Initializing Eureka in region us-east-1
2026-04-23T01:55:59.480+08:00  INFO 12549 --- [movies-service] [           main] c.n.d.s.r.aws.ConfigClusterResolver      : Resolving eureka endpoints via configuration
2026-04-23T01:55:59.483+08:00  INFO 12549 --- [movies-service] [           main] com.netflix.discovery.DiscoveryClient    : Disable delta property : false
2026-04-23T01:55:59.483+08:00  INFO 12549 --- [movies-service] [           main] com.netflix.discovery.DiscoveryClient    : Single vip registry refresh property : null
2026-04-23T01:55:59.483+08:00  INFO 12549 --- [movies-service] [           main] com.netflix.discovery.DiscoveryClient    : Force full registry fetch : false
2026-04-23T01:55:59.483+08:00  INFO 12549 --- [movies-service] [           main] com.netflix.discovery.DiscoveryClient    : Application is null : false
2026-04-23T01:55:59.483+08:00  INFO 12549 --- [movies-service] [           main] com.netflix.discovery.DiscoveryClient    : Registered Applications size is zero : true
2026-04-23T01:55:59.483+08:00  INFO 12549 --- [movies-service] [           main] com.netflix.discovery.DiscoveryClient    : Application version is -1: true
2026-04-23T01:55:59.483+08:00  INFO 12549 --- [movies-service] [           main] com.netflix.discovery.DiscoveryClient    : Getting all instance registry info from the eureka server
2026-04-23T01:55:59.601+08:00  INFO 12549 --- [movies-service] [           main] com.netflix.discovery.DiscoveryClient    : The response status is 200
2026-04-23T01:55:59.602+08:00  INFO 12549 --- [movies-service] [           main] com.netflix.discovery.DiscoveryClient    : Starting heartbeat executor: renew interval is: 30
2026-04-23T01:55:59.603+08:00  INFO 12549 --- [movies-service] [           main] c.n.discovery.InstanceInfoReplicator     : InstanceInfoReplicator onDemand update allowed rate per min is 4
2026-04-23T01:55:59.604+08:00  INFO 12549 --- [movies-service] [           main] com.netflix.discovery.DiscoveryClient    : Discovery Client initialized at timestamp 1776880559603 with initial instances count: 4
2026-04-23T01:55:59.607+08:00  INFO 12549 --- [movies-service] [           main] o.s.c.n.e.s.EurekaServiceRegistry        : Registering application MOVIES-SERVICE with eureka with status UP
2026-04-23T01:55:59.607+08:00  INFO 12549 --- [movies-service] [           main] com.netflix.discovery.DiscoveryClient    : Saw local status change event StatusChangeEvent [timestamp=1776880559607, current=UP, previous=STARTING]
2026-04-23T01:55:59.608+08:00  INFO 12549 --- [movies-service] [foReplicator-%d] com.netflix.discovery.DiscoveryClient    : DiscoveryClient_MOVIES-SERVICE/mac:movies-service:8084: registering service...
2026-04-23T01:55:59.610+08:00  INFO 12549 --- [movies-service] [           main] o.s.c.n.e.s.EurekaServiceRegistry        : Unregistering application MOVIES-SERVICE with eureka with status DOWN
2026-04-23T01:55:59.611+08:00  INFO 12549 --- [movies-service] [           main] com.netflix.discovery.DiscoveryClient    : Saw local status change event StatusChangeEvent [timestamp=1776880559611, current=DOWN, previous=UP]
2026-04-23T01:55:59.611+08:00  WARN 12549 --- [movies-service] [           main] ConfigServletWebServerApplicationContext : Exception encountered during context initialization - cancelling refresh attempt: org.springframework.context.ApplicationContextException: Failed to start bean 'webServerStartStop'
2026-04-23T012026-04-23T01:56:15.784+08:00  INFO 12386 --- [movies-service] [beatExecutor-%d] com.netflix.discovery.DiscoveryClient    : DiscoveryClient_MOVIES-SERVICE/mac:movies-service:8084 - Re-registering apps/MOVIES-SERVICE
2026-04-23T01:56:15.784+08:00  INFO 12386 --- [movies-service] [beatExecutor-%d] com.netflix.discovery.DiscoveryClient    : DiscoveryClient_MOVIES-SERVICE/mac:movies-service:8084: registering service...
2026-04-23T01:56:15.787+08:00  INFO 12386 --- [movies-service] [beatExecutor-%d] com.netflix.discovery.DiscoveryClient    : DiscoveryClient_MOVIES-SERVICE/mac:movies-service:8084 - registration status: 204
2026-04-23T01:57:46.588+08:00  INFO 12386 --- [movies-service] [ionShutdownHook] o.s.c.n.e.s.EurekaServiceRegistry        : Unregistering application MOVIES-SERVICE with eureka with status DOWN
2026-04-23T01:57:46.589+08:00  INFO 12386 --- [movies-service] [ionShutdownHook] com.netflix.discovery.DiscoveryClient    : Saw local status change event StatusChangeEvent [timestamp=1776880666589, current=DOWN, previous=UP]
2026-04-23T01:57:46.589+08:00  INFO 12386 --- [movies-service] [foReplicator-%d] com.netflix.discovery.DiscoveryClient    : DiscoveryClient_MOVIES-SERVICE/mac:movies-service:8084: registering service...
2026-04-23T01:57:46.591+08:00  INFO 12386 --- [movies-service] [ionShutdownHook] o.s.b.w.e.tomcat.GracefulShutdown        : Commencing graceful shutdown. Waiting for active requests to complete
2026-04-23T01:57:46.594+08:00  INFO 12386 --- [movies-service] [foReplicator-%d] com.netflix.discovery.DiscoveryClient    : DiscoveryClient_MOVIES-SERVICE/mac:movies-service:8084 - registration status: 204
2026-04-23T01:57:46.596+08:00  INFO 12386 --- [movies-service] [tomcat-shutdown] o.s.b.w.e.tomcat.GracefulShutdown        : Graceful shutdown complete
2026-04-23T01:57:46.608+08:00  INFO 12386 --- [movies-service] [ionShutdownHook] com.netflix.discovery.DiscoveryClient    : Shutting down DiscoveryClient ...
2026-04-23T01:57:49.614+08:00  INFO 12386 --- [movies-service] [ionShutdownHook] com.netflix.discovery.DiscoveryClient    : Unregistering ...
2026-04-23T01:57:49.618+08:00  INFO 12386 --- [movies-service] [ionShutdownHook] com.netflix.discovery.DiscoveryClient    : DiscoveryClient_MOVIES-SERVICE/mac:movies-service:8084 - deregister  status: 200
2026-04-23T01:57:49.618+08:00  INFO 12386 --- [movies-service] [ionShutdownHook] com.netflix.discovery.DiscoveryClient    : Completed shut down of DiscoveryClient
