
  .   ____          _            __ _ _
 /\\ / ___'_ __ _ _(_)_ __  __ _ \ \ \ \
( ( )\___ | '_ | '_| | '_ \/ _` | \ \ \ \
 \\/  ___)| |_)| | | | | || (_| |  ) ) ) )
  '  |____| .__|_| |_|_| |_\__, | / / / /
 =========|_|==============|___/=/_/_/_/

 :: Spring Boot ::                (v3.4.1)

2026-04-28T17:11:34.927+08:00  INFO 56953 --- [movies-service] [           main] c.c.c.ConfigServicePropertySourceLocator : Fetching config from server at : http://localhost:8888
2026-04-28T17:11:35.030+08:00  INFO 56953 --- [movies-service] [           main] c.c.c.ConfigServicePropertySourceLocator : Located environment: name=movies-service, profiles=[dev], label=main, version=null, state=null
2026-04-28T17:11:35.031+08:00  INFO 56953 --- [movies-service] [           main] b.c.PropertySourceBootstrapConfiguration : Located property source: [BootstrapPropertySource {name='bootstrapProperties-configClient'}, BootstrapPropertySource {name='bootstrapProperties-file:Movies/config-repo/movies-service-dev.yml'}, BootstrapPropertySource {name='bootstrapProperties-file:Movies/config-repo/movies-service.yml'}]
2026-04-28T17:11:35.035+08:00  INFO 56953 --- [movies-service] [           main] e.c.y.YingpingsxitongApplication         : No active profile set, falling back to 1 default profile: "default"
2026-04-28T17:11:35.464+08:00  INFO 56953 --- [movies-service] [           main] .s.d.r.c.RepositoryConfigurationDelegate : Multiple Spring Data modules found, entering strict repository configuration mode
2026-04-28T17:11:35.466+08:00  INFO 56953 --- [movies-service] [           main] .s.d.r.c.RepositoryConfigurationDelegate : Bootstrapping Spring Data Redis repositories in DEFAULT mode.
2026-04-28T17:11:35.478+08:00  INFO 56953 --- [movies-service] [           main] .s.d.r.c.RepositoryConfigurationDelegate : Finished Spring Data repository scanning in 3 ms. Found 0 Redis repository interfaces.
2026-04-28T17:11:35.639+08:00  INFO 56953 --- [movies-service] [           main] o.s.cloud.context.scope.GenericScope     : BeanFactory id=1e8f1ff3-997a-3908-8c91-f0ed70f1c4cd
WARNING: A restricted method in java.lang.System has been called
WARNING: java.lang.System::load has been called by org.apache.tomcat.jni.Library in an unnamed module (jar:nested:/Users/fanjinchen/工程实践/Movies/Movies/target/yingpingsxitong-0.0.1-SNAPSHOT.jar/!BOOT-INF/lib/tomcat-embed-core-10.1.34.jar!/)
WARNING: Use --enable-native-access=ALL-UNNAMED to avoid a warning for callers in this module
WARNING: Restricted methods will be blocked in a future release unless native access is enabled

2026-04-28T17:11:35.943+08:00  INFO 56953 --- [movies-service] [           main] o.s.b.w.embedded.tomcat.TomcatWebServer  : Tomcat initialized with port 8081 (http)
2026-04-28T17:11:35.950+08:00  INFO 56953 --- [movies-service] [           main] o.apache.catalina.core.StandardService   : Starting service [Tomcat]
2026-04-28T17:11:35.950+08:00  INFO 56953 --- [movies-service] [           main] o.apache.catalina.core.StandardEngine    : Starting Servlet engine: [Apache Tomcat/10.1.34]
2026-04-28T17:11:35.962+08:00  INFO 56953 --- [movies-service] [           main] o.a.c.c.C.[Tomcat].[localhost].[/]       : Initializing Spring embedded WebApplicationContext
2026-04-28T17:11:35.962+08:00  INFO 56953 --- [movies-service] [           main] w.s.c.ServletWebServerApplicationContext : Root WebApplicationContext: initialization completed in 919 ms
2026-04-28T17:11:36.289+08:00  INFO 56953 --- [movies-service] [           main] o.s.c.openfeign.FeignClientFactoryBean   : For 'movies-service' URL not provided. Will try picking an instance via load-balancing.
2026-04-28T17:11:36.326+08:00  INFO 56953 --- [movies-service] [           main] o.s.c.openfeign.FeignClientFactoryBean   : For 'movies-service' URL not provided. Will try picking an instance via load-balancing.
2026-04-28T17:11:36.337+08:00  INFO 56953 --- [movies-service] [           main] o.s.c.openfeign.FeignClientFactoryBean   : For 'movies-service' URL not provided. Will try picking an instance via load-balancing.
2026-04-28T17:11:36.347+08:00  INFO 56953 --- [movies-service] [           main] o.s.c.openfeign.FeignClientFactoryBean   : For 'movies-service' URL not provided. Will try picking an instance via load-balancing.
2026-04-28T17:11:36.389+08:00  WARN 56953 --- [movies-service] [           main] .s.s.UserDetailsServiceAutoConfiguration : 

Using generated security password: e1b7dd99-f412-4416-95bc-07c339dae184

This generated password is for development use only. Your security configuration must be updated before running your application in production.

2026-04-28T17:11:36.394+08:00  INFO 56953 --- [movies-service] [           main] r$InitializeUserDetailsManagerConfigurer : Global AuthenticationManager configured with UserDetailsService bean with name inMemoryUserDetailsManager
WARNING: A terminally deprecated method in sun.misc.Unsafe has been called
WARNING: sun.misc.Unsafe::allocateMemory has been called by io.netty.util.internal.PlatformDependent0$2 (jar:nested:/Users/fanjinchen/工程实践/Movies/Movies/target/yingpingsxitong-0.0.1-SNAPSHOT.jar/!BOOT-INF/lib/netty-common-4.1.116.Final.jar!/)
WARNING: Please consider reporting this to the maintainers of class io.netty.util.internal.PlatformDependent0$2
WARNING: sun.misc.Unsafe::allocateMemory will be removed in a future release
2026-04-28T17:11:36.931+08:00  INFO 56953 --- [movies-service] [           main] o.s.b.a.e.web.EndpointLinksResolver      : Exposing 18 endpoints beneath base path '/actuator'
2026-04-28T17:11:37.275+08:00  INFO 56953 --- [movies-service] [           main] DiscoveryClientOptionalArgsConfiguration : Eureka HTTP Client uses RestTemplate.
2026-04-28T17:11:37.294+08:00  WARN 56953 --- [movies-service] [           main] iguration$LoadBalancerCaffeineWarnLogger : Spring Cloud LoadBalancer is currently working with the default cache. While this cache implementation is useful for development and tests, it's recommended to use Caffeine cache in production.You can switch to using Caffeine cache, by adding it and org.springframework.cache.caffeine.CaffeineCacheManager to the classpath.
2026-04-28T17:11:37.329+08:00  INFO 56953 --- [movies-service] [           main] o.s.c.n.eureka.InstanceInfoFactory       : Setting initial instance status as: STARTING
2026-04-28T17:11:37.341+08:00  INFO 56953 --- [movies-service] [           main] com.netflix.discovery.DiscoveryClient    : Initializing Eureka in region us-east-1
2026-04-28T17:11:37.343+08:00  INFO 56953 --- [movies-service] [           main] c.n.d.s.r.aws.ConfigClusterResolver      : Resolving eureka endpoints via configuration
2026-04-28T17:11:37.347+08:00  INFO 56953 --- [movies-service] [           main] com.netflix.discovery.DiscoveryClient    : Disable delta property : false
2026-04-28T17:11:37.347+08:00  INFO 56953 --- [movies-service] [           main] com.netflix.discovery.DiscoveryClient    : Single vip registry refresh property : null
2026-04-28T17:11:37.347+08:00  INFO 56953 --- [movies-service] [           main] com.netflix.discovery.DiscoveryClient    : Force full registry fetch : false
2026-04-28T17:11:37.347+08:00  INFO 56953 --- [movies-service] [           main] com.netflix.discovery.DiscoveryClient    : Application is null : false
2026-04-28T17:11:37.347+08:00  INFO 56953 --- [movies-service] [           main] com.netflix.discovery.DiscoveryClient    : Registered Applications size is zero : true
2026-04-28T17:11:37.347+08:00  INFO 56953 --- [movies-service] [           main] com.netflix.discovery.DiscoveryClient    : Application version is -1: true
2026-04-28T17:11:37.347+08:00  INFO 56953 --- [movies-service] [           main] com.netflix.discovery.DiscoveryClient    : Getting all instance registry info from the eureka server
2026-04-28T17:11:37.457+08:00  INFO 56953 --- [movies-service] [           main] com.netflix.discovery.DiscoveryClient    : The response status is 200
2026-04-28T17:11:37.458+08:00  INFO 56953 --- [movies-service] [           main] com.netflix.discovery.DiscoveryClient    : Starting heartbeat executor: renew interval is: 30
2026-04-28T17:11:37.458+08:00  INFO 56953 --- [movies-service] [           main] c.n.discovery.InstanceInfoReplicator     : InstanceInfoReplicator onDemand update allowed rate per min is 4
2026-04-28T17:11:37.459+08:00  INFO 56953 --- [movies-service] [           main] com.netflix.discovery.DiscoveryClient    : Discovery Client initialized at timestamp 1777367497459 with initial instances count: 5
2026-04-28T17:11:37.463+08:00  INFO 56953 --- [movies-service] [           main] o.s.c.n.e.s.EurekaServiceRegistry        : Registering application MOVIES-SERVICE with eureka with status UP
2026-04-28T17:11:37.463+08:00  INFO 56953 --- [movies-service] [           main] com.netflix.discovery.DiscoveryClient    : Saw local status change event StatusChangeEvent [timestamp=1777367497463, current=UP, previous=STARTING]
2026-04-28T17:11:37.464+08:00  INFO 56953 --- [movies-service] [foReplicator-%d] com.netflix.discovery.DiscoveryClient    : DiscoveryClient_MOVIES-SERVICE/10.27.9.159:movies-service:8081: registering service...
2026-04-28T17:11:37.473+08:00  INFO 56953 --- [movies-service] [           main] o.s.c.n.e.s.EurekaServiceRegistry        : Unregistering application MOVIES-SERVICE with eureka with status DOWN
2026-04-28T17:11:37.473+08:00  INFO 56953 --- [movies-service] [           main] com.netflix.discovery.DiscoveryClient    : Saw local status change event StatusChangeEvent [timestamp=1777367497473, current=DOWN, previous=UP]
2026-04-28T17:11:37.473+08:00  WARN 56953 --- [movies-service] [           main] ConfigServletWebServerApplicationContext : Exception encountered during context initialization - cancelling refresh attempt: org.springframework.context.ApplicationContextException: Failed to start bean 'webServerStartStop'
2026-04-28T17:11:37.483+08:00  INFO 56953 --- [movies-service] [           main] com.netflix.discovery.DiscoveryClient    : Shutting down DiscoveryClient ...
2026-04-28T17:11:37.488+08:00  INFO 56953 --- [movies-service] [foReplicator-%d] com.netflix.discovery.DiscoveryClient    : DiscoveryClient_MOVIES-SERVICE/10.27.9.159:movies-service:8081 - registration status: 204
2026-04-28T17:11:37.488+08:00  INFO 56953 --- [movies-service] [foReplicator-%d] com.netflix.discovery.DiscoveryClient    : DiscoveryClient_MOVIES-SERVICE/10.27.9.159:movies-service:8081: registering service...
2026-04-28T17:11:37.490+08:00  INFO 56953 --- [movies-service] [foReplicator-%d] com.netflix.discovery.DiscoveryClient    : DiscoveryClient_MOVIES-SERVICE/10.27.9.159:movies-service:8081 - registration status: 204
2026-04-28T17:11:37.490+08:00  INFO 56953 --- [movies-service] [           main] com.netflix.discovery.DiscoveryClient    : Unregistering ...
2026-04-28T17:11:37.492+08:00  INFO 56953 --- [movies-service] [           main] com.netflix.discovery.DiscoveryClient    : DiscoveryClient_MOVIES-SERVICE/10.27.9.159:movies-service:8081 - deregister  status: 200
2026-04-28T17:11:37.493+08:00  INFO 56953 --- [movies-service] [           main] com.netflix.discovery.DiscoveryClient    : Completed shut down of DiscoveryClient
2026-04-28T17:11:37.493+08:00  INFO 56953 --- [movies-service] [           main] o.apache.catalina.core.StandardService   : Stopping service [Tomcat]
2026-04-28T17:11:37.501+08:00  INFO 56953 --- [movies-service] [           main] .s.b.a.l.ConditionEvaluationReportLogger : 

Error starting ApplicationContext. To display the condition evaluation report re-run your application with 'debug' enabled.
2026-04-28T17:11:37.507+08:00 ERROR 56953 --- [movies-service] [           main] o.s.b.d.LoggingFailureAnalysisReporter   : 

***************************
APPLICATION FAILED TO START
***************************

Description:

Web server failed to start. Port 8081 was already in use.

Action:

Identify and stop the process that's listening on port 8081 or configure this application to listen on another port.

