
  .   ____          _            __ _ _
 /\\ / ___'_ __ _ _(_)_ __  __ _ \ \ \ \
( ( )\___ | '_ | '_| | '_ \/ _` | \ \ \ \
 \\/  ___)| |_)| | | | | || (_| |  ) ) ) )
  '  |____| .__|_| |_|_| |_\__, | / / / /
 =========|_|==============|___/=/_/_/_/

 :: Spring Boot ::                (v3.4.1)

2026-04-23T01:55:44.079+08:00  INFO 12498 --- [movies-service] [           main] c.c.c.ConfigServicePropertySourceLocator : Fetching config from server at : http://localhost:8888
2026-04-23T01:55:44.170+08:00  INFO 12498 --- [movies-service] [           main] c.c.c.ConfigServicePropertySourceLocator : Located environment: name=movies-service, profiles=[dev], label=main, version=null, state=null
2026-04-23T01:55:44.171+08:00  INFO 12498 --- [movies-service] [           main] b.c.PropertySourceBootstrapConfiguration : Located property source: [BootstrapPropertySource {name='bootstrapProperties-configClient'}]
2026-04-23T01:55:44.173+08:00  INFO 12498 --- [movies-service] [           main] e.c.y.YingpingsxitongApplication         : No active profile set, falling back to 1 default profile: "default"
2026-04-23T01:55:44.610+08:00  INFO 12498 --- [movies-service] [           main] o.s.cloud.context.scope.GenericScope     : BeanFactory id=6eb64f47-4bf5-389e-b588-1fd05b55b916
WARNING: A restricted method in java.lang.System has been called
WARNING: java.lang.System::load has been called by org.apache.tomcat.jni.Library in an unnamed module (jar:nested:/Users/fanjinchen/工程实践/Movies/Movies/target/yingpingsxitong-0.0.1-SNAPSHOT.jar/!BOOT-INF/lib/tomcat-embed-core-10.1.34.jar!/)
WARNING: Use --enable-native-access=ALL-UNNAMED to avoid a warning for callers in this module
WARNING: Restricted methods will be blocked in a future release unless native access is enabled

2026-04-23T01:55:44.895+08:00  INFO 12498 --- [movies-service] [           main] o.s.b.w.embedded.tomcat.TomcatWebServer  : Tomcat initialized with port 8081 (http)
2026-04-23T01:55:44.902+08:00  INFO 12498 --- [movies-service] [           main] o.apache.catalina.core.StandardService   : Starting service [Tomcat]
2026-04-23T01:55:44.902+08:00  INFO 12498 --- [movies-service] [           main] o.apache.catalina.core.StandardEngine    : Starting Servlet engine: [Apache Tomcat/10.1.34]
2026-04-23T01:55:44.914+08:00  INFO 12498 --- [movies-service] [           main] o.a.c.c.C.[Tomcat].[localhost].[/]       : Initializing Spring embedded WebApplicationContext
2026-04-23T01:55:44.914+08:00  INFO 12498 --- [movies-service] [           main] w.s.c.ServletWebServerApplicationContext : Root WebApplicationContext: initialization completed in 735 ms
2026-04-23T01:55:45.240+08:00  INFO 12498 --- [movies-service] [           main] o.s.c.openfeign.FeignClientFactoryBean   : For 'movies-service' URL not provided. Will try picking an instance via load-balancing.
2026-04-23T01:55:45.278+08:00  INFO 12498 --- [movies-service] [           main] o.s.c.openfeign.FeignClientFactoryBean   : For 'movies-service' URL not provided. Will try picking an instance via load-balancing.
2026-04-23T01:55:45.287+08:00  INFO 12498 --- [movies-service] [           main] o.s.c.openfeign.FeignClientFactoryBean   : For 'movies-service' URL not provided. Will try picking an instance via load-balancing.
2026-04-23T01:55:45.296+08:00  INFO 12498 --- [movies-service] [           main] o.s.c.openfeign.FeignClientFactoryBean   : For 'movies-service' URL not provided. Will try picking an instance via load-balancing.
2026-04-23T01:55:45.337+08:00  WARN 12498 --- [movies-service] [           main] .s.s.UserDetailsServiceAutoConfiguration : 

Using generated security password: 530a3d29-5eb0-412e-ad98-f0b71ccacf18

This generated password is for development use only. Your security configuration must be updated before running your application in production.

2026-04-23T01:55:45.341+08:00  INFO 12498 --- [movies-service] [           main] r$InitializeUserDetailsManagerConfigurer : Global AuthenticationManager configured with UserDetailsService bean with name inMemoryUserDetailsManager
2026-04-23T01:55:45.605+08:00  INFO 12498 --- [movies-service] [           main] o.s.b.a.e.web.EndpointLinksResolver      : Exposing 17 endpoints beneath base path '/actuator'
2026-04-23T01:55:45.859+08:00  INFO 12498 --- [movies-service] [           main] DiscoveryClientOptionalArgsConfiguration : Eureka HTTP Client uses RestTemplate.
2026-04-23T01:55:45.877+08:00  WARN 12498 --- [movies-service] [           main] iguration$LoadBalancerCaffeineWarnLogger : Spring Cloud LoadBalancer is currently working with the default cache. While this cache implementation is useful for development and tests, it's recommended to use Caffeine cache in production.You can switch to using Caffeine cache, by adding it and org.springframework.cache.caffeine.CaffeineCacheManager to the classpath.
2026-04-23T01:55:45.910+08:00  INFO 12498 --- [movies-service] [           main] o.s.c.n.eureka.InstanceInfoFactory       : Setting initial instance status as: STARTING
2026-04-23T01:55:45.919+08:00  INFO 12498 --- [movies-service] [           main] com.netflix.discovery.DiscoveryClient    : Initializing Eureka in region us-east-1
2026-04-23T01:55:45.921+08:00  INFO 12498 --- [movies-service] [           main] c.n.d.s.r.aws.ConfigClusterResolver      : Resolving eureka endpoints via configuration
2026-04-23T01:55:45.924+08:00  INFO 12498 --- [movies-service] [           main] com.netflix.discovery.DiscoveryClient    : Disable delta property : false
2026-04-23T01:55:45.924+08:00  INFO 12498 --- [movies-service] [           main] com.netflix.discovery.DiscoveryClient    : Single vip registry refresh property : null
2026-04-23T01:55:45.924+08:00  INFO 12498 --- [movies-service] [           main] com.netflix.discovery.DiscoveryClient    : Force full registry fetch : false
2026-04-23T01:55:45.924+08:00  INFO 12498 --- [movies-service] [           main] com.netflix.discovery.DiscoveryClient    : Application is null : false
2026-04-23T01:55:45.924+08:00  INFO 12498 --- [movies-service] [           main] com.netflix.discovery.DiscoveryClient    : Registered Applications size is zero : true
2026-04-23T01:55:45.924+08:00  INFO 12498 --- [movies-service] [           main] com.netflix.discovery.DiscoveryClient    : Application version is -1: true
2026-04-23T01:55:45.924+08:00  INFO 12498 --- [movies-service] [           main] com.netflix.discovery.DiscoveryClient    : Getting all instance registry info from the eureka server
2026-04-23T01:55:46.034+08:00  INFO 12498 --- [movies-service] [           main] com.netflix.discovery.DiscoveryClient    : The response status is 200
2026-04-23T01:55:46.035+08:00  INFO 12498 --- [movies-service] [           main] com.netflix.discovery.DiscoveryClient    : Starting heartbeat executor: renew interval is: 30
2026-04-23T01:55:46.038+08:00  INFO 12498 --- [movies-service] [           main] c.n.discovery.InstanceInfoReplicator     : InstanceInfoReplicator onDemand update allowed rate per min is 4
2026-04-23T01:55:46.039+08:00  INFO 12498 --- [movies-service] [           main] com.netflix.discovery.DiscoveryClient    : Discovery Client initialized at timestamp 1776880546039 with initial instances count: 4
2026-04-23T01:55:46.043+08:00  INFO 12498 --- [movies-service] [           main] o.s.c.n.e.s.EurekaServiceRegistry        : Registering application MOVIES-SERVICE with eureka with status UP
2026-04-23T01:55:46.043+08:00  INFO 12498 --- [movies-service] [           main] com.netflix.discovery.DiscoveryClient    : Saw local status change event StatusChangeEvent [timestamp=1776880546043, current=UP, previous=STARTING]
2026-04-23T01:55:46.043+08:00  INFO 12498 --- [movies-service] [foReplicator-%d] com.netflix.discovery.DiscoveryClient    : DiscoveryClient_MOVIES-SERVICE/mac:movies-service:8081: registering service...
2026-04-23T01:55:46.045+08:00  INFO 12498 --- [movies-service] [           main] o.s.c.n.e.s.EurekaServiceRegistry        : Unregistering application MOVIES-SERVICE with eureka with status DOWN
2026-04-23T01:55:46.045+08:00  INFO 12498 --- [movies-service] [           main] com.netflix.discovery.DiscoveryClient    : Saw local status change event StatusChangeEvent [timestamp=1776880546045, current=DOWN, previous=UP]
2026-04-23T01:55:46.045+08:00  WARN 12498 --- [movies-service] [           main] ConfigServletWebServerApplicationContext : Exception encountered during context initialization - cancelling refresh attempt: org.springframework.context.ApplicationContextException: Failed to start bean 'webServerStartStop'
2026-04-23T012026-04-23T01:56:09.783+08:00  INFO 12362 --- [movies-service] [beatExecutor-%d] com.netflix.discovery.DiscoveryClient    : DiscoveryClient_MOVIES-SERVICE/mac:movies-service:8081 - Re-registering apps/MOVIES-SERVICE
2026-04-23T01:56:09.784+08:00  INFO 12362 --- [movies-service] [beatExecutor-%d] com.netflix.discovery.DiscoveryClient    : DiscoveryClient_MOVIES-SERVICE/mac:movies-service:8081: registering service...
2026-04-23T01:56:09.786+08:00  INFO 12362 --- [movies-service] [beatExecutor-%d] com.netflix.discovery.DiscoveryClient    : DiscoveryClient_MOVIES-SERVICE/mac:movies-service:8081 - registration status: 204
2026-04-23T01:57:46.588+08:00  INFO 12362 --- [movies-service] [ionShutdownHook] o.s.c.n.e.s.EurekaServiceRegistry        : Unregistering application MOVIES-SERVICE with eureka with status DOWN
2026-04-23T01:57:46.589+08:00  INFO 12362 --- [movies-service] [ionShutdownHook] com.netflix.discovery.DiscoveryClient    : Saw local status change event StatusChangeEvent [timestamp=1776880666589, current=DOWN, previous=UP]
2026-04-23T01:57:46.590+08:00  INFO 12362 --- [movies-service] [foReplicator-%d] com.netflix.discovery.DiscoveryClient    : DiscoveryClient_MOVIES-SERVICE/mac:movies-service:8081: registering service...
2026-04-23T01:57:46.595+08:00  INFO 12362 --- [movies-service] [ionShutdownHook] o.s.b.w.e.tomcat.GracefulShutdown        : Commencing graceful shutdown. Waiting for active requests to complete
2026-04-23T01:57:46.597+08:00  INFO 12362 --- [movies-service] [foReplicator-%d] com.netflix.discovery.DiscoveryClient    : DiscoveryClient_MOVIES-SERVICE/mac:movies-service:8081 - registration status: 204
2026-04-23T01:57:46.599+08:00  INFO 12362 --- [movies-service] [tomcat-shutdown] o.s.b.w.e.tomcat.GracefulShutdown        : Graceful shutdown complete
2026-04-23T01:57:46.610+08:00  INFO 12362 --- [movies-service] [ionShutdownHook] com.netflix.discovery.DiscoveryClient    : Shutting down DiscoveryClient ...
2026-04-23T01:57:49.615+08:00  INFO 12362 --- [movies-service] [ionShutdownHook] com.netflix.discovery.DiscoveryClient    : Unregistering ...
2026-04-23T01:57:49.619+08:00  INFO 12362 --- [movies-service] [ionShutdownHook] com.netflix.discovery.DiscoveryClient    : DiscoveryClient_MOVIES-SERVICE/mac:movies-service:8081 - deregister  status: 200
2026-04-23T01:57:49.619+08:00  INFO 12362 --- [movies-service] [ionShutdownHook] com.netflix.discovery.DiscoveryClient    : Completed shut down of DiscoveryClient
