
  .   ____          _            __ _ _
 /\\ / ___'_ __ _ _(_)_ __  __ _ \ \ \ \
( ( )\___ | '_ | '_| | '_ \/ _` | \ \ \ \
 \\/  ___)| |_)| | | | | || (_| |  ) ) ) )
  '  |____| .__|_| |_|_| |_\__, | / / / /
 =========|_|==============|___/=/_/_/_/

 :: Spring Boot ::                (v3.4.1)

2026-04-21T17:04:28.946+08:00  INFO 4441 --- [movies-service] [           main] c.c.c.ConfigServicePropertySourceLocator : Fetching config from server at : http://localhost:8888
2026-04-21T17:04:29.044+08:00  INFO 4441 --- [movies-service] [           main] c.c.c.ConfigServicePropertySourceLocator : Located environment: name=movies-service, profiles=[dev], label=main, version=null, state=null
2026-04-21T17:04:29.044+08:00  INFO 4441 --- [movies-service] [           main] b.c.PropertySourceBootstrapConfiguration : Located property source: [BootstrapPropertySource {name='bootstrapProperties-configClient'}]
2026-04-21T17:04:29.048+08:00  INFO 4441 --- [movies-service] [           main] e.c.y.YingpingsxitongApplication         : No active profile set, falling back to 1 default profile: "default"
2026-04-21T17:04:29.478+08:00  INFO 4441 --- [movies-service] [           main] o.s.cloud.context.scope.GenericScope     : BeanFactory id=6eb64f47-4bf5-389e-b588-1fd05b55b916
WARNING: A restricted method in java.lang.System has been called
WARNING: java.lang.System::load has been called by org.apache.tomcat.jni.Library in an unnamed module (jar:nested:/Users/fanjinchen/工程实践/Movies/Movies/target/yingpingsxitong-0.0.1-SNAPSHOT.jar/!BOOT-INF/lib/tomcat-embed-core-10.1.34.jar!/)
WARNING: Use --enable-native-access=ALL-UNNAMED to avoid a warning for callers in this module
WARNING: Restricted methods will be blocked in a future release unless native access is enabled

2026-04-21T17:04:29.772+08:00  INFO 4441 --- [movies-service] [           main] o.s.b.w.embedded.tomcat.TomcatWebServer  : Tomcat initialized with port 8081 (http)
2026-04-21T17:04:29.779+08:00  INFO 4441 --- [movies-service] [           main] o.apache.catalina.core.StandardService   : Starting service [Tomcat]
2026-04-21T17:04:29.779+08:00  INFO 4441 --- [movies-service] [           main] o.apache.catalina.core.StandardEngine    : Starting Servlet engine: [Apache Tomcat/10.1.34]
2026-04-21T17:04:29.797+08:00  INFO 4441 --- [movies-service] [           main] o.a.c.c.C.[Tomcat].[localhost].[/]       : Initializing Spring embedded WebApplicationContext
2026-04-21T17:04:29.797+08:00  INFO 4441 --- [movies-service] [           main] w.s.c.ServletWebServerApplicationContext : Root WebApplicationContext: initialization completed in 742 ms
2026-04-21T17:04:30.127+08:00  INFO 4441 --- [movies-service] [           main] o.s.c.openfeign.FeignClientFactoryBean   : For 'movies-service' URL not provided. Will try picking an instance via load-balancing.
2026-04-21T17:04:30.159+08:00  INFO 4441 --- [movies-service] [           main] o.s.c.openfeign.FeignClientFactoryBean   : For 'movies-service' URL not provided. Will try picking an instance via load-balancing.
2026-04-21T17:04:30.171+08:00  INFO 4441 --- [movies-service] [           main] o.s.c.openfeign.FeignClientFactoryBean   : For 'movies-service' URL not provided. Will try picking an instance via load-balancing.
2026-04-21T17:04:30.181+08:00  INFO 4441 --- [movies-service] [           main] o.s.c.openfeign.FeignClientFactoryBean   : For 'movies-service' URL not provided. Will try picking an instance via load-balancing.
2026-04-21T17:04:30.220+08:00  WARN 4441 --- [movies-service] [           main] .s.s.UserDetailsServiceAutoConfiguration : 

Using generated security password: 139e10b3-144f-41de-a324-1b9330ce3e04

This generated password is for development use only. Your security configuration must be updated before running your application in production.

2026-04-21T17:04:30.226+08:00  INFO 4441 --- [movies-service] [           main] r$InitializeUserDetailsManagerConfigurer : Global AuthenticationManager configured with UserDetailsService bean with name inMemoryUserDetailsManager
2026-04-21T17:04:30.457+08:00  INFO 4441 --- [movies-service] [           main] o.s.b.a.e.web.EndpointLinksResolver      : Exposing 17 endpoints beneath base path '/actuator'
2026-04-21T17:04:30.682+08:00  INFO 4441 --- [movies-service] [           main] DiscoveryClientOptionalArgsConfiguration : Eureka HTTP Client uses RestTemplate.
2026-04-21T17:04:30.700+08:00  WARN 4441 --- [movies-service] [           main] iguration$LoadBalancerCaffeineWarnLogger : Spring Cloud LoadBalancer is currently working with the default cache. While this cache implementation is useful for development and tests, it's recommended to use Caffeine cache in production.You can switch to using Caffeine cache, by adding it and org.springframework.cache.caffeine.CaffeineCacheManager to the classpath.
2026-04-21T17:04:30.729+08:00  INFO 4441 --- [movies-service] [           main] o.s.c.n.eureka.InstanceInfoFactory       : Setting initial instance status as: STARTING
2026-04-21T17:04:30.740+08:00  INFO 4441 --- [movies-service] [           main] com.netflix.discovery.DiscoveryClient    : Initializing Eureka in region us-east-1
2026-04-21T17:04:30.741+08:00  INFO 4441 --- [movies-service] [           main] c.n.d.s.r.aws.ConfigClusterResolver      : Resolving eureka endpoints via configuration
2026-04-21T17:04:30.745+08:00  INFO 4441 --- [movies-service] [           main] com.netflix.discovery.DiscoveryClient    : Disable delta property : false
2026-04-21T17:04:30.745+08:00  INFO 4441 --- [movies-service] [           main] com.netflix.discovery.DiscoveryClient    : Single vip registry refresh property : null
2026-04-21T17:04:30.745+08:00  INFO 4441 --- [movies-service] [           main] com.netflix.discovery.DiscoveryClient    : Force full registry fetch : false
2026-04-21T17:04:30.745+08:00  INFO 4441 --- [movies-service] [           main] com.netflix.discovery.DiscoveryClient    : Application is null : false
2026-04-21T17:04:30.745+08:00  INFO 4441 --- [movies-service] [           main] com.netflix.discovery.DiscoveryClient    : Registered Applications size is zero : true
2026-04-21T17:04:30.745+08:00  INFO 4441 --- [movies-service] [           main] com.netflix.discovery.DiscoveryClient    : Application version is -1: true
2026-04-21T17:04:30.745+08:00  INFO 4441 --- [movies-service] [           main] com.netflix.discovery.DiscoveryClient    : Getting all instance registry info from the eureka server
2026-04-21T17:04:30.871+08:00  INFO 4441 --- [movies-service] [           main] com.netflix.discovery.DiscoveryClient    : The response status is 200
2026-04-21T17:04:30.872+08:00  INFO 4441 --- [movies-service] [           main] com.netflix.discovery.DiscoveryClient    : Starting heartbeat executor: renew interval is: 30
2026-04-21T17:04:30.873+08:00  INFO 4441 --- [movies-service] [           main] c.n.discovery.InstanceInfoReplicator     : InstanceInfoReplicator onDemand update allowed rate per min is 4
2026-04-21T17:04:30.873+08:00  INFO 4441 --- [movies-service] [           main] com.netflix.discovery.DiscoveryClient    : Discovery Client initialized at timestamp 1776762270873 with initial instances count: 2
2026-04-21T17:04:30.876+08:00  INFO 4441 --- [movies-service] [           main] o.s.c.n.e.s.EurekaServiceRegistry        : Registering application MOVIES-SERVICE with eureka with status UP
2026-04-21T17:04:30.876+08:00  INFO 4441 --- [movies-service] [           main] com.netflix.discovery.DiscoveryClient    : Saw local status change event StatusChangeEvent [timestamp=1776762270876, current=UP, previous=STARTING]
2026-04-21T17:04:30.877+08:00  INFO 4441 --- [movies-service] [foReplicator-%d] com.netflix.discovery.DiscoveryClient    : DiscoveryClient_MOVIES-SERVICE/mac:movies-service:8081: registering service...
2026-04-21T17:04:30.884+08:00  INFO 4441 --- [movies-service] [           main] o.s.b.w.embedded.tomcat.TomcatWebServer  : Tomcat started on port 8081 (http) with context path '/'
2026-04-21T17:04:30.884+08:00  INFO 4441 --- [movies-service] [           main] .s.c.n.e.s.EurekaAutoServiceRegistration : Updating port to 8081
2026-04-21T17:04:30.893+08:00  INFO 4441 --- [movies-service] [foReplicator-%d] com.netflix.discovery.DiscoveryClient    : DiscoveryClient_MOVIES-SERVICE/mac:movies-service:8081 - registration status: 204
2026-04-21T17:04:30.897+08:00  INFO 4441 --- [movies-service] [           main] e.c.y.YingpingsxitongApplication         : Started YingpingsxitongApplication in 2.342 seconds (process running for 2.586)
2026-04-21T17:05:27.517+08:00  INFO 4441 --- [movies-service] [nio-8081-exec-1] o.a.c.c.C.[Tomcat].[localhost].[/]       : Initializing Spring DispatcherServlet 'dispatcherServlet'
2026-04-21T17:05:27.517+08:00  INFO 4441 --- [movies-service] [nio-8081-exec-1] o.s.web.servlet.DispatcherServlet        : Initializing Servlet 'dispatcherServlet'
2026-04-21T17:05:27.519+08:00  INFO 4441 --- [movies-service] [nio-8081-exec-1] o.s.web.servlet.DispatcherServlet        : Completed initialization in 2 ms
2026-04-21T17:05:27.554+08:00  INFO 4441 --- [movies-service] [nio-8081-exec-1] com.zaxxer.hikari.HikariDataSource       : HikariPool-1 - Starting...
2026-04-21T17:05:27.628+08:00  INFO 4441 --- [movies-service] [nio-8081-exec-1] com.zaxxer.hikari.pool.HikariPool        : HikariPool-1 - Added connection com.mysql.cj.jdbc.ConnectionImpl@39761d39
2026-04-21T17:05:27.630+08:00  INFO 4441 --- [movies-service] [nio-8081-exec-1] com.zaxxer.hikari.HikariDataSource       : HikariPool-1 - Start completed.
2026-04-21T17:09:30.754+08:00  INFO 4441 --- [movies-service] [rap-executor-%d] c.n.d.s.r.aws.ConfigClusterResolver      : Resolving eureka endpoints via configuration
2026-04-21T17:14:30.763+08:00  INFO 4441 --- [movies-service] [rap-executor-%d] c.n.d.s.r.aws.ConfigClusterResolver      : Resolving eureka endpoints via configuration
2026-04-21T17:19:30.769+08:00  INFO 4441 --- [movies-service] [rap-executor-%d] c.n.d.s.r.aws.ConfigClusterResolver      : Resolving eureka endpoints via configuration
2026-04-21T17:24:30.778+08:00  INFO 4441 --- [movies-service] [rap-executor-%d] c.n.d.s.r.aws.ConfigClusterResolver      : Resolving eureka endpoints via configuration
2026-04-21T17:29:30.792+08:00  INFO 4441 --- [movies-service] [rap-executor-%d] c.n.d.s.r.aws.ConfigClusterResolver      : Resolving eureka endpoints via configuration
2026-04-21T17:49:26.217+08:00  WARN 4441 --- [movies-service] [l-1 housekeeper] com.zaxxer.hikari.pool.HikariPool        : HikariPool-1 - Thread starvation or clock leap detected (housekeeper delta=17m28s254ms).
2026-04-21T17:50:45.442+08:00  WARN 4441 --- [movies-service] [l-1 housekeeper] com.zaxxer.hikari.pool.HikariPool        : HikariPool-1 - Thread starvation or clock leap detected (housekeeper delta=1m19s225ms).
2026-04-21T17:53:09.509+08:00  INFO 4441 --- [movies-service] [rap-executor-%d] c.n.d.s.r.aws.ConfigClusterResolver      : Resolving eureka endpoints via configuration
2026-04-21T18:01:30.829+08:00  WARN 4441 --- [movies-service] [l-1 housekeeper] com.zaxxer.hikari.pool.HikariPool        : HikariPool-1 - Thread starvation or clock leap detected (housekeeper delta=9m15s375ms).
2026-04-21T18:02:17.057+08:00  WARN 4441 --- [movies-service] [l-1 housekeeper] com.zaxxer.hikari.pool.HikariPool        : HikariPool-1 - Thread starvation or clock leap detected (housekeeper delta=46s228ms).
2026-04-21T18:10:56.549+08:00  WARN 4441 --- [movies-service] [l-1 housekeeper] com.zaxxer.hikari.pool.HikariPool        : HikariPool-1 - Thread starvation or clock leap detected (housekeeper delta=8m39s492ms).
2026-04-21T18:24:03.247+08:00  WARN 4441 --- [movies-service] [l-1 housekeeper] com.zaxxer.hikari.pool.HikariPool        : HikariPool-1 - Thread starvation or clock leap detected (housekeeper delta=13m6s698ms).
2026-04-21T18:31:46.651+08:00  WARN 4441 --- [movies-service] [l-1 housekeeper] com.zaxxer.hikari.pool.HikariPool        : HikariPool-1 - Thread starvation or clock leap detected (housekeeper delta=7m43s404ms).
2026-04-21T19:37:28.974+08:00  WARN 4441 --- [movies-service] [l-1 housekeeper] com.zaxxer.hikari.pool.HikariPool        : HikariPool-1 - Thread starvation or clock leap detected (housekeeper delta=1h5m42s323ms).
2026-04-21T20:42:36.500+08:00  WARN 4441 --- [movies-service] [l-1 housekeeper] com.zaxxer.hikari.pool.HikariPool        : HikariPool-1 - Thread starvation or clock leap detected (housekeeper delta=1h5m7s526ms).
2026-04-21T21:12:29.314+08:00  WARN 4441 --- [movies-service] [l-1 housekeeper] com.zaxxer.hikari.pool.HikariPool        : HikariPool-1 - Thread starvation or clock leap detected (housekeeper delta=29m52s814ms).
2026-04-21T22:27:21.388+08:00  WARN 4441 --- [movies-service] [l-1 housekeeper] com.zaxxer.hikari.pool.HikariPool        : HikariPool-1 - Thread starvation or clock leap detected (housekeeper delta=1h14m52s74ms).
2026-04-21T22:56:17.653+08:00  WARN 4441 --- [movies-service] [l-1 housekeeper] com.zaxxer.hikari.pool.HikariPool        : HikariPool-1 - Thread starvation or clock leap detected (housekeeper delta=28m56s265ms).
2026-04-21T23:14:01.768+08:00  INFO 4441 --- [movies-service] [rap-executor-%d] c.n.d.s.r.aws.ConfigClusterResolver      : Resolving eureka endpoints via configuration
2026-04-22T00:14:19.668+08:00  WARN 4441 --- [movies-service] [l-1 housekeeper] com.zaxxer.hikari.pool.HikariPool        : HikariPool-1 - Thread starvation or clock leap detected (housekeeper delta=1h18m2s15ms).
2026-04-22T01:48:39.250+08:00  WARN 4441 --- [movies-service] [l-1 housekeeper] com.zaxxer.hikari.pool.HikariPool        : HikariPool-1 - Thread starvation or clock leap detected (housekeeper delta=1h34m19s580ms).
2026-04-22T03:00:14.030+08:00  WARN 4441 --- [movies-service] [l-1 housekeeper] com.zaxxer.hikari.pool.HikariPool        : HikariPool-1 - Thread starvation or clock leap detected (housekeeper delta=1h11m34s782ms).
2026-04-22T04:16:18.616+08:00  WARN 4441 --- [movies-service] [l-1 housekeeper] com.zaxxer.hikari.pool.HikariPool        : HikariPool-1 - Thread starvation or clock leap detected (housekeeper delta=1h16m4s586ms).
2026-04-22T05:02:15.454+08:00  WARN 4441 --- [movies-service] [l-1 housekeeper] com.zaxxer.hikari.pool.HikariPool        : HikariPool-1 - Thread starvation or clock leap detected (housekeeper delta=45m56s837ms).
2026-04-22T06:23:57.721+08:00  WARN 4441 --- [movies-service] [l-1 housekeeper] com.zaxxer.hikari.pool.HikariPool        : HikariPool-1 - Thread starvation or clock leap detected (housekeeper delta=1h21m42s268ms).
2026-04-22T07:29:07.066+08:00  WARN 4441 --- [movies-service] [l-1 housekeeper] com.zaxxer.hikari.pool.HikariPool        : HikariPool-1 - Thread starvation or clock leap detected (housekeeper delta=1h5m9s345ms).
2026-04-22T08:33:09.514+08:00  WARN 4441 --- [movies-service] [l-1 housekeeper] com.zaxxer.hikari.pool.HikariPool        : HikariPool-1 - Thread starvation or clock leap detected (housekeeper delta=1h4m2s448ms).
2026-04-22T08:51:54.125+08:00  WARN 4441 --- [movies-service] [l-1 housekeeper] com.zaxxer.hikari.pool.HikariPool        : HikariPool-1 - Thread starvation or clock leap detected (housekeeper delta=18m44s611ms).
2026-04-22T09:24:49.707+08:00  WARN 4441 --- [movies-service] [l-1 housekeeper] com.zaxxer.hikari.pool.HikariPool        : HikariPool-1 - Thread starvation or clock leap detected (housekeeper delta=32m55s581ms).
2026-04-22T09:24:52.059+08:00  INFO 4441 --- [movies-service] [rap-executor-%d] c.n.d.s.r.aws.ConfigClusterResolver      : Resolving eureka endpoints via configuration
2026-04-22T10:32:14.731+08:00  WARN 4441 --- [movies-service] [l-1 housekeeper] com.zaxxer.hikari.pool.HikariPool        : HikariPool-1 - Thread starvation or clock leap detected (housekeeper delta=1h7m25s24ms).
2026-04-22T11:43:36.054+08:00  WARN 4441 --- [movies-service] [l-1 housekeeper] com.zaxxer.hikari.pool.HikariPool        : HikariPool-1 - Thread starvation or clock leap detected (housekeeper delta=1h11m21s324ms).
2026-04-22T12:35:27.573+08:00  WARN 4441 --- [movies-service] [l-1 housekeeper] com.zaxxer.hikari.pool.HikariPool        : HikariPool-1 - Thread starvation or clock leap detected (housekeeper delta=51m51s519ms).
2026-04-22T13:44:26.809+08:00  WARN 4441 --- [movies-service] [l-1 housekeeper] com.zaxxer.hikari.pool.HikariPool        : HikariPool-1 - Thread starvation or clock leap detected (housekeeper delta=1h8m59s236ms).
2026-04-22T14:56:55.682+08:00  WARN 4441 --- [movies-service] [l-1 housekeeper] com.zaxxer.hikari.pool.HikariPool        : HikariPool-1 - Thread starvation or clock leap detected (housekeeper delta=1h12m28s873ms).
2026-04-22T16:15:05.640+08:00  WARN 4441 --- [movies-service] [l-1 housekeeper] com.zaxxer.hikari.pool.HikariPool        : HikariPool-1 - Thread starvation or clock leap detected (housekeeper delta=1h18m9s958ms).
2026-04-22T17:16:01.124+08:00  WARN 4441 --- [movies-service] [l-1 housekeeper] com.zaxxer.hikari.pool.HikariPool        : HikariPool-1 - Thread starvation or clock leap detected (housekeeper delta=1h55s484ms).
2026-04-22T18:17:55.145+08:00  WARN 4441 --- [movies-service] [l-1 housekeeper] com.zaxxer.hikari.pool.HikariPool        : HikariPool-1 - Thread starvation or clock leap detected (housekeeper delta=1h1m54s20ms).
2026-04-22T19:35:11.654+08:00  WARN 4441 --- [movies-service] [l-1 housekeeper] com.zaxxer.hikari.pool.HikariPool        : HikariPool-1 - Thread starvation or clock leap detected (housekeeper delta=1h17m16s509ms).
2026-04-22T20:48:22.915+08:00  WARN 4441 --- [movies-service] [l-1 housekeeper] com.zaxxer.hikari.pool.HikariPool        : HikariPool-1 - Thread starvation or clock leap detected (housekeeper delta=1h13m11s261ms).
2026-04-22T20:48:25.159+08:00  INFO 4441 --- [movies-service] [rap-executor-%d] c.n.d.s.r.aws.ConfigClusterResolver      : Resolving eureka endpoints via configuration
2026-04-22T22:03:59.045+08:00  WARN 4441 --- [movies-service] [l-1 housekeeper] com.zaxxer.hikari.pool.HikariPool        : HikariPool-1 - Thread starvation or clock leap detected (housekeeper delta=1h15m36s130ms).
2026-04-22T23:21:49.281+08:00  WARN 4441 --- [movies-service] [l-1 housekeeper] com.zaxxer.hikari.pool.HikariPool        : HikariPool-1 - Thread starvation or clock leap detected (housekeeper delta=1h17m50s236ms).
2026-04-22T23:37:53.077+08:00  INFO 4441 --- [movies-service] [beatExecutor-%d] com.netflix.discovery.DiscoveryClient    : DiscoveryClient_MOVIES-SERVICE/mac:movies-service:8081 - Re-registering apps/MOVIES-SERVICE
2026-04-22T23:37:53.077+08:00  INFO 4441 --- [movies-service] [beatExecutor-%d] com.netflix.discovery.DiscoveryClient    : DiscoveryClient_MOVIES-SERVICE/mac:movies-service:8081: registering service...
2026-04-22T23:37:53.087+08:00  INFO 4441 --- [movies-service] [beatExecutor-%d] com.netflix.discovery.DiscoveryClient    : DiscoveryClient_MOVIES-SERVICE/mac:movies-service:8081 - registration status: 204
2026-04-23T00:39:01.495+08:00  WARN 4441 --- [movies-service] [l-1 housekeeper] com.zaxxer.hikari.pool.HikariPool        : HikariPool-1 - Thread starvation or clock leap detected (housekeeper delta=1h17m12s215ms).
2026-04-23T01:34:38.602+08:00  WARN 4441 --- [movies-service] [l-1 housekeeper] com.zaxxer.hikari.pool.HikariPool        : HikariPool-1 - Thread starvation or clock leap detected (housekeeper delta=55m37s106ms).
2026-04-23T01:34:42.498+08:00  INFO 4441 --- [movies-service] [beatExecutor-%d] com.netflix.discovery.DiscoveryClient    : DiscoveryClient_MOVIES-SERVICE/mac:movies-service:8081 - Re-registering apps/MOVIES-SERVICE
2026-04-23T01:34:42.498+08:00  INFO 4441 --- [movies-service] [beatExecutor-%d] com.netflix.discovery.DiscoveryClient    : DiscoveryClient_MOVIES-SERVICE/mac:movies-service:8081: registering service...
2026-04-23T01:34:42.501+08:00  INFO 4441 --- [movies-service] [beatExecutor-%d] com.netflix.discovery.DiscoveryClient    : DiscoveryClient_MOVIES-SERVICE/mac:movies-service:8081 - registration status: 204
2026-04-23T01:37:40.808+08:00  INFO 4441 --- [movies-service] [rap-executor-%d] c.n.d.s.r.aws.ConfigClusterResolver      : Resolving eureka endpoints via configuration
2026-04-23T01:42:40.823+08:00  INFO 4441 --- [movies-service] [rap-executor-%d] c.n.d.s.r.aws.ConfigClusterResolver      : Resolving eureka endpoints via configuration
2026-04-23T01:46:06.744+08:00  INFO 4441 --- [movies-service] [ionShutdownHook] o.s.c.n.e.s.EurekaServiceRegistry        : Unregistering application MOVIES-SERVICE with eureka with status DOWN
2026-04-23T01:46:06.745+08:00  INFO 4441 --- [movies-service] [ionShutdownHook] com.netflix.discovery.DiscoveryClient    : Saw local status change event StatusChangeEvent [timestamp=1776879966745, current=DOWN, previous=UP]
2026-04-23T01:46:06.745+08:00  INFO 4441 --- [movies-service] [foReplicator-%d] com.netflix.discovery.DiscoveryClient    : DiscoveryClient_MOVIES-SERVICE/mac:movies-service:8081: registering service...
2026-04-23T01:46:06.747+08:00  INFO 4441 --- [movies-service] [ionShutdownHook] o.s.b.w.e.tomcat.GracefulShutdown        : Commencing graceful shutdown. Waiting for active requests to complete
2026-04-23T01:46:06.749+08:00  INFO 4441 --- [movies-service] [foReplicator-%d] com.netflix.discovery.DiscoveryClient    : DiscoveryClient_MOVIES-SERVICE/mac:movies-service:8081 - registration status: 204
2026-04-23T01:46:06.749+08:00  INFO 4441 --- [movies-service] [tomcat-shutdown] o.s.b.w.e.tomcat.GracefulShutdown        : Graceful shutdown complete
2026-04-23T01:46:06.755+08:00  INFO 4441 --- [movies-service] [ionShutdownHook] com.zaxxer.hikari.HikariDataSource       : HikariPool-1 - Shutdown initiated...
2026-04-23T01:46:06.757+08:00  INFO 4441 --- [movies-service] [ionShutdownHook] com.zaxxer.hikari.HikariDataSource       : HikariPool-1 - Shutdown completed.
2026-04-23T01:46:06.757+08:00  INFO 4441 --- [movies-service] [ionShutdownHook] com.netflix.discovery.DiscoveryClient    : Shutting down DiscoveryClient ...
2026-04-23T01:46:09.763+08:00  INFO 4441 --- [movies-service] [ionShutdownHook] com.netflix.discovery.DiscoveryClient    : Unregistering ...
2026-04-23T01:46:09.770+08:00  INFO 4441 --- [movies-service] [ionShutdownHook] com.netflix.discovery.DiscoveryClient    : DiscoveryClient_MOVIES-SERVICE/mac:movies-service:8081 - deregister  status: 200
2026-04-23T01:46:09.770+08:00  INFO 4441 --- [movies-service] [ionShutdownHook] com.netflix.discovery.DiscoveryClient    : Completed shut down of DiscoveryClient
