
  .   ____          _            __ _ _
 /\\ / ___'_ __ _ _(_)_ __  __ _ \ \ \ \
( ( )\___ | '_ | '_| | '_ \/ _` | \ \ \ \
 \\/  ___)| |_)| | | | | || (_| |  ) ) ) )
  '  |____| .__|_| |_|_| |_\__, | / / / /
 =========|_|==============|___/=/_/_/_/

 :: Spring Boot ::                (v3.4.1)

2026-04-28T17:54:32.835+08:00  INFO 62649 --- [recommendation-service] [           main] e.c.r.RecommendationServiceApplication   : Starting RecommendationServiceApplication v0.0.1-SNAPSHOT using Java 25.0.1 with PID 62649 (/Users/fanjinchen/工程实践/Movies/recommendation-service/target/recommendation-service-0.0.1-SNAPSHOT.jar started by fanjinchen in /Users/fanjinchen/工程实践/Movies)
2026-04-28T17:54:32.835+08:00 DEBUG 62649 --- [recommendation-service] [           main] e.c.r.RecommendationServiceApplication   : Running with Spring Boot v3.4.1, Spring v6.2.1
2026-04-28T17:54:32.836+08:00  INFO 62649 --- [recommendation-service] [           main] e.c.r.RecommendationServiceApplication   : No active profile set, falling back to 1 default profile: "default"
2026-04-28T17:54:33.221+08:00  INFO 62649 --- [recommendation-service] [           main] o.s.cloud.context.scope.GenericScope     : BeanFactory id=200c2251-76a8-3a41-99bc-2c21d026c4f5
WARNING: A restricted method in java.lang.System has been called
WARNING: java.lang.System::load has been called by org.apache.tomcat.jni.Library in an unnamed module (jar:nested:/Users/fanjinchen/工程实践/Movies/recommendation-service/target/recommendation-service-0.0.1-SNAPSHOT.jar/!BOOT-INF/lib/tomcat-embed-core-10.1.34.jar!/)
WARNING: Use --enable-native-access=ALL-UNNAMED to avoid a warning for callers in this module
WARNING: Restricted methods will be blocked in a future release unless native access is enabled

2026-04-28T17:54:33.471+08:00  INFO 62649 --- [recommendation-service] [           main] o.s.b.w.embedded.tomcat.TomcatWebServer  : Tomcat initialized with port 8083 (http)
2026-04-28T17:54:33.477+08:00  INFO 62649 --- [recommendation-service] [           main] o.apache.catalina.core.StandardService   : Starting service [Tomcat]
2026-04-28T17:54:33.478+08:00  INFO 62649 --- [recommendation-service] [           main] o.apache.catalina.core.StandardEngine    : Starting Servlet engine: [Apache Tomcat/10.1.34]
2026-04-28T17:54:33.494+08:00  INFO 62649 --- [recommendation-service] [           main] o.a.c.c.C.[Tomcat].[localhost].[/]       : Initializing Spring embedded WebApplicationContext
2026-04-28T17:54:33.494+08:00  INFO 62649 --- [recommendation-service] [           main] w.s.c.ServletWebServerApplicationContext : Root WebApplicationContext: initialization completed in 637 ms
2026-04-28T17:54:33.685+08:00  INFO 62649 --- [recommendation-service] [           main] o.s.b.a.w.s.WelcomePageHandlerMapping    : Adding welcome page template: index
2026-04-28T17:54:34.071+08:00  INFO 62649 --- [recommendation-service] [           main] DiscoveryClientOptionalArgsConfiguration : Eureka HTTP Client uses RestTemplate.
2026-04-28T17:54:34.110+08:00  WARN 62649 --- [recommendation-service] [           main] iguration$LoadBalancerCaffeineWarnLogger : Spring Cloud LoadBalancer is currently working with the default cache. While this cache implementation is useful for development and tests, it's recommended to use Caffeine cache in production.You can switch to using Caffeine cache, by adding it and org.springframework.cache.caffeine.CaffeineCacheManager to the classpath.
2026-04-28T17:54:34.125+08:00  INFO 62649 --- [recommendation-service] [           main] o.s.c.n.eureka.InstanceInfoFactory       : Setting initial instance status as: STARTING
2026-04-28T17:54:34.136+08:00  INFO 62649 --- [recommendation-service] [           main] com.netflix.discovery.DiscoveryClient    : Initializing Eureka in region us-east-1
2026-04-28T17:54:34.138+08:00  INFO 62649 --- [recommendation-service] [           main] c.n.d.s.r.aws.ConfigClusterResolver      : Resolving eureka endpoints via configuration
2026-04-28T17:54:34.140+08:00  INFO 62649 --- [recommendation-service] [           main] com.netflix.discovery.DiscoveryClient    : Disable delta property : false
2026-04-28T17:54:34.140+08:00  INFO 62649 --- [recommendation-service] [           main] com.netflix.discovery.DiscoveryClient    : Single vip registry refresh property : null
2026-04-28T17:54:34.140+08:00  INFO 62649 --- [recommendation-service] [           main] com.netflix.discovery.DiscoveryClient    : Force full registry fetch : false
2026-04-28T17:54:34.140+08:00  INFO 62649 --- [recommendation-service] [           main] com.netflix.discovery.DiscoveryClient    : Application is null : false
2026-04-28T17:54:34.140+08:00  INFO 62649 --- [recommendation-service] [           main] com.netflix.discovery.DiscoveryClient    : Registered Applications size is zero : true
2026-04-28T17:54:34.140+08:00  INFO 62649 --- [recommendation-service] [           main] com.netflix.discovery.DiscoveryClient    : Application version is -1: true
2026-04-28T17:54:34.140+08:00  INFO 62649 --- [recommendation-service] [           main] com.netflix.discovery.DiscoveryClient    : Getting all instance registry info from the eureka server
2026-04-28T17:54:34.290+08:00  INFO 62649 --- [recommendation-service] [           main] com.netflix.discovery.DiscoveryClient    : The response status is 200
2026-04-28T17:54:34.290+08:00  INFO 62649 --- [recommendation-service] [           main] com.netflix.discovery.DiscoveryClient    : Starting heartbeat executor: renew interval is: 30
2026-04-28T17:54:34.291+08:00  INFO 62649 --- [recommendation-service] [           main] c.n.discovery.InstanceInfoReplicator     : InstanceInfoReplicator onDemand update allowed rate per min is 4
2026-04-28T17:54:34.291+08:00  INFO 62649 --- [recommendation-service] [           main] com.netflix.discovery.DiscoveryClient    : Discovery Client initialized at timestamp 1777370074291 with initial instances count: 4
2026-04-28T17:54:34.297+08:00  INFO 62649 --- [recommendation-service] [           main] o.s.c.n.e.s.EurekaServiceRegistry        : Registering application RECOMMENDATION-SERVICE with eureka with status UP
2026-04-28T17:54:34.297+08:00  INFO 62649 --- [recommendation-service] [           main] com.netflix.discovery.DiscoveryClient    : Saw local status change event StatusChangeEvent [timestamp=1777370074297, current=UP, previous=STARTING]
2026-04-28T17:54:34.297+08:00  INFO 62649 --- [recommendation-service] [foReplicator-%d] com.netflix.discovery.DiscoveryClient    : DiscoveryClient_RECOMMENDATION-SERVICE/mac:recommendation-service:8083: registering service...
2026-04-28T17:54:34.303+08:00  INFO 62649 --- [recommendation-service] [           main] o.s.b.w.embedded.tomcat.TomcatWebServer  : Tomcat started on port 8083 (http) with context path '/'
2026-04-28T17:54:34.303+08:00  INFO 62649 --- [recommendation-service] [           main] .s.c.n.e.s.EurekaAutoServiceRegistration : Updating port to 8083
2026-04-28T17:54:34.311+08:00  INFO 62649 --- [recommendation-service] [foReplicator-%d] com.netflix.discovery.DiscoveryClient    : DiscoveryClient_RECOMMENDATION-SERVICE/mac:recommendation-service:8083 - registration status: 204
2026-04-28T17:54:34.324+08:00  INFO 62649 --- [recommendation-service] [           main] e.c.r.RecommendationServiceApplication   : Started RecommendationServiceApplication in 1.676 seconds (process running for 1.923)
2026-04-28T17:59:34.152+08:00  INFO 62649 --- [recommendation-service] [rap-executor-%d] c.n.d.s.r.aws.ConfigClusterResolver      : Resolving eureka endpoints via configuration
2026-04-28T18:04:34.175+08:00  INFO 62649 --- [recommendation-service] [rap-executor-%d] c.n.d.s.r.aws.ConfigClusterResolver      : Resolving eureka endpoints via configuration
2026-04-28T18:09:34.187+08:00  INFO 62649 --- [recommendation-service] [rap-executor-%d] c.n.d.s.r.aws.ConfigClusterResolver      : Resolving eureka endpoints via configuration
2026-04-28T18:12:46.934+08:00  INFO 62649 --- [recommendation-service] [nio-8083-exec-1] o.a.c.c.C.[Tomcat].[localhost].[/]       : Initializing Spring DispatcherServlet 'dispatcherServlet'
2026-04-28T18:12:46.935+08:00  INFO 62649 --- [recommendation-service] [nio-8083-exec-1] o.s.web.servlet.DispatcherServlet        : Initializing Servlet 'dispatcherServlet'
2026-04-28T18:12:46.936+08:00  INFO 62649 --- [recommendation-service] [nio-8083-exec-1] o.s.web.servlet.DispatcherServlet        : Completed initialization in 1 ms
2026-04-28T18:14:34.195+08:00  INFO 62649 --- [recommendation-service] [rap-executor-%d] c.n.d.s.r.aws.ConfigClusterResolver      : Resolving eureka endpoints via configuration
2026-04-28T18:19:34.205+08:00  INFO 62649 --- [recommendation-service] [rap-executor-%d] c.n.d.s.r.aws.ConfigClusterResolver      : Resolving eureka endpoints via configuration
2026-04-28T18:24:34.216+08:00  INFO 62649 --- [recommendation-service] [rap-executor-%d] c.n.d.s.r.aws.ConfigClusterResolver      : Resolving eureka endpoints via configuration
2026-04-28T18:29:34.226+08:00  INFO 62649 --- [recommendation-service] [rap-executor-%d] c.n.d.s.r.aws.ConfigClusterResolver      : Resolving eureka endpoints via configuration
2026-04-28T18:34:34.237+08:00  INFO 62649 --- [recommendation-service] [rap-executor-%d] c.n.d.s.r.aws.ConfigClusterResolver      : Resolving eureka endpoints via configuration
2026-04-28T18:39:34.245+08:00  INFO 62649 --- [recommendation-service] [rap-executor-%d] c.n.d.s.r.aws.ConfigClusterResolver      : Resolving eureka endpoints via configuration
2026-04-28T18:44:34.256+08:00  INFO 62649 --- [recommendation-service] [rap-executor-%d] c.n.d.s.r.aws.ConfigClusterResolver      : Resolving eureka endpoints via configuration
2026-04-28T18:49:34.274+08:00  INFO 62649 --- [recommendation-service] [rap-executor-%d] c.n.d.s.r.aws.ConfigClusterResolver      : Resolving eureka endpoints via configuration
2026-04-28T18:54:34.296+08:00  INFO 62649 --- [recommendation-service] [rap-executor-%d] c.n.d.s.r.aws.ConfigClusterResolver      : Resolving eureka endpoints via configuration
2026-04-28T18:59:34.305+08:00  INFO 62649 --- [recommendation-service] [rap-executor-%d] c.n.d.s.r.aws.ConfigClusterResolver      : Resolving eureka endpoints via configuration
2026-04-28T19:04:34.317+08:00  INFO 62649 --- [recommendation-service] [rap-executor-%d] c.n.d.s.r.aws.ConfigClusterResolver      : Resolving eureka endpoints via configuration
2026-04-28T19:09:34.327+08:00  INFO 62649 --- [recommendation-service] [rap-executor-%d] c.n.d.s.r.aws.ConfigClusterResolver      : Resolving eureka endpoints via configuration
2026-04-28T19:14:34.338+08:00  INFO 62649 --- [recommendation-service] [rap-executor-%d] c.n.d.s.r.aws.ConfigClusterResolver      : Resolving eureka endpoints via configuration
2026-04-28T19:19:34.347+08:00  INFO 62649 --- [recommendation-service] [rap-executor-%d] c.n.d.s.r.aws.ConfigClusterResolver      : Resolving eureka endpoints via configuration
2026-04-28T19:24:34.359+08:00  INFO 62649 --- [recommendation-service] [rap-executor-%d] c.n.d.s.r.aws.ConfigClusterResolver      : Resolving eureka endpoints via configuration
2026-04-28T19:29:34.374+08:00  INFO 62649 --- [recommendation-service] [rap-executor-%d] c.n.d.s.r.aws.ConfigClusterResolver      : Resolving eureka endpoints via configuration
2026-04-28T19:34:34.375+08:00  INFO 62649 --- [recommendation-service] [rap-executor-%d] c.n.d.s.r.aws.ConfigClusterResolver      : Resolving eureka endpoints via configuration
2026-04-28T19:39:34.389+08:00  INFO 62649 --- [recommendation-service] [rap-executor-%d] c.n.d.s.r.aws.ConfigClusterResolver      : Resolving eureka endpoints via configuration
2026-04-28T19:44:34.400+08:00  INFO 62649 --- [recommendation-service] [rap-executor-%d] c.n.d.s.r.aws.ConfigClusterResolver      : Resolving eureka endpoints via configuration
2026-04-28T19:49:34.415+08:00  INFO 62649 --- [recommendation-service] [rap-executor-%d] c.n.d.s.r.aws.ConfigClusterResolver      : Resolving eureka endpoints via configuration
2026-04-28T19:54:34.426+08:00  INFO 62649 --- [recommendation-service] [rap-executor-%d] c.n.d.s.r.aws.ConfigClusterResolver      : Resolving eureka endpoints via configuration
2026-04-28T19:59:34.441+08:00  INFO 62649 --- [recommendation-service] [rap-executor-%d] c.n.d.s.r.aws.ConfigClusterResolver      : Resolving eureka endpoints via configuration
2026-04-28T20:04:34.452+08:00  INFO 62649 --- [recommendation-service] [rap-executor-%d] c.n.d.s.r.aws.ConfigClusterResolver      : Resolving eureka endpoints via configuration
2026-04-28T20:09:34.457+08:00  INFO 62649 --- [recommendation-service] [rap-executor-%d] c.n.d.s.r.aws.ConfigClusterResolver      : Resolving eureka endpoints via configuration
2026-04-28T20:14:34.466+08:00  INFO 62649 --- [recommendation-service] [rap-executor-%d] c.n.d.s.r.aws.ConfigClusterResolver      : Resolving eureka endpoints via configuration
2026-04-28T20:19:34.481+08:00  INFO 62649 --- [recommendation-service] [rap-executor-%d] c.n.d.s.r.aws.ConfigClusterResolver      : Resolving eureka endpoints via configuration
2026-04-28T20:24:34.493+08:00  INFO 62649 --- [recommendation-service] [rap-executor-%d] c.n.d.s.r.aws.ConfigClusterResolver      : Resolving eureka endpoints via configuration
2026-04-28T20:29:34.505+08:00  INFO 62649 --- [recommendation-service] [rap-executor-%d] c.n.d.s.r.aws.ConfigClusterResolver      : Resolving eureka endpoints via configuration
2026-04-28T20:34:34.514+08:00  INFO 62649 --- [recommendation-service] [rap-executor-%d] c.n.d.s.r.aws.ConfigClusterResolver      : Resolving eureka endpoints via configuration
2026-04-28T20:39:34.523+08:00  INFO 62649 --- [recommendation-service] [rap-executor-%d] c.n.d.s.r.aws.ConfigClusterResolver      : Resolving eureka endpoints via configuration
2026-04-28T20:44:34.535+08:00  INFO 62649 --- [recommendation-service] [rap-executor-%d] c.n.d.s.r.aws.ConfigClusterResolver      : Resolving eureka endpoints via configuration
2026-04-28T20:49:34.543+08:00  INFO 62649 --- [recommendation-service] [rap-executor-%d] c.n.d.s.r.aws.ConfigClusterResolver      : Resolving eureka endpoints via configuration
2026-04-28T20:54:34.553+08:00  INFO 62649 --- [recommendation-service] [rap-executor-%d] c.n.d.s.r.aws.ConfigClusterResolver      : Resolving eureka endpoints via configuration
2026-04-28T20:59:34.563+08:00  INFO 62649 --- [recommendation-service] [rap-executor-%d] c.n.d.s.r.aws.ConfigClusterResolver      : Resolving eureka endpoints via configuration
2026-04-28T21:04:34.572+08:00  INFO 62649 --- [recommendation-service] [rap-executor-%d] c.n.d.s.r.aws.ConfigClusterResolver      : Resolving eureka endpoints via configuration
2026-04-28T21:09:34.581+08:00  INFO 62649 --- [recommendation-service] [rap-executor-%d] c.n.d.s.r.aws.ConfigClusterResolver      : Resolving eureka endpoints via configuration
2026-04-28T21:14:34.590+08:00  INFO 62649 --- [recommendation-service] [rap-executor-%d] c.n.d.s.r.aws.ConfigClusterResolver      : Resolving eureka endpoints via configuration
2026-04-28T21:19:34.600+08:00  INFO 62649 --- [recommendation-service] [rap-executor-%d] c.n.d.s.r.aws.ConfigClusterResolver      : Resolving eureka endpoints via configuration
2026-04-28T21:24:34.619+08:00  INFO 62649 --- [recommendation-service] [rap-executor-%d] c.n.d.s.r.aws.ConfigClusterResolver      : Resolving eureka endpoints via configuration
2026-04-28T21:29:34.589+08:00  INFO 62649 --- [recommendation-service] [rap-executor-%d] c.n.d.s.r.aws.ConfigClusterResolver      : Resolving eureka endpoints via configuration
2026-04-28T21:34:34.599+08:00  INFO 62649 --- [recommendation-service] [rap-executor-%d] c.n.d.s.r.aws.ConfigClusterResolver      : Resolving eureka endpoints via configuration
2026-04-28T21:39:34.612+08:00  INFO 62649 --- [recommendation-service] [rap-executor-%d] c.n.d.s.r.aws.ConfigClusterResolver      : Resolving eureka endpoints via configuration
2026-04-28T21:44:34.618+08:00  INFO 62649 --- [recommendation-service] [rap-executor-%d] c.n.d.s.r.aws.ConfigClusterResolver      : Resolving eureka endpoints via configuration
2026-04-28T21:49:34.626+08:00  INFO 62649 --- [recommendation-service] [rap-executor-%d] c.n.d.s.r.aws.ConfigClusterResolver      : Resolving eureka endpoints via configuration
2026-04-28T21:54:34.635+08:00  INFO 62649 --- [recommendation-service] [rap-executor-%d] c.n.d.s.r.aws.ConfigClusterResolver      : Resolving eureka endpoints via configuration
2026-04-28T21:59:34.643+08:00  INFO 62649 --- [recommendation-service] [rap-executor-%d] c.n.d.s.r.aws.ConfigClusterResolver      : Resolving eureka endpoints via configuration
2026-04-28T22:04:34.651+08:00  INFO 62649 --- [recommendation-service] [rap-executor-%d] c.n.d.s.r.aws.ConfigClusterResolver      : Resolving eureka endpoints via configuration
2026-04-28T22:09:34.660+08:00  INFO 62649 --- [recommendation-service] [rap-executor-%d] c.n.d.s.r.aws.ConfigClusterResolver      : Resolving eureka endpoints via configuration
2026-04-28T22:14:34.669+08:00  INFO 62649 --- [recommendation-service] [rap-executor-%d] c.n.d.s.r.aws.ConfigClusterResolver      : Resolving eureka endpoints via configuration
2026-04-28T22:19:34.677+08:00  INFO 62649 --- [recommendation-service] [rap-executor-%d] c.n.d.s.r.aws.ConfigClusterResolver      : Resolving eureka endpoints via configuration
2026-04-28T22:24:34.682+08:00  INFO 62649 --- [recommendation-service] [rap-executor-%d] c.n.d.s.r.aws.ConfigClusterResolver      : Resolving eureka endpoints via configuration
2026-04-28T22:29:34.685+08:00  INFO 62649 --- [recommendation-service] [rap-executor-%d] c.n.d.s.r.aws.ConfigClusterResolver      : Resolving eureka endpoints via configuration
2026-04-28T22:34:34.691+08:00  INFO 62649 --- [recommendation-service] [rap-executor-%d] c.n.d.s.r.aws.ConfigClusterResolver      : Resolving eureka endpoints via configuration
2026-04-28T22:39:34.695+08:00  INFO 62649 --- [recommendation-service] [rap-executor-%d] c.n.d.s.r.aws.ConfigClusterResolver      : Resolving eureka endpoints via configuration
