
  .   ____          _            __ _ _
 /\\ / ___'_ __ _ _(_)_ __  __ _ \ \ \ \
( ( )\___ | '_ | '_| | '_ \/ _` | \ \ \ \
 \\/  ___)| |_)| | | | | || (_| |  ) ) ) )
  '  |____| .__|_| |_|_| |_\__, | / / / /
 =========|_|==============|___/=/_/_/_/

 :: Spring Boot ::                (v3.4.1)

2026-04-28T17:54:24.568+08:00  INFO 62580 --- [user-portal-service] [           main] e.cuit.userportal.UserPortalApplication  : Starting UserPortalApplication v0.0.1-SNAPSHOT using Java 25.0.1 with PID 62580 (/Users/fanjinchen/工程实践/Movies/user-portal-service/target/user-portal-service-0.0.1-SNAPSHOT.jar started by fanjinchen in /Users/fanjinchen/工程实践/Movies)
2026-04-28T17:54:24.569+08:00  INFO 62580 --- [user-portal-service] [           main] e.cuit.userportal.UserPortalApplication  : No active profile set, falling back to 1 default profile: "default"
2026-04-28T17:54:24.854+08:00  INFO 62580 --- [user-portal-service] [           main] .s.d.r.c.RepositoryConfigurationDelegate : Multiple Spring Data modules found, entering strict repository configuration mode
2026-04-28T17:54:24.857+08:00  INFO 62580 --- [user-portal-service] [           main] .s.d.r.c.RepositoryConfigurationDelegate : Bootstrapping Spring Data Redis repositories in DEFAULT mode.
2026-04-28T17:54:24.872+08:00  INFO 62580 --- [user-portal-service] [           main] .s.d.r.c.RepositoryConfigurationDelegate : Finished Spring Data repository scanning in 5 ms. Found 0 Redis repository interfaces.
2026-04-28T17:54:24.978+08:00  INFO 62580 --- [user-portal-service] [           main] o.s.cloud.context.scope.GenericScope     : BeanFactory id=1555e84e-e60b-37b5-a7d0-ba6ef079bb67
WARNING: A restricted method in java.lang.System has been called
WARNING: java.lang.System::load has been called by org.apache.tomcat.jni.Library in an unnamed module (jar:nested:/Users/fanjinchen/工程实践/Movies/user-portal-service/target/user-portal-service-0.0.1-SNAPSHOT.jar/!BOOT-INF/lib/tomcat-embed-core-10.1.34.jar!/)
WARNING: Use --enable-native-access=ALL-UNNAMED to avoid a warning for callers in this module
WARNING: Restricted methods will be blocked in a future release unless native access is enabled

2026-04-28T17:54:25.099+08:00  INFO 62580 --- [user-portal-service] [           main] o.s.b.w.embedded.tomcat.TomcatWebServer  : Tomcat initialized with port 8082 (http)
2026-04-28T17:54:25.106+08:00  INFO 62580 --- [user-portal-service] [           main] o.apache.catalina.core.StandardService   : Starting service [Tomcat]
2026-04-28T17:54:25.106+08:00  INFO 62580 --- [user-portal-service] [           main] o.apache.catalina.core.StandardEngine    : Starting Servlet engine: [Apache Tomcat/10.1.34]
2026-04-28T17:54:25.123+08:00  INFO 62580 --- [user-portal-service] [           main] o.a.c.c.C.[Tomcat].[localhost].[/]       : Initializing Spring embedded WebApplicationContext
2026-04-28T17:54:25.123+08:00  INFO 62580 --- [user-portal-service] [           main] w.s.c.ServletWebServerApplicationContext : Root WebApplicationContext: initialization completed in 533 ms
2026-04-28T17:54:25.220+08:00  INFO 62580 --- [user-portal-service] [           main] o.s.c.openfeign.FeignClientFactoryBean   : For 'movies-service' URL not provided. Will try picking an instance via load-balancing.
2026-04-28T17:54:25.246+08:00  INFO 62580 --- [user-portal-service] [           main] o.s.c.openfeign.FeignClientFactoryBean   : For 'movies-service' URL not provided. Will try picking an instance via load-balancing.
2026-04-28T17:54:25.254+08:00  INFO 62580 --- [user-portal-service] [           main] o.s.c.openfeign.FeignClientFactoryBean   : For 'movies-service' URL not provided. Will try picking an instance via load-balancing.
2026-04-28T17:54:25.274+08:00  INFO 62580 --- [user-portal-service] [           main] o.s.b.a.w.s.WelcomePageHandlerMapping    : Adding welcome page template: index
WARNING: A terminally deprecated method in sun.misc.Unsafe has been called
WARNING: sun.misc.Unsafe::allocateMemory has been called by io.netty.util.internal.PlatformDependent0$2 (jar:nested:/Users/fanjinchen/工程实践/Movies/user-portal-service/target/user-portal-service-0.0.1-SNAPSHOT.jar/!BOOT-INF/lib/netty-common-4.1.116.Final.jar!/)
WARNING: Please consider reporting this to the maintainers of class io.netty.util.internal.PlatformDependent0$2
WARNING: sun.misc.Unsafe::allocateMemory will be removed in a future release
2026-04-28T17:54:25.625+08:00  INFO 62580 --- [user-portal-service] [           main] DiscoveryClientOptionalArgsConfiguration : Eureka HTTP Client uses RestTemplate.
2026-04-28T17:54:25.632+08:00  WARN 62580 --- [user-portal-service] [           main] iguration$LoadBalancerCaffeineWarnLogger : Spring Cloud LoadBalancer is currently working with the default cache. While this cache implementation is useful for development and tests, it's recommended to use Caffeine cache in production.You can switch to using Caffeine cache, by adding it and org.springframework.cache.caffeine.CaffeineCacheManager to the classpath.
2026-04-28T17:54:25.642+08:00  INFO 62580 --- [user-portal-service] [           main] o.s.c.n.eureka.InstanceInfoFactory       : Setting initial instance status as: STARTING
2026-04-28T17:54:25.651+08:00  INFO 62580 --- [user-portal-service] [           main] com.netflix.discovery.DiscoveryClient    : Initializing Eureka in region us-east-1
2026-04-28T17:54:25.653+08:00  INFO 62580 --- [user-portal-service] [           main] c.n.d.s.r.aws.ConfigClusterResolver      : Resolving eureka endpoints via configuration
2026-04-28T17:54:25.656+08:00  INFO 62580 --- [user-portal-service] [           main] com.netflix.discovery.DiscoveryClient    : Disable delta property : false
2026-04-28T17:54:25.656+08:00  INFO 62580 --- [user-portal-service] [           main] com.netflix.discovery.DiscoveryClient    : Single vip registry refresh property : null
2026-04-28T17:54:25.656+08:00  INFO 62580 --- [user-portal-service] [           main] com.netflix.discovery.DiscoveryClient    : Force full registry fetch : false
2026-04-28T17:54:25.656+08:00  INFO 62580 --- [user-portal-service] [           main] com.netflix.discovery.DiscoveryClient    : Application is null : false
2026-04-28T17:54:25.656+08:00  INFO 62580 --- [user-portal-service] [           main] com.netflix.discovery.DiscoveryClient    : Registered Applications size is zero : true
2026-04-28T17:54:25.656+08:00  INFO 62580 --- [user-portal-service] [           main] com.netflix.discovery.DiscoveryClient    : Application version is -1: true
2026-04-28T17:54:25.656+08:00  INFO 62580 --- [user-portal-service] [           main] com.netflix.discovery.DiscoveryClient    : Getting all instance registry info from the eureka server
2026-04-28T17:54:25.805+08:00  INFO 62580 --- [user-portal-service] [           main] com.netflix.discovery.DiscoveryClient    : The response status is 200
2026-04-28T17:54:25.805+08:00  INFO 62580 --- [user-portal-service] [           main] com.netflix.discovery.DiscoveryClient    : Starting heartbeat executor: renew interval is: 30
2026-04-28T17:54:25.806+08:00  INFO 62580 --- [user-portal-service] [           main] c.n.discovery.InstanceInfoReplicator     : InstanceInfoReplicator onDemand update allowed rate per min is 4
2026-04-28T17:54:25.806+08:00  INFO 62580 --- [user-portal-service] [           main] com.netflix.discovery.DiscoveryClient    : Discovery Client initialized at timestamp 1777370065806 with initial instances count: 0
2026-04-28T17:54:25.807+08:00  INFO 62580 --- [user-portal-service] [           main] o.s.c.n.e.s.EurekaServiceRegistry        : Registering application USER-PORTAL-SERVICE with eureka with status UP
2026-04-28T17:54:25.807+08:00  INFO 62580 --- [user-portal-service] [           main] com.netflix.discovery.DiscoveryClient    : Saw local status change event StatusChangeEvent [timestamp=1777370065807, current=UP, previous=STARTING]
2026-04-28T17:54:25.808+08:00  INFO 62580 --- [user-portal-service] [foReplicator-%d] com.netflix.discovery.DiscoveryClient    : DiscoveryClient_USER-PORTAL-SERVICE/mac:user-portal-service:8082: registering service...
2026-04-28T17:54:25.813+08:00  INFO 62580 --- [user-portal-service] [           main] o.s.b.w.embedded.tomcat.TomcatWebServer  : Tomcat started on port 8082 (http) with context path '/'
2026-04-28T17:54:25.814+08:00  INFO 62580 --- [user-portal-service] [           main] .s.c.n.e.s.EurekaAutoServiceRegistration : Updating port to 8082
2026-04-28T17:54:25.821+08:00  INFO 62580 --- [user-portal-service] [           main] e.cuit.userportal.UserPortalApplication  : Started UserPortalApplication in 1.441 seconds (process running for 1.729)
2026-04-28T17:54:25.824+08:00  INFO 62580 --- [user-portal-service] [foReplicator-%d] com.netflix.discovery.DiscoveryClient    : DiscoveryClient_USER-PORTAL-SERVICE/mac:user-portal-service:8082 - registration status: 204
2026-04-28T17:54:48.600+08:00  INFO 62580 --- [user-portal-service] [nio-8082-exec-1] o.a.c.c.C.[Tomcat].[localhost].[/]       : Initializing Spring DispatcherServlet 'dispatcherServlet'
2026-04-28T17:54:48.600+08:00  INFO 62580 --- [user-portal-service] [nio-8082-exec-1] o.s.web.servlet.DispatcherServlet        : Initializing Servlet 'dispatcherServlet'
2026-04-28T17:54:48.601+08:00  INFO 62580 --- [user-portal-service] [nio-8082-exec-1] o.s.web.servlet.DispatcherServlet        : Completed initialization in 1 ms
2026-04-28T17:54:48.656+08:00  WARN 62580 --- [user-portal-service] [nio-8082-exec-1] o.s.c.l.core.RoundRobinLoadBalancer      : No servers available for service: movies-service
2026-04-28T17:54:48.658+08:00  WARN 62580 --- [user-portal-service] [nio-8082-exec-1] .s.c.o.l.FeignBlockingLoadBalancerClient : Load balancer does not contain an instance for the service movies-service
2026-04-28T17:54:48.663+08:00 ERROR 62580 --- [user-portal-service] [nio-8082-exec-1] o.a.c.c.C.[.[.[/].[dispatcherServlet]    : Servlet.service() for servlet [dispatcherServlet] in context with path [] threw exception [Request processing failed: feign.FeignException$ServiceUnavailable: [503] during [GET] to [http://movies-service/rpc/user/findByUsername?username=admin] [UserClient#findUserByUsername(String)]: [Load balancer does not contain an instance for the service movies-service]] with root cause

feign.FeignException$ServiceUnavailable: [503] during [GET] to [http://movies-service/rpc/user/findByUsername?username=admin] [UserClient#findUserByUsername(String)]: [Load balancer does not contain an instance for the service movies-service]
	at feign.FeignException.serverErrorStatus(FeignException.java:287) ~[feign-core-13.5.jar!/:na]
	at feign.FeignException.errorStatus(FeignException.java:226) ~[feign-core-13.5.jar!/:na]
	at feign.FeignException.errorStatus(FeignException.java:213) ~[feign-core-13.5.jar!/:na]
	at feign.codec.ErrorDecoder$Default.decode(ErrorDecoder.java:103) ~[feign-core-13.5.jar!/:na]
	at feign.InvocationContext.decodeError(InvocationContext.java:133) ~[feign-core-13.5.jar!/:na]
	at feign.InvocationContext.proceed(InvocationContext.java:80) ~[feign-core-13.5.jar!/:na]
	at feign.ResponseHandler.handleResponse(ResponseHandler.java:69) ~[feign-core-13.5.jar!/:na]
	at feign.SynchronousMethodHandler.executeAndDecode(SynchronousMethodHandler.java:109) ~[feign-core-13.5.jar!/:na]
	at feign.SynchronousMethodHandler.invoke(SynchronousMethodHandler.java:53) ~[feign-core-13.5.jar!/:na]
	at feign.ReflectiveFeign$FeignInvocationHandler.invoke(ReflectiveFeign.java:104) ~[feign-core-13.5.jar!/:na]
	at jdk.proxy2/jdk.proxy2.$Proxy76.findUserByUsername(Unknown Source) ~[na:na]
	at edu.cuit.userportal.controller.PortalIndexController.login(PortalIndexController.java:42) ~[!/:0.0.1-SNAPSHOT]
	at java.base/jdk.internal.reflect.DirectMethodHandleAccessor.invoke(DirectMethodHandleAccessor.java:104) ~[na:na]
	at java.base/java.lang.reflect.Method.invoke(Method.java:565) ~[na:na]
	at org.springframework.web.method.support.InvocableHandlerMethod.doInvoke(InvocableHandlerMethod.java:257) ~[spring-web-6.2.1.jar!/:6.2.1]
	at org.springframework.web.method.support.InvocableHandlerMethod.invokeForRequest(InvocableHandlerMethod.java:190) ~[spring-web-6.2.1.jar!/:6.2.1]
	at org.springframework.web.servlet.mvc.method.annotation.ServletInvocableHandlerMethod.invokeAndHandle(ServletInvocableHandlerMethod.java:118) ~[spring-webmvc-6.2.1.jar!/:6.2.1]
	at org.springframework.web.servlet.mvc.method.annotation.RequestMappingHandlerAdapter.invokeHandlerMethod(RequestMappingHandlerAdapter.java:986) ~[spring-webmvc-6.2.1.jar!/:6.2.1]
	at org.springframework.web.servlet.mvc.method.annotation.RequestMappingHandlerAdapter.handleInternal(RequestMappingHandlerAdapter.java:891) ~[spring-webmvc-6.2.1.jar!/:6.2.1]
	at org.springframework.web.servlet.mvc.method.AbstractHandlerMethodAdapter.handle(AbstractHandlerMethodAdapter.java:87) ~[spring-webmvc-6.2.1.jar!/:6.2.1]
	at org.springframework.web.servlet.DispatcherServlet.doDispatch(DispatcherServlet.java:1088) ~[spring-webmvc-6.2.1.jar!/:6.2.1]
	at org.springframework.web.servlet.DispatcherServlet.doService(DispatcherServlet.java:978) ~[spring-webmvc-6.2.1.jar!/:6.2.1]
	at org.springframework.web.servlet.FrameworkServlet.processRequest(FrameworkServlet.java:1014) ~[spring-webmvc-6.2.1.jar!/:6.2.1]
	at org.springframework.web.servlet.FrameworkServlet.doPost(FrameworkServlet.java:914) ~[spring-webmvc-6.2.1.jar!/:6.2.1]
	at jakarta.servlet.http.HttpServlet.service(HttpServlet.java:590) ~[tomcat-embed-core-10.1.34.jar!/:na]
	at org.springframework.web.servlet.FrameworkServlet.service(FrameworkServlet.java:885) ~[spring-webmvc-6.2.1.jar!/:6.2.1]
	at jakarta.servlet.http.HttpServlet.service(HttpServlet.java:658) ~[tomcat-embed-core-10.1.34.jar!/:na]
	at org.apache.catalina.core.ApplicationFilterChain.internalDoFilter(ApplicationFilterChain.java:195) ~[tomcat-embed-core-10.1.34.jar!/:na]
	at org.apache.catalina.core.ApplicationFilterChain.doFilter(ApplicationFilterChain.java:140) ~[tomcat-embed-core-10.1.34.jar!/:na]
	at org.apache.tomcat.websocket.server.WsFilter.doFilter(WsFilter.java:51) ~[tomcat-embed-websocket-10.1.34.jar!/:na]
	at org.apache.catalina.core.ApplicationFilterChain.internalDoFilter(ApplicationFilterChain.java:164) ~[tomcat-embed-core-10.1.34.jar!/:na]
	at org.apache.catalina.core.ApplicationFilterChain.doFilter(ApplicationFilterChain.java:140) ~[tomcat-embed-core-10.1.34.jar!/:na]
	at org.springframework.web.filter.RequestContextFilter.doFilterInternal(RequestContextFilter.java:100) ~[spring-web-6.2.1.jar!/:6.2.1]
	at org.springframework.web.filter.OncePerRequestFilter.doFilter(OncePerRequestFilter.java:116) ~[spring-web-6.2.1.jar!/:6.2.1]
	at org.apache.catalina.core.ApplicationFilterChain.internalDoFilter(ApplicationFilterChain.java:164) ~[tomcat-embed-core-10.1.34.jar!/:na]
	at org.apache.catalina.core.ApplicationFilterChain.doFilter(ApplicationFilterChain.java:140) ~[tomcat-embed-core-10.1.34.jar!/:na]
	at org.springframework.web.filter.FormContentFilter.doFilterInternal(FormContentFilter.java:93) ~[spring-web-6.2.1.jar!/:6.2.1]
	at org.springframework.web.filter.OncePerRequestFilter.doFilter(OncePerRequestFilter.java:116) ~[spring-web-6.2.1.jar!/:6.2.1]
	at org.apache.catalina.core.ApplicationFilterChain.internalDoFilter(ApplicationFilterChain.java:164) ~[tomcat-embed-core-10.1.34.jar!/:na]
	at org.apache.catalina.core.ApplicationFilterChain.doFilter(ApplicationFilterChain.java:140) ~[tomcat-embed-core-10.1.34.jar!/:na]
	at org.springframework.session.web.http.SessionRepositoryFilter.doFilterInternal(SessionRepositoryFilter.java:142) ~[spring-session-core-3.4.1.jar!/:3.4.1]
	at org.springframework.session.web.http.OncePerRequestFilter.doFilter(OncePerRequestFilter.java:82) ~[spring-session-core-3.4.1.jar!/:3.4.1]
	at org.springframework.web.filter.DelegatingFilterProxy.invokeDelegate(DelegatingFilterProxy.java:362) ~[spring-web-6.2.1.jar!/:6.2.1]
	at org.springframework.web.filter.DelegatingFilterProxy.doFilter(DelegatingFilterProxy.java:278) ~[spring-web-6.2.1.jar!/:6.2.1]
	at org.apache.catalina.core.ApplicationFilterChain.internalDoFilter(ApplicationFilterChain.java:164) ~[tomcat-embed-core-10.1.34.jar!/:na]
	at org.apache.catalina.core.ApplicationFilterChain.doFilter(ApplicationFilterChain.java:140) ~[tomcat-embed-core-10.1.34.jar!/:na]
	at org.springframework.web.filter.CharacterEncodingFilter.doFilterInternal(CharacterEncodingFilter.java:201) ~[spring-web-6.2.1.jar!/:6.2.1]
	at org.springframework.web.filter.OncePerRequestFilter.doFilter(OncePerRequestFilter.java:116) ~[spring-web-6.2.1.jar!/:6.2.1]
	at org.apache.catalina.core.ApplicationFilterChain.internalDoFilter(ApplicationFilterChain.java:164) ~[tomcat-embed-core-10.1.34.jar!/:na]
	at org.apache.catalina.core.ApplicationFilterChain.doFilter(ApplicationFilterChain.java:140) ~[tomcat-embed-core-10.1.34.jar!/:na]
	at org.apache.catalina.core.StandardWrapperValve.invoke(StandardWrapperValve.java:167) ~[tomcat-embed-core-10.1.34.jar!/:na]
	at org.apache.catalina.core.StandardContextValve.invoke(StandardContextValve.java:90) ~[tomcat-embed-core-10.1.34.jar!/:na]
	at org.apache.catalina.authenticator.AuthenticatorBase.invoke(AuthenticatorBase.java:483) ~[tomcat-embed-core-10.1.34.jar!/:na]
	at org.apache.catalina.core.StandardHostValve.invoke(StandardHostValve.java:115) ~[tomcat-embed-core-10.1.34.jar!/:na]
	at org.apache.catalina.valves.ErrorReportValve.invoke(ErrorReportValve.java:93) ~[tomcat-embed-core-10.1.34.jar!/:na]
	at org.apache.catalina.core.StandardEngineValve.invoke(StandardEngineValve.java:74) ~[tomcat-embed-core-10.1.34.jar!/:na]
	at org.apache.catalina.connector.CoyoteAdapter.service(CoyoteAdapter.java:344) ~[tomcat-embed-core-10.1.34.jar!/:na]
	at org.apache.coyote.http11.Http11Processor.service(Http11Processor.java:397) ~[tomcat-embed-core-10.1.34.jar!/:na]
	at org.apache.coyote.AbstractProcessorLight.process(AbstractProcessorLight.java:63) ~[tomcat-embed-core-10.1.34.jar!/:na]
	at org.apache.coyote.AbstractProtocol$ConnectionHandler.process(AbstractProtocol.java:905) ~[tomcat-embed-core-10.1.34.jar!/:na]
	at org.apache.tomcat.util.net.NioEndpoint$SocketProcessor.doRun(NioEndpoint.java:1741) ~[tomcat-embed-core-10.1.34.jar!/:na]
	at org.apache.tomcat.util.net.SocketProcessorBase.run(SocketProcessorBase.java:52) ~[tomcat-embed-core-10.1.34.jar!/:na]
	at org.apache.tomcat.util.threads.ThreadPoolExecutor.runWorker(ThreadPoolExecutor.java:1190) ~[tomcat-embed-core-10.1.34.jar!/:na]
	at org.apache.tomcat.util.threads.ThreadPoolExecutor$Worker.run(ThreadPoolExecutor.java:659) ~[tomcat-embed-core-10.1.34.jar!/:na]
	at org.apache.tomcat.util.threads.TaskThread$WrappingRunnable.run(TaskThread.java:63) ~[tomcat-embed-core-10.1.34.jar!/:na]
	at java.base/java.lang.Thread.run(Thread.java:1474) ~[na:na]

2026-04-28T17:54:55.811+08:00  INFO 62580 --- [user-portal-service] [reshExecutor-%d] com.netflix.discovery.DiscoveryClient    : Disable delta property : false
2026-04-28T17:54:55.813+08:00  INFO 62580 --- [user-portal-service] [reshExecutor-%d] com.netflix.discovery.DiscoveryClient    : Single vip registry refresh property : null
2026-04-28T17:54:55.813+08:00  INFO 62580 --- [user-portal-service] [reshExecutor-%d] com.netflix.discovery.DiscoveryClient    : Force full registry fetch : false
2026-04-28T17:54:55.813+08:00  INFO 62580 --- [user-portal-service] [reshExecutor-%d] com.netflix.discovery.DiscoveryClient    : Application is null : false
2026-04-28T17:54:55.813+08:00  INFO 62580 --- [user-portal-service] [reshExecutor-%d] com.netflix.discovery.DiscoveryClient    : Registered Applications size is zero : true
2026-04-28T17:54:55.813+08:00  INFO 62580 --- [user-portal-service] [reshExecutor-%d] com.netflix.discovery.DiscoveryClient    : Application version is -1: false
2026-04-28T17:54:55.813+08:00  INFO 62580 --- [user-portal-service] [reshExecutor-%d] com.netflix.discovery.DiscoveryClient    : Getting all instance registry info from the eureka server
2026-04-28T17:54:55.838+08:00  INFO 62580 --- [user-portal-service] [reshExecutor-%d] com.netflix.discovery.DiscoveryClient    : The response status is 200
2026-04-28T17:59:25.661+08:00  INFO 62580 --- [user-portal-service] [rap-executor-%d] c.n.d.s.r.aws.ConfigClusterResolver      : Resolving eureka endpoints via configuration
2026-04-28T18:04:25.683+08:00  INFO 62580 --- [user-portal-service] [rap-executor-%d] c.n.d.s.r.aws.ConfigClusterResolver      : Resolving eureka endpoints via configuration
2026-04-28T18:09:25.695+08:00  INFO 62580 --- [user-portal-service] [rap-executor-%d] c.n.d.s.r.aws.ConfigClusterResolver      : Resolving eureka endpoints via configuration
2026-04-28T18:14:25.704+08:00  INFO 62580 --- [user-portal-service] [rap-executor-%d] c.n.d.s.r.aws.ConfigClusterResolver      : Resolving eureka endpoints via configuration
2026-04-28T18:19:25.716+08:00  INFO 62580 --- [user-portal-service] [rap-executor-%d] c.n.d.s.r.aws.ConfigClusterResolver      : Resolving eureka endpoints via configuration
2026-04-28T18:24:25.727+08:00  INFO 62580 --- [user-portal-service] [rap-executor-%d] c.n.d.s.r.aws.ConfigClusterResolver      : Resolving eureka endpoints via configuration
2026-04-28T18:29:25.738+08:00  INFO 62580 --- [user-portal-service] [rap-executor-%d] c.n.d.s.r.aws.ConfigClusterResolver      : Resolving eureka endpoints via configuration
2026-04-28T18:34:25.747+08:00  INFO 62580 --- [user-portal-service] [rap-executor-%d] c.n.d.s.r.aws.ConfigClusterResolver      : Resolving eureka endpoints via configuration
2026-04-28T18:39:25.758+08:00  INFO 62580 --- [user-portal-service] [rap-executor-%d] c.n.d.s.r.aws.ConfigClusterResolver      : Resolving eureka endpoints via configuration
2026-04-28T18:44:25.767+08:00  INFO 62580 --- [user-portal-service] [rap-executor-%d] c.n.d.s.r.aws.ConfigClusterResolver      : Resolving eureka endpoints via configuration
2026-04-28T18:49:25.779+08:00  INFO 62580 --- [user-portal-service] [rap-executor-%d] c.n.d.s.r.aws.ConfigClusterResolver      : Resolving eureka endpoints via configuration
2026-04-28T18:54:25.792+08:00  INFO 62580 --- [user-portal-service] [rap-executor-%d] c.n.d.s.r.aws.ConfigClusterResolver      : Resolving eureka endpoints via configuration
2026-04-28T18:59:25.805+08:00  INFO 62580 --- [user-portal-service] [rap-executor-%d] c.n.d.s.r.aws.ConfigClusterResolver      : Resolving eureka endpoints via configuration
2026-04-28T19:04:25.816+08:00  INFO 62580 --- [user-portal-service] [rap-executor-%d] c.n.d.s.r.aws.ConfigClusterResolver      : Resolving eureka endpoints via configuration
2026-04-28T19:09:25.824+08:00  INFO 62580 --- [user-portal-service] [rap-executor-%d] c.n.d.s.r.aws.ConfigClusterResolver      : Resolving eureka endpoints via configuration
2026-04-28T19:14:25.834+08:00  INFO 62580 --- [user-portal-service] [rap-executor-%d] c.n.d.s.r.aws.ConfigClusterResolver      : Resolving eureka endpoints via configuration
2026-04-28T19:19:25.846+08:00  INFO 62580 --- [user-portal-service] [rap-executor-%d] c.n.d.s.r.aws.ConfigClusterResolver      : Resolving eureka endpoints via configuration
2026-04-28T19:24:25.861+08:00  INFO 62580 --- [user-portal-service] [rap-executor-%d] c.n.d.s.r.aws.ConfigClusterResolver      : Resolving eureka endpoints via configuration
2026-04-28T19:29:25.877+08:00  INFO 62580 --- [user-portal-service] [rap-executor-%d] c.n.d.s.r.aws.ConfigClusterResolver      : Resolving eureka endpoints via configuration
2026-04-28T19:34:25.879+08:00  INFO 62580 --- [user-portal-service] [rap-executor-%d] c.n.d.s.r.aws.ConfigClusterResolver      : Resolving eureka endpoints via configuration
2026-04-28T19:39:25.896+08:00  INFO 62580 --- [user-portal-service] [rap-executor-%d] c.n.d.s.r.aws.ConfigClusterResolver      : Resolving eureka endpoints via configuration
2026-04-28T19:44:25.911+08:00  INFO 62580 --- [user-portal-service] [rap-executor-%d] c.n.d.s.r.aws.ConfigClusterResolver      : Resolving eureka endpoints via configuration
2026-04-28T19:49:25.925+08:00  INFO 62580 --- [user-portal-service] [rap-executor-%d] c.n.d.s.r.aws.ConfigClusterResolver      : Resolving eureka endpoints via configuration
2026-04-28T19:54:25.942+08:00  INFO 62580 --- [user-portal-service] [rap-executor-%d] c.n.d.s.r.aws.ConfigClusterResolver      : Resolving eureka endpoints via configuration
2026-04-28T19:59:25.955+08:00  INFO 62580 --- [user-portal-service] [rap-executor-%d] c.n.d.s.r.aws.ConfigClusterResolver      : Resolving eureka endpoints via configuration
2026-04-28T20:04:25.964+08:00  INFO 62580 --- [user-portal-service] [rap-executor-%d] c.n.d.s.r.aws.ConfigClusterResolver      : Resolving eureka endpoints via configuration
2026-04-28T20:09:25.977+08:00  INFO 62580 --- [user-portal-service] [rap-executor-%d] c.n.d.s.r.aws.ConfigClusterResolver      : Resolving eureka endpoints via configuration
2026-04-28T20:14:25.990+08:00  INFO 62580 --- [user-portal-service] [rap-executor-%d] c.n.d.s.r.aws.ConfigClusterResolver      : Resolving eureka endpoints via configuration
2026-04-28T20:19:26.006+08:00  INFO 62580 --- [user-portal-service] [rap-executor-%d] c.n.d.s.r.aws.ConfigClusterResolver      : Resolving eureka endpoints via configuration
2026-04-28T20:24:26.024+08:00  INFO 62580 --- [user-portal-service] [rap-executor-%d] c.n.d.s.r.aws.ConfigClusterResolver      : Resolving eureka endpoints via configuration
2026-04-28T20:29:26.037+08:00  INFO 62580 --- [user-portal-service] [rap-executor-%d] c.n.d.s.r.aws.ConfigClusterResolver      : Resolving eureka endpoints via configuration
2026-04-28T20:34:26.045+08:00  INFO 62580 --- [user-portal-service] [rap-executor-%d] c.n.d.s.r.aws.ConfigClusterResolver      : Resolving eureka endpoints via configuration
2026-04-28T20:39:26.054+08:00  INFO 62580 --- [user-portal-service] [rap-executor-%d] c.n.d.s.r.aws.ConfigClusterResolver      : Resolving eureka endpoints via configuration
2026-04-28T20:44:26.064+08:00  INFO 62580 --- [user-portal-service] [rap-executor-%d] c.n.d.s.r.aws.ConfigClusterResolver      : Resolving eureka endpoints via configuration
2026-04-28T20:49:26.076+08:00  INFO 62580 --- [user-portal-service] [rap-executor-%d] c.n.d.s.r.aws.ConfigClusterResolver      : Resolving eureka endpoints via configuration
2026-04-28T20:54:26.088+08:00  INFO 62580 --- [user-portal-service] [rap-executor-%d] c.n.d.s.r.aws.ConfigClusterResolver      : Resolving eureka endpoints via configuration
2026-04-28T20:59:26.097+08:00  INFO 62580 --- [user-portal-service] [rap-executor-%d] c.n.d.s.r.aws.ConfigClusterResolver      : Resolving eureka endpoints via configuration
2026-04-28T21:04:26.107+08:00  INFO 62580 --- [user-portal-service] [rap-executor-%d] c.n.d.s.r.aws.ConfigClusterResolver      : Resolving eureka endpoints via configuration
2026-04-28T21:09:26.115+08:00  INFO 62580 --- [user-portal-service] [rap-executor-%d] c.n.d.s.r.aws.ConfigClusterResolver      : Resolving eureka endpoints via configuration
2026-04-28T21:14:26.121+08:00  INFO 62580 --- [user-portal-service] [rap-executor-%d] c.n.d.s.r.aws.ConfigClusterResolver      : Resolving eureka endpoints via configuration
2026-04-28T21:19:26.133+08:00  INFO 62580 --- [user-portal-service] [rap-executor-%d] c.n.d.s.r.aws.ConfigClusterResolver      : Resolving eureka endpoints via configuration
2026-04-28T21:24:26.143+08:00  INFO 62580 --- [user-portal-service] [rap-executor-%d] c.n.d.s.r.aws.ConfigClusterResolver      : Resolving eureka endpoints via configuration
2026-04-28T21:29:26.110+08:00  INFO 62580 --- [user-portal-service] [rap-executor-%d] c.n.d.s.r.aws.ConfigClusterResolver      : Resolving eureka endpoints via configuration
2026-04-28T21:34:26.122+08:00  INFO 62580 --- [user-portal-service] [rap-executor-%d] c.n.d.s.r.aws.ConfigClusterResolver      : Resolving eureka endpoints via configuration
2026-04-28T21:39:26.131+08:00  INFO 62580 --- [user-portal-service] [rap-executor-%d] c.n.d.s.r.aws.ConfigClusterResolver      : Resolving eureka endpoints via configuration
2026-04-28T21:44:26.136+08:00  INFO 62580 --- [user-portal-service] [rap-executor-%d] c.n.d.s.r.aws.ConfigClusterResolver      : Resolving eureka endpoints via configuration
2026-04-28T21:49:26.147+08:00  INFO 62580 --- [user-portal-service] [rap-executor-%d] c.n.d.s.r.aws.ConfigClusterResolver      : Resolving eureka endpoints via configuration
2026-04-28T21:54:26.155+08:00  INFO 62580 --- [user-portal-service] [rap-executor-%d] c.n.d.s.r.aws.ConfigClusterResolver      : Resolving eureka endpoints via configuration
2026-04-28T21:59:26.164+08:00  INFO 62580 --- [user-portal-service] [rap-executor-%d] c.n.d.s.r.aws.ConfigClusterResolver      : Resolving eureka endpoints via configuration
2026-04-28T22:04:26.174+08:00  INFO 62580 --- [user-portal-service] [rap-executor-%d] c.n.d.s.r.aws.ConfigClusterResolver      : Resolving eureka endpoints via configuration
2026-04-28T22:09:26.184+08:00  INFO 62580 --- [user-portal-service] [rap-executor-%d] c.n.d.s.r.aws.ConfigClusterResolver      : Resolving eureka endpoints via configuration
2026-04-28T22:14:26.192+08:00  INFO 62580 --- [user-portal-service] [rap-executor-%d] c.n.d.s.r.aws.ConfigClusterResolver      : Resolving eureka endpoints via configuration
2026-04-28T22:19:26.201+08:00  INFO 62580 --- [user-portal-service] [rap-executor-%d] c.n.d.s.r.aws.ConfigClusterResolver      : Resolving eureka endpoints via configuration
2026-04-28T22:24:26.207+08:00  INFO 62580 --- [user-portal-service] [rap-executor-%d] c.n.d.s.r.aws.ConfigClusterResolver      : Resolving eureka endpoints via configuration
2026-04-28T22:29:26.209+08:00  INFO 62580 --- [user-portal-service] [rap-executor-%d] c.n.d.s.r.aws.ConfigClusterResolver      : Resolving eureka endpoints via configuration
2026-04-28T22:34:26.215+08:00  INFO 62580 --- [user-portal-service] [rap-executor-%d] c.n.d.s.r.aws.ConfigClusterResolver      : Resolving eureka endpoints via configuration
2026-04-28T22:39:26.221+08:00  INFO 62580 --- [user-portal-service] [rap-executor-%d] c.n.d.s.r.aws.ConfigClusterResolver      : Resolving eureka endpoints via configuration
